Started GET "/" for ::1 at 2022-05-14 12:19:03 +0530
  
Gem::LoadError (Specified 'sqlite3' for database adapter, but the gem is not loaded. Add `gem 'sqlite3'` to your Gemfile (and ensure its version is at the minimum required by ActiveRecord).):
  
activerecord (5.0.7.2) lib/active_record/connection_adapters/connection_specification.rb:176:in `rescue in spec'
activerecord (5.0.7.2) lib/active_record/connection_adapters/connection_specification.rb:173:in `spec'
activerecord (5.0.7.2) lib/active_record/connection_handling.rb:53:in `establish_connection'
activerecord (5.0.7.2) lib/active_record/railtie.rb:125:in `block (2 levels) in <class:Railtie>'
activesupport (5.0.7.2) lib/active_support/lazy_load_hooks.rb:69:in `instance_eval'
activesupport (5.0.7.2) lib/active_support/lazy_load_hooks.rb:69:in `block in execute_hook'
activesupport (5.0.7.2) lib/active_support/lazy_load_hooks.rb:60:in `with_execution_control'
activesupport (5.0.7.2) lib/active_support/lazy_load_hooks.rb:65:in `execute_hook'
activesupport (5.0.7.2) lib/active_support/lazy_load_hooks.rb:50:in `block in run_load_hooks'
activesupport (5.0.7.2) lib/active_support/lazy_load_hooks.rb:49:in `each'
activesupport (5.0.7.2) lib/active_support/lazy_load_hooks.rb:49:in `run_load_hooks'
activerecord (5.0.7.2) lib/active_record/base.rb:324:in `<module:ActiveRecord>'
activerecord (5.0.7.2) lib/active_record/base.rb:24:in `<top (required)>'
activesupport (5.0.7.2) lib/active_support/dependencies.rb:293:in `require'
activesupport (5.0.7.2) lib/active_support/dependencies.rb:293:in `block in require'
activesupport (5.0.7.2) lib/active_support/dependencies.rb:259:in `load_dependency'
activesupport (5.0.7.2) lib/active_support/dependencies.rb:293:in `require'
activerecord (5.0.7.2) lib/active_record/migration.rb:559:in `connection'
activerecord (5.0.7.2) lib/active_record/migration.rb:546:in `call'
actionpack (5.0.7.2) lib/action_dispatch/middleware/callbacks.rb:38:in `block in call'
activesupport (5.0.7.2) lib/active_support/callbacks.rb:97:in `__run_callbacks__'
activesupport (5.0.7.2) lib/active_support/callbacks.rb:750:in `_run_call_callbacks'
activesupport (5.0.7.2) lib/active_support/callbacks.rb:90:in `run_callbacks'
actionpack (5.0.7.2) lib/action_dispatch/middleware/callbacks.rb:36:in `call'
actionpack (5.0.7.2) lib/action_dispatch/middleware/executor.rb:12:in `call'
actionpack (5.0.7.2) lib/action_dispatch/middleware/remote_ip.rb:79:in `call'
actionpack (5.0.7.2) lib/action_dispatch/middleware/debug_exceptions.rb:49:in `call'
web-console (3.7.0) lib/web_console/middleware.rb:135:in `call_app'
web-console (3.7.0) lib/web_console/middleware.rb:30:in `block in call'
web-console (3.7.0) lib/web_console/middleware.rb:20:in `catch'
web-console (3.7.0) lib/web_console/middleware.rb:20:in `call'
actionpack (5.0.7.2) lib/action_dispatch/middleware/show_exceptions.rb:31:in `call'
railties (5.0.7.2) lib/rails/rack/logger.rb:36:in `call_app'
railties (5.0.7.2) lib/rails/rack/logger.rb:24:in `block in call'
activesupport (5.0.7.2) lib/active_support/tagged_logging.rb:69:in `block in tagged'
activesupport (5.0.7.2) lib/active_support/tagged_logging.rb:26:in `tagged'
activesupport (5.0.7.2) lib/active_support/tagged_logging.rb:69:in `tagged'
railties (5.0.7.2) lib/rails/rack/logger.rb:24:in `call'
sprockets-rails (3.2.2) lib/sprockets/rails/quiet_assets.rb:13:in `call'
actionpack (5.0.7.2) lib/action_dispatch/middleware/request_id.rb:24:in `call'
rack (2.2.3) lib/rack/method_override.rb:24:in `call'
rack (2.2.3) lib/rack/runtime.rb:22:in `call'
activesupport (5.0.7.2) lib/active_support/cache/strategy/local_cache_middleware.rb:28:in `call'
actionpack (5.0.7.2) lib/action_dispatch/middleware/executor.rb:12:in `call'
actionpack (5.0.7.2) lib/action_dispatch/middleware/static.rb:136:in `call'
rack (2.2.3) lib/rack/sendfile.rb:110:in `call'
railties (5.0.7.2) lib/rails/engine.rb:522:in `call'
puma (3.12.6) lib/puma/configuration.rb:227:in `call'
puma (3.12.6) lib/puma/server.rb:706:in `handle_request'
puma (3.12.6) lib/puma/server.rb:476:in `process_client'
puma (3.12.6) lib/puma/server.rb:334:in `block in run'
puma (3.12.6) lib/puma/thread_pool.rb:135:in `block in spawn_thread'
  Rendering /usr/local/rvm/gems/ruby-2.5.0-ruuby/gems/actionpack-5.0.7.2/lib/action_dispatch/middleware/templates/rescues/diagnostics.html.erb within rescues/layout
  Rendering /usr/local/rvm/gems/ruby-2.5.0-ruuby/gems/actionpack-5.0.7.2/lib/action_dispatch/middleware/templates/rescues/_source.html.erb
  Rendered /usr/local/rvm/gems/ruby-2.5.0-ruuby/gems/actionpack-5.0.7.2/lib/action_dispatch/middleware/templates/rescues/_source.html.erb (1.5ms)
  Rendering /usr/local/rvm/gems/ruby-2.5.0-ruuby/gems/actionpack-5.0.7.2/lib/action_dispatch/middleware/templates/rescues/_trace.html.erb
  Rendered /usr/local/rvm/gems/ruby-2.5.0-ruuby/gems/actionpack-5.0.7.2/lib/action_dispatch/middleware/templates/rescues/_trace.html.erb (0.8ms)
  Rendering /usr/local/rvm/gems/ruby-2.5.0-ruuby/gems/actionpack-5.0.7.2/lib/action_dispatch/middleware/templates/rescues/_request_and_response.html.erb
  Rendered /usr/local/rvm/gems/ruby-2.5.0-ruuby/gems/actionpack-5.0.7.2/lib/action_dispatch/middleware/templates/rescues/_request_and_response.html.erb (4.8ms)
  Rendered /usr/local/rvm/gems/ruby-2.5.0-ruuby/gems/actionpack-5.0.7.2/lib/action_dispatch/middleware/templates/rescues/diagnostics.html.erb within rescues/layout (32.1ms)
  [1m[35m (3.3ms)[0m  [1m[35mCREATE TABLE "schema_migrations" ("version" varchar NOT NULL PRIMARY KEY)[0m
  [1m[35m (3.4ms)[0m  [1m[35mCREATE TABLE "ar_internal_metadata" ("key" varchar NOT NULL PRIMARY KEY, "value" varchar, "created_at" datetime NOT NULL, "updated_at" datetime NOT NULL)[0m
  [1m[36mActiveRecord::InternalMetadata Load (0.1ms)[0m  [1m[34mSELECT  "ar_internal_metadata".* FROM "ar_internal_metadata" WHERE "ar_internal_metadata"."key" = ? LIMIT ?[0m  [["key", "environment"], ["LIMIT", 1]]
  [1m[35m (0.0ms)[0m  [1m[36mbegin transaction[0m
  [1m[35mSQL (0.2ms)[0m  [1m[32mINSERT INTO "ar_internal_metadata" ("key", "value", "created_at", "updated_at") VALUES (?, ?, ?, ?)[0m  [["key", "environment"], ["value", "development"], ["created_at", "2022-05-14 07:04:06.014082"], ["updated_at", "2022-05-14 07:04:06.014082"]]
  [1m[35m (2.5ms)[0m  [1m[36mcommit transaction[0m
  [1m[36mActiveRecord::SchemaMigration Load (0.0ms)[0m  [1m[34mSELECT "schema_migrations".* FROM "schema_migrations"[0m
Started GET "/" for ::1 at 2022-05-14 12:34:57 +0530
Processing by Rails::WelcomeController#index as HTML
  Parameters: {"internal"=>true}
  Rendering /usr/local/rvm/gems/ruby-2.5.0-ruuby/gems/railties-5.0.7.2/lib/rails/templates/rails/welcome/index.html.erb
  Rendered /usr/local/rvm/gems/ruby-2.5.0-ruuby/gems/railties-5.0.7.2/lib/rails/templates/rails/welcome/index.html.erb (3.6ms)
Completed 200 OK in 13ms (Views: 6.2ms | ActiveRecord: 0.0ms)


  [1m[36mActiveRecord::SchemaMigration Load (0.1ms)[0m  [1m[34mSELECT "schema_migrations".* FROM "schema_migrations"[0m
Migrating to CreateUsers (20220514072158)
  [1m[35m (0.1ms)[0m  [1m[36mbegin transaction[0m
  [1m[35m (0.4ms)[0m  [1m[35mCREATE TABLE "users" ("id" INTEGER PRIMARY KEY AUTOINCREMENT NOT NULL, "user_name" varchar, "created_at" datetime NOT NULL, "updated_at" datetime NOT NULL)[0m
  [1m[35mSQL (0.2ms)[0m  [1m[32mINSERT INTO "schema_migrations" ("version") VALUES (?)[0m  [["version", "20220514072158"]]
  [1m[35m (5.9ms)[0m  [1m[36mcommit transaction[0m
  [1m[36mActiveRecord::InternalMetadata Load (0.1ms)[0m  [1m[34mSELECT  "ar_internal_metadata".* FROM "ar_internal_metadata" WHERE "ar_internal_metadata"."key" = ? LIMIT ?[0m  [["key", "environment"], ["LIMIT", 1]]
  [1m[35m (0.0ms)[0m  [1m[36mbegin transaction[0m
  [1m[35m (0.0ms)[0m  [1m[36mcommit transaction[0m
  [1m[36mActiveRecord::SchemaMigration Load (0.1ms)[0m  [1m[34mSELECT "schema_migrations".* FROM "schema_migrations"[0m
  [1m[36mUser Load (0.1ms)[0m  [1m[34mSELECT  "users".* FROM "users" ORDER BY "users"."id" DESC LIMIT ?[0m  [["LIMIT", 1]]
  [1m[36mActiveRecord::SchemaMigration Load (0.1ms)[0m  [1m[34mSELECT "schema_migrations".* FROM "schema_migrations"[0m
Migrating to CreateShorthenUrls (20220514072424)
  [1m[35m (0.0ms)[0m  [1m[36mbegin transaction[0m
  [1m[35m (0.0ms)[0m  [1m[31mrollback transaction[0m
  [1m[36mActiveRecord::SchemaMigration Load (0.1ms)[0m  [1m[34mSELECT "schema_migrations".* FROM "schema_migrations"[0m
Migrating to CreateShorthenUrls (20220514072424)
  [1m[35m (0.0ms)[0m  [1m[36mbegin transaction[0m
  [1m[35m (0.3ms)[0m  [1m[35mCREATE TABLE "shorthen_urls" ("id" INTEGER PRIMARY KEY AUTOINCREMENT NOT NULL, "short_url" varchar, "expire_at" datetime, "original_url" varchar, "user_id" integer, "created_at" datetime NOT NULL, "updated_at" datetime NOT NULL)[0m
  [1m[35m (0.0ms)[0m  [1m[34mselect sqlite_version(*)[0m
  [1m[35m (0.9ms)[0m  [1m[35mCREATE  INDEX "index_shorthen_urls_on_user_id" ON "shorthen_urls" ("user_id")[0m
  [1m[35mSQL (0.1ms)[0m  [1m[32mINSERT INTO "schema_migrations" ("version") VALUES (?)[0m  [["version", "20220514072424"]]
  [1m[35m (7.5ms)[0m  [1m[36mcommit transaction[0m
  [1m[36mActiveRecord::InternalMetadata Load (0.1ms)[0m  [1m[34mSELECT  "ar_internal_metadata".* FROM "ar_internal_metadata" WHERE "ar_internal_metadata"."key" = ? LIMIT ?[0m  [["key", "environment"], ["LIMIT", 1]]
  [1m[35m (0.1ms)[0m  [1m[36mbegin transaction[0m
  [1m[35m (0.0ms)[0m  [1m[36mcommit transaction[0m
  [1m[36mActiveRecord::SchemaMigration Load (0.0ms)[0m  [1m[34mSELECT "schema_migrations".* FROM "schema_migrations"[0m
  [1m[35m (0.0ms)[0m  [1m[34m            SELECT sql
            FROM sqlite_master
            WHERE name='index_shorthen_urls_on_user_id' AND type='index'
            UNION ALL
            SELECT sql
            FROM sqlite_temp_master
            WHERE name='index_shorthen_urls_on_user_id' AND type='index'
[0m
Started GET "/" for ::1 at 2022-05-15 10:36:22 +0530
  [1m[36mActiveRecord::SchemaMigration Load (0.1ms)[0m  [1m[34mSELECT "schema_migrations".* FROM "schema_migrations"[0m
  
AbstractController::ActionNotFound (The action 'no_login' could not be found for UrlController):
  
actionpack (5.0.7.2) lib/abstract_controller/base.rb:121:in `process'
actionview (5.0.7.2) lib/action_view/rendering.rb:30:in `process'
actionpack (5.0.7.2) lib/action_controller/metal.rb:190:in `dispatch'
actionpack (5.0.7.2) lib/action_controller/metal.rb:262:in `dispatch'
actionpack (5.0.7.2) lib/action_dispatch/routing/route_set.rb:50:in `dispatch'
actionpack (5.0.7.2) lib/action_dispatch/routing/route_set.rb:32:in `serve'
actionpack (5.0.7.2) lib/action_dispatch/journey/router.rb:39:in `block in serve'
actionpack (5.0.7.2) lib/action_dispatch/journey/router.rb:26:in `each'
actionpack (5.0.7.2) lib/action_dispatch/journey/router.rb:26:in `serve'
actionpack (5.0.7.2) lib/action_dispatch/routing/route_set.rb:727:in `call'
rack (2.2.3) lib/rack/etag.rb:27:in `call'
rack (2.2.3) lib/rack/conditional_get.rb:27:in `call'
rack (2.2.3) lib/rack/head.rb:12:in `call'
rack (2.2.3) lib/rack/session/abstract/id.rb:266:in `context'
rack (2.2.3) lib/rack/session/abstract/id.rb:260:in `call'
actionpack (5.0.7.2) lib/action_dispatch/middleware/cookies.rb:613:in `call'
activerecord (5.0.7.2) lib/active_record/migration.rb:553:in `call'
actionpack (5.0.7.2) lib/action_dispatch/middleware/callbacks.rb:38:in `block in call'
activesupport (5.0.7.2) lib/active_support/callbacks.rb:97:in `__run_callbacks__'
activesupport (5.0.7.2) lib/active_support/callbacks.rb:750:in `_run_call_callbacks'
activesupport (5.0.7.2) lib/active_support/callbacks.rb:90:in `run_callbacks'
actionpack (5.0.7.2) lib/action_dispatch/middleware/callbacks.rb:36:in `call'
actionpack (5.0.7.2) lib/action_dispatch/middleware/executor.rb:12:in `call'
actionpack (5.0.7.2) lib/action_dispatch/middleware/remote_ip.rb:79:in `call'
actionpack (5.0.7.2) lib/action_dispatch/middleware/debug_exceptions.rb:49:in `call'
web-console (3.7.0) lib/web_console/middleware.rb:135:in `call_app'
web-console (3.7.0) lib/web_console/middleware.rb:30:in `block in call'
web-console (3.7.0) lib/web_console/middleware.rb:20:in `catch'
web-console (3.7.0) lib/web_console/middleware.rb:20:in `call'
actionpack (5.0.7.2) lib/action_dispatch/middleware/show_exceptions.rb:31:in `call'
railties (5.0.7.2) lib/rails/rack/logger.rb:36:in `call_app'
railties (5.0.7.2) lib/rails/rack/logger.rb:24:in `block in call'
activesupport (5.0.7.2) lib/active_support/tagged_logging.rb:69:in `block in tagged'
activesupport (5.0.7.2) lib/active_support/tagged_logging.rb:26:in `tagged'
activesupport (5.0.7.2) lib/active_support/tagged_logging.rb:69:in `tagged'
railties (5.0.7.2) lib/rails/rack/logger.rb:24:in `call'
sprockets-rails (3.2.2) lib/sprockets/rails/quiet_assets.rb:13:in `call'
actionpack (5.0.7.2) lib/action_dispatch/middleware/request_id.rb:24:in `call'
rack (2.2.3) lib/rack/method_override.rb:24:in `call'
rack (2.2.3) lib/rack/runtime.rb:22:in `call'
activesupport (5.0.7.2) lib/active_support/cache/strategy/local_cache_middleware.rb:28:in `call'
actionpack (5.0.7.2) lib/action_dispatch/middleware/executor.rb:12:in `call'
actionpack (5.0.7.2) lib/action_dispatch/middleware/static.rb:136:in `call'
rack (2.2.3) lib/rack/sendfile.rb:110:in `call'
railties (5.0.7.2) lib/rails/engine.rb:522:in `call'
puma (3.12.6) lib/puma/configuration.rb:227:in `call'
puma (3.12.6) lib/puma/server.rb:706:in `handle_request'
puma (3.12.6) lib/puma/server.rb:476:in `process_client'
puma (3.12.6) lib/puma/server.rb:334:in `block in run'
puma (3.12.6) lib/puma/thread_pool.rb:135:in `block in spawn_thread'
  Rendering /usr/local/rvm/gems/ruby-2.5.0-ruuby/gems/actionpack-5.0.7.2/lib/action_dispatch/middleware/templates/rescues/unknown_action.html.erb within rescues/layout
  Rendered /usr/local/rvm/gems/ruby-2.5.0-ruuby/gems/actionpack-5.0.7.2/lib/action_dispatch/middleware/templates/rescues/unknown_action.html.erb within rescues/layout (3.9ms)
Started GET "/" for ::1 at 2022-05-15 10:37:10 +0530
  
AbstractController::ActionNotFound (The action 'no_login' could not be found for UrlController):
  
actionpack (5.0.7.2) lib/abstract_controller/base.rb:121:in `process'
actionview (5.0.7.2) lib/action_view/rendering.rb:30:in `process'
actionpack (5.0.7.2) lib/action_controller/metal.rb:190:in `dispatch'
actionpack (5.0.7.2) lib/action_controller/metal.rb:262:in `dispatch'
actionpack (5.0.7.2) lib/action_dispatch/routing/route_set.rb:50:in `dispatch'
actionpack (5.0.7.2) lib/action_dispatch/routing/route_set.rb:32:in `serve'
actionpack (5.0.7.2) lib/action_dispatch/journey/router.rb:39:in `block in serve'
actionpack (5.0.7.2) lib/action_dispatch/journey/router.rb:26:in `each'
actionpack (5.0.7.2) lib/action_dispatch/journey/router.rb:26:in `serve'
actionpack (5.0.7.2) lib/action_dispatch/routing/route_set.rb:727:in `call'
rack (2.2.3) lib/rack/etag.rb:27:in `call'
rack (2.2.3) lib/rack/conditional_get.rb:27:in `call'
rack (2.2.3) lib/rack/head.rb:12:in `call'
rack (2.2.3) lib/rack/session/abstract/id.rb:266:in `context'
rack (2.2.3) lib/rack/session/abstract/id.rb:260:in `call'
actionpack (5.0.7.2) lib/action_dispatch/middleware/cookies.rb:613:in `call'
activerecord (5.0.7.2) lib/active_record/migration.rb:553:in `call'
actionpack (5.0.7.2) lib/action_dispatch/middleware/callbacks.rb:38:in `block in call'
activesupport (5.0.7.2) lib/active_support/callbacks.rb:97:in `__run_callbacks__'
activesupport (5.0.7.2) lib/active_support/callbacks.rb:750:in `_run_call_callbacks'
activesupport (5.0.7.2) lib/active_support/callbacks.rb:90:in `run_callbacks'
actionpack (5.0.7.2) lib/action_dispatch/middleware/callbacks.rb:36:in `call'
actionpack (5.0.7.2) lib/action_dispatch/middleware/executor.rb:12:in `call'
actionpack (5.0.7.2) lib/action_dispatch/middleware/remote_ip.rb:79:in `call'
actionpack (5.0.7.2) lib/action_dispatch/middleware/debug_exceptions.rb:49:in `call'
web-console (3.7.0) lib/web_console/middleware.rb:135:in `call_app'
web-console (3.7.0) lib/web_console/middleware.rb:30:in `block in call'
web-console (3.7.0) lib/web_console/middleware.rb:20:in `catch'
web-console (3.7.0) lib/web_console/middleware.rb:20:in `call'
actionpack (5.0.7.2) lib/action_dispatch/middleware/show_exceptions.rb:31:in `call'
railties (5.0.7.2) lib/rails/rack/logger.rb:36:in `call_app'
railties (5.0.7.2) lib/rails/rack/logger.rb:24:in `block in call'
activesupport (5.0.7.2) lib/active_support/tagged_logging.rb:69:in `block in tagged'
activesupport (5.0.7.2) lib/active_support/tagged_logging.rb:26:in `tagged'
activesupport (5.0.7.2) lib/active_support/tagged_logging.rb:69:in `tagged'
railties (5.0.7.2) lib/rails/rack/logger.rb:24:in `call'
sprockets-rails (3.2.2) lib/sprockets/rails/quiet_assets.rb:13:in `call'
actionpack (5.0.7.2) lib/action_dispatch/middleware/request_id.rb:24:in `call'
rack (2.2.3) lib/rack/method_override.rb:24:in `call'
rack (2.2.3) lib/rack/runtime.rb:22:in `call'
activesupport (5.0.7.2) lib/active_support/cache/strategy/local_cache_middleware.rb:28:in `call'
actionpack (5.0.7.2) lib/action_dispatch/middleware/executor.rb:12:in `call'
actionpack (5.0.7.2) lib/action_dispatch/middleware/static.rb:136:in `call'
rack (2.2.3) lib/rack/sendfile.rb:110:in `call'
railties (5.0.7.2) lib/rails/engine.rb:522:in `call'
puma (3.12.6) lib/puma/configuration.rb:227:in `call'
puma (3.12.6) lib/puma/server.rb:706:in `handle_request'
puma (3.12.6) lib/puma/server.rb:476:in `process_client'
puma (3.12.6) lib/puma/server.rb:334:in `block in run'
puma (3.12.6) lib/puma/thread_pool.rb:135:in `block in spawn_thread'
  Rendering /usr/local/rvm/gems/ruby-2.5.0-ruuby/gems/actionpack-5.0.7.2/lib/action_dispatch/middleware/templates/rescues/unknown_action.html.erb within rescues/layout
  Rendered /usr/local/rvm/gems/ruby-2.5.0-ruuby/gems/actionpack-5.0.7.2/lib/action_dispatch/middleware/templates/rescues/unknown_action.html.erb within rescues/layout (0.3ms)
Started GET "/" for ::1 at 2022-05-15 10:37:33 +0530
  
AbstractController::ActionNotFound (The action 'no_login' could not be found for UrlController):
  
actionpack (5.0.7.2) lib/abstract_controller/base.rb:121:in `process'
actionview (5.0.7.2) lib/action_view/rendering.rb:30:in `process'
actionpack (5.0.7.2) lib/action_controller/metal.rb:190:in `dispatch'
actionpack (5.0.7.2) lib/action_controller/metal.rb:262:in `dispatch'
actionpack (5.0.7.2) lib/action_dispatch/routing/route_set.rb:50:in `dispatch'
actionpack (5.0.7.2) lib/action_dispatch/routing/route_set.rb:32:in `serve'
actionpack (5.0.7.2) lib/action_dispatch/journey/router.rb:39:in `block in serve'
actionpack (5.0.7.2) lib/action_dispatch/journey/router.rb:26:in `each'
actionpack (5.0.7.2) lib/action_dispatch/journey/router.rb:26:in `serve'
actionpack (5.0.7.2) lib/action_dispatch/routing/route_set.rb:727:in `call'
rack (2.2.3) lib/rack/etag.rb:27:in `call'
rack (2.2.3) lib/rack/conditional_get.rb:27:in `call'
rack (2.2.3) lib/rack/head.rb:12:in `call'
rack (2.2.3) lib/rack/session/abstract/id.rb:266:in `context'
rack (2.2.3) lib/rack/session/abstract/id.rb:260:in `call'
actionpack (5.0.7.2) lib/action_dispatch/middleware/cookies.rb:613:in `call'
activerecord (5.0.7.2) lib/active_record/migration.rb:553:in `call'
actionpack (5.0.7.2) lib/action_dispatch/middleware/callbacks.rb:38:in `block in call'
activesupport (5.0.7.2) lib/active_support/callbacks.rb:97:in `__run_callbacks__'
activesupport (5.0.7.2) lib/active_support/callbacks.rb:750:in `_run_call_callbacks'
activesupport (5.0.7.2) lib/active_support/callbacks.rb:90:in `run_callbacks'
actionpack (5.0.7.2) lib/action_dispatch/middleware/callbacks.rb:36:in `call'
actionpack (5.0.7.2) lib/action_dispatch/middleware/executor.rb:12:in `call'
actionpack (5.0.7.2) lib/action_dispatch/middleware/remote_ip.rb:79:in `call'
actionpack (5.0.7.2) lib/action_dispatch/middleware/debug_exceptions.rb:49:in `call'
web-console (3.7.0) lib/web_console/middleware.rb:135:in `call_app'
web-console (3.7.0) lib/web_console/middleware.rb:30:in `block in call'
web-console (3.7.0) lib/web_console/middleware.rb:20:in `catch'
web-console (3.7.0) lib/web_console/middleware.rb:20:in `call'
actionpack (5.0.7.2) lib/action_dispatch/middleware/show_exceptions.rb:31:in `call'
railties (5.0.7.2) lib/rails/rack/logger.rb:36:in `call_app'
railties (5.0.7.2) lib/rails/rack/logger.rb:24:in `block in call'
activesupport (5.0.7.2) lib/active_support/tagged_logging.rb:69:in `block in tagged'
activesupport (5.0.7.2) lib/active_support/tagged_logging.rb:26:in `tagged'
activesupport (5.0.7.2) lib/active_support/tagged_logging.rb:69:in `tagged'
railties (5.0.7.2) lib/rails/rack/logger.rb:24:in `call'
sprockets-rails (3.2.2) lib/sprockets/rails/quiet_assets.rb:13:in `call'
actionpack (5.0.7.2) lib/action_dispatch/middleware/request_id.rb:24:in `call'
rack (2.2.3) lib/rack/method_override.rb:24:in `call'
rack (2.2.3) lib/rack/runtime.rb:22:in `call'
activesupport (5.0.7.2) lib/active_support/cache/strategy/local_cache_middleware.rb:28:in `call'
actionpack (5.0.7.2) lib/action_dispatch/middleware/executor.rb:12:in `call'
actionpack (5.0.7.2) lib/action_dispatch/middleware/static.rb:136:in `call'
rack (2.2.3) lib/rack/sendfile.rb:110:in `call'
railties (5.0.7.2) lib/rails/engine.rb:522:in `call'
puma (3.12.6) lib/puma/configuration.rb:227:in `call'
puma (3.12.6) lib/puma/server.rb:706:in `handle_request'
puma (3.12.6) lib/puma/server.rb:476:in `process_client'
puma (3.12.6) lib/puma/server.rb:334:in `block in run'
puma (3.12.6) lib/puma/thread_pool.rb:135:in `block in spawn_thread'
  Rendering /usr/local/rvm/gems/ruby-2.5.0-ruuby/gems/actionpack-5.0.7.2/lib/action_dispatch/middleware/templates/rescues/unknown_action.html.erb within rescues/layout
  Rendered /usr/local/rvm/gems/ruby-2.5.0-ruuby/gems/actionpack-5.0.7.2/lib/action_dispatch/middleware/templates/rescues/unknown_action.html.erb within rescues/layout (0.6ms)
Started GET "/" for ::1 at 2022-05-15 10:37:49 +0530
  [1m[36mActiveRecord::SchemaMigration Load (0.2ms)[0m  [1m[34mSELECT "schema_migrations".* FROM "schema_migrations"[0m
  
AbstractController::ActionNotFound (The action 'no_login' could not be found for UrlController):
  
actionpack (5.0.7.2) lib/abstract_controller/base.rb:121:in `process'
actionview (5.0.7.2) lib/action_view/rendering.rb:30:in `process'
actionpack (5.0.7.2) lib/action_controller/metal.rb:190:in `dispatch'
actionpack (5.0.7.2) lib/action_controller/metal.rb:262:in `dispatch'
actionpack (5.0.7.2) lib/action_dispatch/routing/route_set.rb:50:in `dispatch'
actionpack (5.0.7.2) lib/action_dispatch/routing/route_set.rb:32:in `serve'
actionpack (5.0.7.2) lib/action_dispatch/journey/router.rb:39:in `block in serve'
actionpack (5.0.7.2) lib/action_dispatch/journey/router.rb:26:in `each'
actionpack (5.0.7.2) lib/action_dispatch/journey/router.rb:26:in `serve'
actionpack (5.0.7.2) lib/action_dispatch/routing/route_set.rb:727:in `call'
rack (2.2.3) lib/rack/etag.rb:27:in `call'
rack (2.2.3) lib/rack/conditional_get.rb:27:in `call'
rack (2.2.3) lib/rack/head.rb:12:in `call'
rack (2.2.3) lib/rack/session/abstract/id.rb:266:in `context'
rack (2.2.3) lib/rack/session/abstract/id.rb:260:in `call'
actionpack (5.0.7.2) lib/action_dispatch/middleware/cookies.rb:613:in `call'
activerecord (5.0.7.2) lib/active_record/migration.rb:553:in `call'
actionpack (5.0.7.2) lib/action_dispatch/middleware/callbacks.rb:38:in `block in call'
activesupport (5.0.7.2) lib/active_support/callbacks.rb:97:in `__run_callbacks__'
activesupport (5.0.7.2) lib/active_support/callbacks.rb:750:in `_run_call_callbacks'
activesupport (5.0.7.2) lib/active_support/callbacks.rb:90:in `run_callbacks'
actionpack (5.0.7.2) lib/action_dispatch/middleware/callbacks.rb:36:in `call'
actionpack (5.0.7.2) lib/action_dispatch/middleware/executor.rb:12:in `call'
actionpack (5.0.7.2) lib/action_dispatch/middleware/remote_ip.rb:79:in `call'
actionpack (5.0.7.2) lib/action_dispatch/middleware/debug_exceptions.rb:49:in `call'
web-console (3.7.0) lib/web_console/middleware.rb:135:in `call_app'
web-console (3.7.0) lib/web_console/middleware.rb:30:in `block in call'
web-console (3.7.0) lib/web_console/middleware.rb:20:in `catch'
web-console (3.7.0) lib/web_console/middleware.rb:20:in `call'
actionpack (5.0.7.2) lib/action_dispatch/middleware/show_exceptions.rb:31:in `call'
railties (5.0.7.2) lib/rails/rack/logger.rb:36:in `call_app'
railties (5.0.7.2) lib/rails/rack/logger.rb:24:in `block in call'
activesupport (5.0.7.2) lib/active_support/tagged_logging.rb:69:in `block in tagged'
activesupport (5.0.7.2) lib/active_support/tagged_logging.rb:26:in `tagged'
activesupport (5.0.7.2) lib/active_support/tagged_logging.rb:69:in `tagged'
railties (5.0.7.2) lib/rails/rack/logger.rb:24:in `call'
sprockets-rails (3.2.2) lib/sprockets/rails/quiet_assets.rb:13:in `call'
actionpack (5.0.7.2) lib/action_dispatch/middleware/request_id.rb:24:in `call'
rack (2.2.3) lib/rack/method_override.rb:24:in `call'
rack (2.2.3) lib/rack/runtime.rb:22:in `call'
activesupport (5.0.7.2) lib/active_support/cache/strategy/local_cache_middleware.rb:28:in `call'
actionpack (5.0.7.2) lib/action_dispatch/middleware/executor.rb:12:in `call'
actionpack (5.0.7.2) lib/action_dispatch/middleware/static.rb:136:in `call'
rack (2.2.3) lib/rack/sendfile.rb:110:in `call'
railties (5.0.7.2) lib/rails/engine.rb:522:in `call'
puma (3.12.6) lib/puma/configuration.rb:227:in `call'
puma (3.12.6) lib/puma/server.rb:706:in `handle_request'
puma (3.12.6) lib/puma/server.rb:476:in `process_client'
puma (3.12.6) lib/puma/server.rb:334:in `block in run'
puma (3.12.6) lib/puma/thread_pool.rb:135:in `block in spawn_thread'
  Rendering /usr/local/rvm/gems/ruby-2.5.0-ruuby/gems/actionpack-5.0.7.2/lib/action_dispatch/middleware/templates/rescues/unknown_action.html.erb within rescues/layout
  Rendered /usr/local/rvm/gems/ruby-2.5.0-ruuby/gems/actionpack-5.0.7.2/lib/action_dispatch/middleware/templates/rescues/unknown_action.html.erb within rescues/layout (2.8ms)
Started GET "/" for ::1 at 2022-05-15 10:38:19 +0530
Processing by UrlController#shorthen_url as HTML
  Rendering url/shorthen_url.html.erb within layouts/application
  Rendered url/shorthen_url.html.erb within layouts/application (86.1ms)
Completed 500 Internal Server Error in 94ms (ActiveRecord: 0.0ms)


  
ActionView::Template::Error (undefined method `semantic_form_for' for #<#<Class:0x00005593d1945fb0>:0x00005593d1937e60>):
    1: <div id="error-message"></div>
    2: <%= semantic_form_for :auction, url: { action: :auction_fse_update }, remote: true do |f| %>
    3: <%= f.inputs do %>
    4:     <%= f.input :l1 %>
    5:     <%= f.input :l2 %>
  
app/views/url/shorthen_url.html.erb:2:in `_app_views_url_shorthen_url_html_erb__4460717180480736216_47046682379640'
  Rendering /usr/local/rvm/gems/ruby-2.5.0-ruuby/gems/actionpack-5.0.7.2/lib/action_dispatch/middleware/templates/rescues/template_error.html.erb within rescues/layout
  Rendering /usr/local/rvm/gems/ruby-2.5.0-ruuby/gems/actionpack-5.0.7.2/lib/action_dispatch/middleware/templates/rescues/_source.html.erb
  Rendered /usr/local/rvm/gems/ruby-2.5.0-ruuby/gems/actionpack-5.0.7.2/lib/action_dispatch/middleware/templates/rescues/_source.html.erb (3.3ms)
  Rendering /usr/local/rvm/gems/ruby-2.5.0-ruuby/gems/actionpack-5.0.7.2/lib/action_dispatch/middleware/templates/rescues/_trace.html.erb
  Rendered /usr/local/rvm/gems/ruby-2.5.0-ruuby/gems/actionpack-5.0.7.2/lib/action_dispatch/middleware/templates/rescues/_trace.html.erb (1.8ms)
  Rendering /usr/local/rvm/gems/ruby-2.5.0-ruuby/gems/actionpack-5.0.7.2/lib/action_dispatch/middleware/templates/rescues/_request_and_response.html.erb
  Rendered /usr/local/rvm/gems/ruby-2.5.0-ruuby/gems/actionpack-5.0.7.2/lib/action_dispatch/middleware/templates/rescues/_request_and_response.html.erb (0.8ms)
  Rendered /usr/local/rvm/gems/ruby-2.5.0-ruuby/gems/actionpack-5.0.7.2/lib/action_dispatch/middleware/templates/rescues/template_error.html.erb within rescues/layout (19.2ms)
Started GET "/" for ::1 at 2022-05-15 10:39:35 +0530
Processing by UrlController#shorthen_url as HTML
  Rendering url/shorthen_url.html.erb within layouts/application
  Rendered url/shorthen_url.html.erb within layouts/application (100.1ms)
Completed 500 Internal Server Error in 104ms (ActiveRecord: 0.0ms)


  
ActionView::Template::Error (undefined method `form_with' for #<#<Class:0x00005593d1945fb0>:0x00007f6a5c1e2be8>
Did you mean?  form_tag):
    1: <%= form_with url: "", method: :get do |form| %>
    2:   <%= form.label :query, "Search for:" %>
    3:   <%= form.text_field :query %>
    4:   <%= form.submit "Search" %>
  
app/views/url/shorthen_url.html.erb:1:in `_app_views_url_shorthen_url_html_erb__4460717180480736216_70047394372900'
  Rendering /usr/local/rvm/gems/ruby-2.5.0-ruuby/gems/actionpack-5.0.7.2/lib/action_dispatch/middleware/templates/rescues/template_error.html.erb within rescues/layout
  Rendering /usr/local/rvm/gems/ruby-2.5.0-ruuby/gems/actionpack-5.0.7.2/lib/action_dispatch/middleware/templates/rescues/_source.html.erb
  Rendered /usr/local/rvm/gems/ruby-2.5.0-ruuby/gems/actionpack-5.0.7.2/lib/action_dispatch/middleware/templates/rescues/_source.html.erb (2.9ms)
  Rendering /usr/local/rvm/gems/ruby-2.5.0-ruuby/gems/actionpack-5.0.7.2/lib/action_dispatch/middleware/templates/rescues/_trace.html.erb
  Rendered /usr/local/rvm/gems/ruby-2.5.0-ruuby/gems/actionpack-5.0.7.2/lib/action_dispatch/middleware/templates/rescues/_trace.html.erb (1.8ms)
  Rendering /usr/local/rvm/gems/ruby-2.5.0-ruuby/gems/actionpack-5.0.7.2/lib/action_dispatch/middleware/templates/rescues/_request_and_response.html.erb
  Rendered /usr/local/rvm/gems/ruby-2.5.0-ruuby/gems/actionpack-5.0.7.2/lib/action_dispatch/middleware/templates/rescues/_request_and_response.html.erb (0.6ms)
  Rendered /usr/local/rvm/gems/ruby-2.5.0-ruuby/gems/actionpack-5.0.7.2/lib/action_dispatch/middleware/templates/rescues/template_error.html.erb within rescues/layout (16.2ms)
Started GET "/" for ::1 at 2022-05-15 10:43:30 +0530
Processing by UrlController#shorthen_url as HTML
  Rendering url/shorthen_url.html.erb within layouts/application
  Rendered url/shorthen_url.html.erb within layouts/application (1.2ms)
Completed 200 OK in 1133ms (Views: 1132.4ms | ActiveRecord: 0.0ms)


Started GET "/?utf8=%E2%9C%93&shorthen_url=%7B%3Aclass%3D%3E%22form-control%22%2C+%3Aplaceholder%3D%3E%22Search+by+lot+number%22%7D&commit=Search" for ::1 at 2022-05-15 10:43:36 +0530
Processing by UrlController#shorthen_url as HTML
  Parameters: {"utf8"=>"âœ“", "shorthen_url"=>"{:class=>\"form-control\", :placeholder=>\"Search by lot number\"}", "commit"=>"Search"}
  Rendering url/shorthen_url.html.erb within layouts/application
  Rendered url/shorthen_url.html.erb within layouts/application (0.8ms)
Completed 200 OK in 10ms (Views: 9.3ms | ActiveRecord: 0.0ms)


Started GET "/?utf8=%E2%9C%93&shorthen_url=%7B%3Aclass%3D%3E%22form-control%22%2C+%3Aplaceholder%3D%3E%22Search+by+lot+number%22%7D&commit=Search" for ::1 at 2022-05-15 10:44:31 +0530
Processing by UrlController#shorthen_url as HTML
  Parameters: {"utf8"=>"âœ“", "shorthen_url"=>"{:class=>\"form-control\", :placeholder=>\"Search by lot number\"}", "commit"=>"Search"}
  Rendering url/shorthen_url.html.erb within layouts/application
  Rendered url/shorthen_url.html.erb within layouts/application (0.6ms)
Completed 200 OK in 32306ms (Views: 9.7ms | ActiveRecord: 0.0ms)


Started GET "/?utf8=%E2%9C%93&shorthen_url=&commit=shorthen" for ::1 at 2022-05-15 10:45:16 +0530
Processing by UrlController#shorthen_url as HTML
  Parameters: {"utf8"=>"âœ“", "shorthen_url"=>"", "commit"=>"shorthen"}
  Rendering url/shorthen_url.html.erb within layouts/application
  Rendered url/shorthen_url.html.erb within layouts/application (0.7ms)
Completed 500 Internal Server Error in 209638ms (ActiveRecord: 0.0ms)


  
SyntaxError (/home/sodel/project/url_shorthen/app/views/url/shorthen_url.html.erb:1: syntax error, unexpected tLABEL
...ffer.append=  form_tag, method: "get" do@output_buffer.safe_...
...                        ^~~~~~~
/home/sodel/project/url_shorthen/app/views/url/shorthen_url.html.erb:1: syntax error, unexpected keyword_do_block, expecting keyword_end
...nd=  form_tag, method: "get" do@output_buffer.safe_append='
...                             ^~
/home/sodel/project/url_shorthen/app/views/url/shorthen_url.html.erb:12: syntax error, unexpected keyword_ensure, expecting end-of-input
          ensure
          ^~~~~~):
  
app/views/url/shorthen_url.html.erb:1: syntax error, unexpected tLABEL
app/views/url/shorthen_url.html.erb:1: syntax error, unexpected keyword_do_block, expecting keyword_end
app/views/url/shorthen_url.html.erb:12: syntax error, unexpected keyword_ensure, expecting end-of-input
  Rendering /usr/local/rvm/gems/ruby-2.5.0-ruuby/gems/actionpack-5.0.7.2/lib/action_dispatch/middleware/templates/rescues/diagnostics.html.erb within rescues/layout
  Rendering /usr/local/rvm/gems/ruby-2.5.0-ruuby/gems/actionpack-5.0.7.2/lib/action_dispatch/middleware/templates/rescues/_source.html.erb
  Rendered /usr/local/rvm/gems/ruby-2.5.0-ruuby/gems/actionpack-5.0.7.2/lib/action_dispatch/middleware/templates/rescues/_source.html.erb (4.0ms)
  Rendering /usr/local/rvm/gems/ruby-2.5.0-ruuby/gems/actionpack-5.0.7.2/lib/action_dispatch/middleware/templates/rescues/_trace.html.erb
  Rendered /usr/local/rvm/gems/ruby-2.5.0-ruuby/gems/actionpack-5.0.7.2/lib/action_dispatch/middleware/templates/rescues/_trace.html.erb (2.2ms)
  Rendering /usr/local/rvm/gems/ruby-2.5.0-ruuby/gems/actionpack-5.0.7.2/lib/action_dispatch/middleware/templates/rescues/_request_and_response.html.erb
  Rendered /usr/local/rvm/gems/ruby-2.5.0-ruuby/gems/actionpack-5.0.7.2/lib/action_dispatch/middleware/templates/rescues/_request_and_response.html.erb (0.8ms)
  Rendered /usr/local/rvm/gems/ruby-2.5.0-ruuby/gems/actionpack-5.0.7.2/lib/action_dispatch/middleware/templates/rescues/diagnostics.html.erb within rescues/layout (17.2ms)
Started GET "/?utf8=%E2%9C%93&shorthen_url=&commit=shorthen" for ::1 at 2022-05-15 10:48:49 +0530
Processing by UrlController#shorthen_url as HTML
  Parameters: {"utf8"=>"âœ“", "shorthen_url"=>"", "commit"=>"shorthen"}
  Rendering url/shorthen_url.html.erb within layouts/application
  Rendered url/shorthen_url.html.erb within layouts/application (0.9ms)
Completed 500 Internal Server Error in 9399ms (ActiveRecord: 0.0ms)


  
SyntaxError (/home/sodel/project/url_shorthen/app/views/url/shorthen_url.html.erb:1: syntax error, unexpected tLABEL
...ffer.append=  form_tag, method: "get" do@output_buffer.safe_...
...                        ^~~~~~~
/home/sodel/project/url_shorthen/app/views/url/shorthen_url.html.erb:1: syntax error, unexpected keyword_do_block, expecting keyword_end
...nd=  form_tag, method: "get" do@output_buffer.safe_append='
...                             ^~
/home/sodel/project/url_shorthen/app/views/url/shorthen_url.html.erb:12: syntax error, unexpected keyword_ensure, expecting end-of-input
          ensure
          ^~~~~~):
  
app/views/url/shorthen_url.html.erb:1: syntax error, unexpected tLABEL
app/views/url/shorthen_url.html.erb:1: syntax error, unexpected keyword_do_block, expecting keyword_end
app/views/url/shorthen_url.html.erb:12: syntax error, unexpected keyword_ensure, expecting end-of-input
  Rendering /usr/local/rvm/gems/ruby-2.5.0-ruuby/gems/actionpack-5.0.7.2/lib/action_dispatch/middleware/templates/rescues/diagnostics.html.erb within rescues/layout
  Rendering /usr/local/rvm/gems/ruby-2.5.0-ruuby/gems/actionpack-5.0.7.2/lib/action_dispatch/middleware/templates/rescues/_source.html.erb
  Rendered /usr/local/rvm/gems/ruby-2.5.0-ruuby/gems/actionpack-5.0.7.2/lib/action_dispatch/middleware/templates/rescues/_source.html.erb (4.4ms)
  Rendering /usr/local/rvm/gems/ruby-2.5.0-ruuby/gems/actionpack-5.0.7.2/lib/action_dispatch/middleware/templates/rescues/_trace.html.erb
  Rendered /usr/local/rvm/gems/ruby-2.5.0-ruuby/gems/actionpack-5.0.7.2/lib/action_dispatch/middleware/templates/rescues/_trace.html.erb (1.4ms)
  Rendering /usr/local/rvm/gems/ruby-2.5.0-ruuby/gems/actionpack-5.0.7.2/lib/action_dispatch/middleware/templates/rescues/_request_and_response.html.erb
  Rendered /usr/local/rvm/gems/ruby-2.5.0-ruuby/gems/actionpack-5.0.7.2/lib/action_dispatch/middleware/templates/rescues/_request_and_response.html.erb (0.6ms)
  Rendered /usr/local/rvm/gems/ruby-2.5.0-ruuby/gems/actionpack-5.0.7.2/lib/action_dispatch/middleware/templates/rescues/diagnostics.html.erb within rescues/layout (16.8ms)
Started GET "/?utf8=%E2%9C%93&shorthen_url=&commit=shorthen" for ::1 at 2022-05-15 10:51:30 +0530
Processing by UrlController#shorthen_url as HTML
  Parameters: {"utf8"=>"âœ“", "shorthen_url"=>"", "commit"=>"shorthen"}
  Rendering url/shorthen_url.html.erb within layouts/application
  Rendered url/shorthen_url.html.erb within layouts/application (0.3ms)
Completed 200 OK in 2742ms (Views: 18.4ms | ActiveRecord: 0.0ms)


Started GET "/admin/commodity_attributes/new" for 127.0.0.1 at 2022-05-15 10:51:40 +0530
  
ActionController::RoutingError (No route matches [GET] "/admin/commodity_attributes/new"):
  
actionpack (5.0.7.2) lib/action_dispatch/middleware/debug_exceptions.rb:53:in `call'
web-console (3.7.0) lib/web_console/middleware.rb:135:in `call_app'
web-console (3.7.0) lib/web_console/middleware.rb:30:in `block in call'
web-console (3.7.0) lib/web_console/middleware.rb:20:in `catch'
web-console (3.7.0) lib/web_console/middleware.rb:20:in `call'
actionpack (5.0.7.2) lib/action_dispatch/middleware/show_exceptions.rb:31:in `call'
railties (5.0.7.2) lib/rails/rack/logger.rb:36:in `call_app'
railties (5.0.7.2) lib/rails/rack/logger.rb:24:in `block in call'
activesupport (5.0.7.2) lib/active_support/tagged_logging.rb:69:in `block in tagged'
activesupport (5.0.7.2) lib/active_support/tagged_logging.rb:26:in `tagged'
activesupport (5.0.7.2) lib/active_support/tagged_logging.rb:69:in `tagged'
railties (5.0.7.2) lib/rails/rack/logger.rb:24:in `call'
sprockets-rails (3.2.2) lib/sprockets/rails/quiet_assets.rb:13:in `call'
actionpack (5.0.7.2) lib/action_dispatch/middleware/request_id.rb:24:in `call'
rack (2.2.3) lib/rack/method_override.rb:24:in `call'
rack (2.2.3) lib/rack/runtime.rb:22:in `call'
activesupport (5.0.7.2) lib/active_support/cache/strategy/local_cache_middleware.rb:28:in `call'
actionpack (5.0.7.2) lib/action_dispatch/middleware/executor.rb:12:in `call'
actionpack (5.0.7.2) lib/action_dispatch/middleware/static.rb:136:in `call'
rack (2.2.3) lib/rack/sendfile.rb:110:in `call'
railties (5.0.7.2) lib/rails/engine.rb:522:in `call'
puma (3.12.6) lib/puma/configuration.rb:227:in `call'
puma (3.12.6) lib/puma/server.rb:706:in `handle_request'
puma (3.12.6) lib/puma/server.rb:476:in `process_client'
puma (3.12.6) lib/puma/server.rb:334:in `block in run'
puma (3.12.6) lib/puma/thread_pool.rb:135:in `block in spawn_thread'
  Rendering /usr/local/rvm/gems/ruby-2.5.0-ruuby/gems/actionpack-5.0.7.2/lib/action_dispatch/middleware/templates/rescues/routing_error.html.erb within rescues/layout
  Rendering /usr/local/rvm/gems/ruby-2.5.0-ruuby/gems/actionpack-5.0.7.2/lib/action_dispatch/middleware/templates/rescues/_trace.html.erb
  Rendered /usr/local/rvm/gems/ruby-2.5.0-ruuby/gems/actionpack-5.0.7.2/lib/action_dispatch/middleware/templates/rescues/_trace.html.erb (0.8ms)
  Rendered collection of /usr/local/rvm/gems/ruby-2.5.0-ruuby/gems/actionpack-5.0.7.2/lib/action_dispatch/middleware/templates/routes/_route.html.erb [1 times] (1.7ms)
  Rendered /usr/local/rvm/gems/ruby-2.5.0-ruuby/gems/actionpack-5.0.7.2/lib/action_dispatch/middleware/templates/routes/_table.html.erb (7.0ms)
  Rendering /usr/local/rvm/gems/ruby-2.5.0-ruuby/gems/actionpack-5.0.7.2/lib/action_dispatch/middleware/templates/rescues/_request_and_response.html.erb
  Rendered /usr/local/rvm/gems/ruby-2.5.0-ruuby/gems/actionpack-5.0.7.2/lib/action_dispatch/middleware/templates/rescues/_request_and_response.html.erb (1.0ms)
  Rendered /usr/local/rvm/gems/ruby-2.5.0-ruuby/gems/actionpack-5.0.7.2/lib/action_dispatch/middleware/templates/rescues/routing_error.html.erb within rescues/layout (26.1ms)
  
ActionController::RoutingError (No route matches [GET] "/assets/active_admin/initializers/filters.self-5793b83192570303a130f19fce66e8b60ae7fd887f5bcca408aec407c32729c5.js"):
  
actionpack (5.0.7.2) lib/action_dispatch/middleware/debug_exceptions.rb:53:in `call'
web-console (3.7.0) lib/web_console/middleware.rb:135:in `call_app'
web-console (3.7.0) lib/web_console/middleware.rb:30:in `block in call'
web-console (3.7.0) lib/web_console/middleware.rb:20:in `catch'
web-console (3.7.0) lib/web_console/middleware.rb:20:in `call'
actionpack (5.0.7.2) lib/action_dispatch/middleware/show_exceptions.rb:31:in `call'
railties (5.0.7.2) lib/rails/rack/logger.rb:36:in `call_app'
railties (5.0.7.2) lib/rails/rack/logger.rb:24:in `block in call'
activesupport (5.0.7.2) lib/active_support/tagged_logging.rb:69:in `block in tagged'
activesupport (5.0.7.2) lib/active_support/tagged_logging.rb:26:in `tagged'
activesupport (5.0.7.2) lib/active_support/tagged_logging.rb:69:in `tagged'
railties (5.0.7.2) lib/rails/rack/logger.rb:24:in `call'
sprockets-rails (3.2.2) lib/sprockets/rails/quiet_assets.rb:11:in `block in call'
activesupport (5.0.7.2) lib/active_support/logger_silence.rb:20:in `silence'
activesupport (5.0.7.2) lib/active_support/logger.rb:63:in `block (3 levels) in broadcast'
activesupport (5.0.7.2) lib/active_support/logger_silence.rb:20:in `silence'
activesupport (5.0.7.2) lib/active_support/logger.rb:61:in `block (2 levels) in broadcast'
sprockets-rails (3.2.2) lib/sprockets/rails/quiet_assets.rb:11:in `call'
actionpack (5.0.7.2) lib/action_dispatch/middleware/request_id.rb:24:in `call'
rack (2.2.3) lib/rack/method_override.rb:24:in `call'
rack (2.2.3) lib/rack/runtime.rb:22:in `call'
activesupport (5.0.7.2) lib/active_support/cache/strategy/local_cache_middleware.rb:28:in `call'
actionpack (5.0.7.2) lib/action_dispatch/middleware/executor.rb:12:in `call'
actionpack (5.0.7.2) lib/action_dispatch/middleware/static.rb:136:in `call'
rack (2.2.3) lib/rack/sendfile.rb:110:in `call'
railties (5.0.7.2) lib/rails/engine.rb:522:in `call'
puma (3.12.6) lib/puma/configuration.rb:227:in `call'
puma (3.12.6) lib/puma/server.rb:706:in `handle_request'
puma (3.12.6) lib/puma/server.rb:476:in `process_client'
puma (3.12.6) lib/puma/server.rb:334:in `block in run'
puma (3.12.6) lib/puma/thread_pool.rb:135:in `block in spawn_thread'
  
ActionController::RoutingError (No route matches [GET] "/assets/arctic_admin/base.self-75a11da44c802486bc6f65640aa48a730f0f684c5c07a42ba3cd1735eb3fb070.js"):
  
actionpack (5.0.7.2) lib/action_dispatch/middleware/debug_exceptions.rb:53:in `call'
web-console (3.7.0) lib/web_console/middleware.rb:135:in `call_app'
web-console (3.7.0) lib/web_console/middleware.rb:30:in `block in call'
web-console (3.7.0) lib/web_console/middleware.rb:20:in `catch'
web-console (3.7.0) lib/web_console/middleware.rb:20:in `call'
actionpack (5.0.7.2) lib/action_dispatch/middleware/show_exceptions.rb:31:in `call'
railties (5.0.7.2) lib/rails/rack/logger.rb:36:in `call_app'
railties (5.0.7.2) lib/rails/rack/logger.rb:24:in `block in call'
activesupport (5.0.7.2) lib/active_support/tagged_logging.rb:69:in `block in tagged'
activesupport (5.0.7.2) lib/active_support/tagged_logging.rb:26:in `tagged'
activesupport (5.0.7.2) lib/active_support/tagged_logging.rb:69:in `tagged'
railties (5.0.7.2) lib/rails/rack/logger.rb:24:in `call'
sprockets-rails (3.2.2) lib/sprockets/rails/quiet_assets.rb:11:in `block in call'
activesupport (5.0.7.2) lib/active_support/logger_silence.rb:20:in `silence'
activesupport (5.0.7.2) lib/active_support/logger.rb:63:in `block (3 levels) in broadcast'
activesupport (5.0.7.2) lib/active_support/logger_silence.rb:20:in `silence'
activesupport (5.0.7.2) lib/active_support/logger.rb:61:in `block (2 levels) in broadcast'
sprockets-rails (3.2.2) lib/sprockets/rails/quiet_assets.rb:11:in `call'
actionpack (5.0.7.2) lib/action_dispatch/middleware/request_id.rb:24:in `call'
rack (2.2.3) lib/rack/method_override.rb:24:in `call'
rack (2.2.3) lib/rack/runtime.rb:22:in `call'
activesupport (5.0.7.2) lib/active_support/cache/strategy/local_cache_middleware.rb:28:in `call'
actionpack (5.0.7.2) lib/action_dispatch/middleware/executor.rb:12:in `call'
actionpack (5.0.7.2) lib/action_dispatch/middleware/static.rb:136:in `call'
rack (2.2.3) lib/rack/sendfile.rb:110:in `call'
railties (5.0.7.2) lib/rails/engine.rb:522:in `call'
puma (3.12.6) lib/puma/configuration.rb:227:in `call'
puma (3.12.6) lib/puma/server.rb:706:in `handle_request'
puma (3.12.6) lib/puma/server.rb:476:in `process_client'
puma (3.12.6) lib/puma/server.rb:334:in `block in run'
puma (3.12.6) lib/puma/thread_pool.rb:135:in `block in spawn_thread'
  
ActionController::RoutingError (No route matches [GET] "/assets/arctic_admin/main.self-6c86f7cbf2b633967ae6597b85f5c468fc0fead783d2cb4b87a453fbce2dbec3.js"):
  
actionpack (5.0.7.2) lib/action_dispatch/middleware/debug_exceptions.rb:53:in `call'
web-console (3.7.0) lib/web_console/middleware.rb:135:in `call_app'
web-console (3.7.0) lib/web_console/middleware.rb:30:in `block in call'
web-console (3.7.0) lib/web_console/middleware.rb:20:in `catch'
web-console (3.7.0) lib/web_console/middleware.rb:20:in `call'
actionpack (5.0.7.2) lib/action_dispatch/middleware/show_exceptions.rb:31:in `call'
railties (5.0.7.2) lib/rails/rack/logger.rb:36:in `call_app'
railties (5.0.7.2) lib/rails/rack/logger.rb:24:in `block in call'
activesupport (5.0.7.2) lib/active_support/tagged_logging.rb:69:in `block in tagged'
activesupport (5.0.7.2) lib/active_support/tagged_logging.rb:26:in `tagged'
activesupport (5.0.7.2) lib/active_support/tagged_logging.rb:69:in `tagged'
railties (5.0.7.2) lib/rails/rack/logger.rb:24:in `call'
sprockets-rails (3.2.2) lib/sprockets/rails/quiet_assets.rb:11:in `block in call'
activesupport (5.0.7.2) lib/active_support/logger_silence.rb:20:in `silence'
activesupport (5.0.7.2) lib/active_support/logger.rb:63:in `block (3 levels) in broadcast'
activesupport (5.0.7.2) lib/active_support/logger_silence.rb:20:in `silence'
activesupport (5.0.7.2) lib/active_support/logger.rb:61:in `block (2 levels) in broadcast'
sprockets-rails (3.2.2) lib/sprockets/rails/quiet_assets.rb:11:in `call'
actionpack (5.0.7.2) lib/action_dispatch/middleware/request_id.rb:24:in `call'
rack (2.2.3) lib/rack/method_override.rb:24:in `call'
rack (2.2.3) lib/rack/runtime.rb:22:in `call'
activesupport (5.0.7.2) lib/active_support/cache/strategy/local_cache_middleware.rb:28:in `call'
actionpack (5.0.7.2) lib/action_dispatch/middleware/executor.rb:12:in `call'
actionpack (5.0.7.2) lib/action_dispatch/middleware/static.rb:136:in `call'
rack (2.2.3) lib/rack/sendfile.rb:110:in `call'
railties (5.0.7.2) lib/rails/engine.rb:522:in `call'
puma (3.12.6) lib/puma/configuration.rb:227:in `call'
puma (3.12.6) lib/puma/server.rb:706:in `handle_request'
puma (3.12.6) lib/puma/server.rb:476:in `process_client'
puma (3.12.6) lib/puma/server.rb:334:in `block in run'
puma (3.12.6) lib/puma/thread_pool.rb:135:in `block in spawn_thread'
  
ActionController::RoutingError (No route matches [GET] "/assets/active_admin/initializers/datepicker.self-172a9282361b295fe3310a48bb28dbe77bee319c792520c87f73f7008aeec684.js"):
  
actionpack (5.0.7.2) lib/action_dispatch/middleware/debug_exceptions.rb:53:in `call'
web-console (3.7.0) lib/web_console/middleware.rb:135:in `call_app'
web-console (3.7.0) lib/web_console/middleware.rb:30:in `block in call'
web-console (3.7.0) lib/web_console/middleware.rb:20:in `catch'
web-console (3.7.0) lib/web_console/middleware.rb:20:in `call'
actionpack (5.0.7.2) lib/action_dispatch/middleware/show_exceptions.rb:31:in `call'
railties (5.0.7.2) lib/rails/rack/logger.rb:36:in `call_app'
railties (5.0.7.2) lib/rails/rack/logger.rb:24:in `block in call'
activesupport (5.0.7.2) lib/active_support/tagged_logging.rb:69:in `block in tagged'
activesupport (5.0.7.2) lib/active_support/tagged_logging.rb:26:in `tagged'
activesupport (5.0.7.2) lib/active_support/tagged_logging.rb:69:in `tagged'
railties (5.0.7.2) lib/rails/rack/logger.rb:24:in `call'
sprockets-rails (3.2.2) lib/sprockets/rails/quiet_assets.rb:11:in `block in call'
activesupport (5.0.7.2) lib/active_support/logger_silence.rb:20:in `silence'
activesupport (5.0.7.2) lib/active_support/logger.rb:63:in `block (3 levels) in broadcast'
activesupport (5.0.7.2) lib/active_support/logger_silence.rb:20:in `silence'
activesupport (5.0.7.2) lib/active_support/logger.rb:61:in `block (2 levels) in broadcast'
sprockets-rails (3.2.2) lib/sprockets/rails/quiet_assets.rb:11:in `call'
actionpack (5.0.7.2) lib/action_dispatch/middleware/request_id.rb:24:in `call'
rack (2.2.3) lib/rack/method_override.rb:24:in `call'
rack (2.2.3) lib/rack/runtime.rb:22:in `call'
activesupport (5.0.7.2) lib/active_support/cache/strategy/local_cache_middleware.rb:28:in `call'
actionpack (5.0.7.2) lib/action_dispatch/middleware/executor.rb:12:in `call'
actionpack (5.0.7.2) lib/action_dispatch/middleware/static.rb:136:in `call'
rack (2.2.3) lib/rack/sendfile.rb:110:in `call'
railties (5.0.7.2) lib/rails/engine.rb:522:in `call'
puma (3.12.6) lib/puma/configuration.rb:227:in `call'
puma (3.12.6) lib/puma/server.rb:706:in `handle_request'
puma (3.12.6) lib/puma/server.rb:476:in `process_client'
puma (3.12.6) lib/puma/server.rb:334:in `block in run'
puma (3.12.6) lib/puma/thread_pool.rb:135:in `block in spawn_thread'
Started GET "/admin/admin_users/1/auctioneer_communications/trigger_data?id=undefined" for 127.0.0.1 at 2022-05-15 10:51:40 +0530
  
ActionController::RoutingError (No route matches [GET] "/admin/admin_users/1/auctioneer_communications/trigger_data"):
  
actionpack (5.0.7.2) lib/action_dispatch/middleware/debug_exceptions.rb:53:in `call'
web-console (3.7.0) lib/web_console/middleware.rb:135:in `call_app'
web-console (3.7.0) lib/web_console/middleware.rb:30:in `block in call'
web-console (3.7.0) lib/web_console/middleware.rb:20:in `catch'
web-console (3.7.0) lib/web_console/middleware.rb:20:in `call'
actionpack (5.0.7.2) lib/action_dispatch/middleware/show_exceptions.rb:31:in `call'
railties (5.0.7.2) lib/rails/rack/logger.rb:36:in `call_app'
railties (5.0.7.2) lib/rails/rack/logger.rb:24:in `block in call'
activesupport (5.0.7.2) lib/active_support/tagged_logging.rb:69:in `block in tagged'
activesupport (5.0.7.2) lib/active_support/tagged_logging.rb:26:in `tagged'
activesupport (5.0.7.2) lib/active_support/tagged_logging.rb:69:in `tagged'
railties (5.0.7.2) lib/rails/rack/logger.rb:24:in `call'
sprockets-rails (3.2.2) lib/sprockets/rails/quiet_assets.rb:13:in `call'
actionpack (5.0.7.2) lib/action_dispatch/middleware/request_id.rb:24:in `call'
rack (2.2.3) lib/rack/method_override.rb:24:in `call'
rack (2.2.3) lib/rack/runtime.rb:22:in `call'
activesupport (5.0.7.2) lib/active_support/cache/strategy/local_cache_middleware.rb:28:in `call'
actionpack (5.0.7.2) lib/action_dispatch/middleware/executor.rb:12:in `call'
actionpack (5.0.7.2) lib/action_dispatch/middleware/static.rb:136:in `call'
rack (2.2.3) lib/rack/sendfile.rb:110:in `call'
railties (5.0.7.2) lib/rails/engine.rb:522:in `call'
puma (3.12.6) lib/puma/configuration.rb:227:in `call'
puma (3.12.6) lib/puma/server.rb:706:in `handle_request'
puma (3.12.6) lib/puma/server.rb:476:in `process_client'
puma (3.12.6) lib/puma/server.rb:334:in `block in run'
puma (3.12.6) lib/puma/thread_pool.rb:135:in `block in spawn_thread'
  Rendering /usr/local/rvm/gems/ruby-2.5.0-ruuby/gems/actionpack-5.0.7.2/lib/action_dispatch/middleware/templates/rescues/routing_error.text.erb
  Rendering /usr/local/rvm/gems/ruby-2.5.0-ruuby/gems/actionpack-5.0.7.2/lib/action_dispatch/middleware/templates/rescues/_trace.text.erb
  Rendered /usr/local/rvm/gems/ruby-2.5.0-ruuby/gems/actionpack-5.0.7.2/lib/action_dispatch/middleware/templates/rescues/_trace.text.erb (0.4ms)
  Rendered /usr/local/rvm/gems/ruby-2.5.0-ruuby/gems/actionpack-5.0.7.2/lib/action_dispatch/middleware/templates/rescues/routing_error.text.erb (3.6ms)
Started GET "/?utf8=%E2%9C%93&shorthen_url=&commit=shorthen" for ::1 at 2022-05-15 10:52:36 +0530
Processing by UrlController#shorthen_url as HTML
  Parameters: {"utf8"=>"âœ“", "shorthen_url"=>"", "commit"=>"shorthen"}
  Rendering url/shorthen_url.html.erb within layouts/application
  Rendered url/shorthen_url.html.erb within layouts/application (0.4ms)
Completed 200 OK in 4415ms (Views: 10.8ms | ActiveRecord: 0.0ms)


Started GET "/?utf8=%E2%9C%93&shorthen_url=&commit=shorthen" for ::1 at 2022-05-15 10:52:45 +0530
Processing by UrlController#shorthen_url as HTML
  Parameters: {"utf8"=>"âœ“", "shorthen_url"=>"", "commit"=>"shorthen"}
  Rendering url/shorthen_url.html.erb within layouts/application
  Rendered url/shorthen_url.html.erb within layouts/application (0.3ms)
Completed 200 OK in 5991ms (Views: 9.6ms | ActiveRecord: 0.0ms)


Started GET "/?utf8=%E2%9C%93&shorthen_url=&commit=shorthen" for ::1 at 2022-05-15 10:59:13 +0530
Processing by UrlController#shorthen_url as HTML
  Parameters: {"utf8"=>"âœ“", "shorthen_url"=>"", "commit"=>"shorthen"}
  Rendering url/shorthen_url.html.erb within layouts/application
  Rendered url/shorthen_url.html.erb within layouts/application (0.5ms)
Completed 500 Internal Server Error in 2807ms (ActiveRecord: 0.0ms)


  
SyntaxError (/home/sodel/project/url_shorthen/app/views/url/shorthen_url.html.erb:1: syntax error, unexpected tLABEL
...ffer.append=  form_for, method: "get" do@output_buffer.safe_...
...                        ^~~~~~~
/home/sodel/project/url_shorthen/app/views/url/shorthen_url.html.erb:1: syntax error, unexpected keyword_do_block, expecting keyword_end
...nd=  form_for, method: "get" do@output_buffer.safe_append='
...                             ^~
/home/sodel/project/url_shorthen/app/views/url/shorthen_url.html.erb:7: syntax error, unexpected ',', expecting ')'
...ppend=( submit_tag("shorthen"), :onclick => "return shortUrl...
...                              ^
/home/sodel/project/url_shorthen/app/views/url/shorthen_url.html.erb:29: syntax error, unexpected keyword_ensure, expecting end-of-input
          ensure
          ^~~~~~):
  
app/views/url/shorthen_url.html.erb:1: syntax error, unexpected tLABEL
app/views/url/shorthen_url.html.erb:1: syntax error, unexpected keyword_do_block, expecting keyword_end
app/views/url/shorthen_url.html.erb:7: syntax error, unexpected ',', expecting ')'
app/views/url/shorthen_url.html.erb:29: syntax error, unexpected keyword_ensure, expecting end-of-input
  Rendering /usr/local/rvm/gems/ruby-2.5.0-ruuby/gems/actionpack-5.0.7.2/lib/action_dispatch/middleware/templates/rescues/diagnostics.html.erb within rescues/layout
  Rendering /usr/local/rvm/gems/ruby-2.5.0-ruuby/gems/actionpack-5.0.7.2/lib/action_dispatch/middleware/templates/rescues/_source.html.erb
  Rendered /usr/local/rvm/gems/ruby-2.5.0-ruuby/gems/actionpack-5.0.7.2/lib/action_dispatch/middleware/templates/rescues/_source.html.erb (2.6ms)
  Rendering /usr/local/rvm/gems/ruby-2.5.0-ruuby/gems/actionpack-5.0.7.2/lib/action_dispatch/middleware/templates/rescues/_trace.html.erb
  Rendered /usr/local/rvm/gems/ruby-2.5.0-ruuby/gems/actionpack-5.0.7.2/lib/action_dispatch/middleware/templates/rescues/_trace.html.erb (1.5ms)
  Rendering /usr/local/rvm/gems/ruby-2.5.0-ruuby/gems/actionpack-5.0.7.2/lib/action_dispatch/middleware/templates/rescues/_request_and_response.html.erb
  Rendered /usr/local/rvm/gems/ruby-2.5.0-ruuby/gems/actionpack-5.0.7.2/lib/action_dispatch/middleware/templates/rescues/_request_and_response.html.erb (0.8ms)
  Rendered /usr/local/rvm/gems/ruby-2.5.0-ruuby/gems/actionpack-5.0.7.2/lib/action_dispatch/middleware/templates/rescues/diagnostics.html.erb within rescues/layout (15.1ms)
Started GET "/?utf8=%E2%9C%93&shorthen_url=&commit=shorthen" for ::1 at 2022-05-15 11:00:02 +0530
Processing by UrlController#shorthen_url as HTML
  Parameters: {"utf8"=>"âœ“", "shorthen_url"=>"", "commit"=>"shorthen"}
  Rendering url/shorthen_url.html.erb within layouts/application
  Rendered url/shorthen_url.html.erb within layouts/application (0.5ms)
Completed 500 Internal Server Error in 2342ms (ActiveRecord: 0.0ms)


  
SyntaxError (/home/sodel/project/url_shorthen/app/views/url/shorthen_url.html.erb:1: syntax error, unexpected tLABEL
...ffer.append=  form_for, method: "get" do@output_buffer.safe_...
...                        ^~~~~~~
/home/sodel/project/url_shorthen/app/views/url/shorthen_url.html.erb:1: syntax error, unexpected keyword_do_block, expecting keyword_end
...nd=  form_for, method: "get" do@output_buffer.safe_append='
...                             ^~
/home/sodel/project/url_shorthen/app/views/url/shorthen_url.html.erb:29: syntax error, unexpected keyword_ensure, expecting end-of-input
          ensure
          ^~~~~~):
  
app/views/url/shorthen_url.html.erb:1: syntax error, unexpected tLABEL
app/views/url/shorthen_url.html.erb:1: syntax error, unexpected keyword_do_block, expecting keyword_end
app/views/url/shorthen_url.html.erb:29: syntax error, unexpected keyword_ensure, expecting end-of-input
  Rendering /usr/local/rvm/gems/ruby-2.5.0-ruuby/gems/actionpack-5.0.7.2/lib/action_dispatch/middleware/templates/rescues/diagnostics.html.erb within rescues/layout
  Rendering /usr/local/rvm/gems/ruby-2.5.0-ruuby/gems/actionpack-5.0.7.2/lib/action_dispatch/middleware/templates/rescues/_source.html.erb
  Rendered /usr/local/rvm/gems/ruby-2.5.0-ruuby/gems/actionpack-5.0.7.2/lib/action_dispatch/middleware/templates/rescues/_source.html.erb (2.3ms)
  Rendering /usr/local/rvm/gems/ruby-2.5.0-ruuby/gems/actionpack-5.0.7.2/lib/action_dispatch/middleware/templates/rescues/_trace.html.erb
  Rendered /usr/local/rvm/gems/ruby-2.5.0-ruuby/gems/actionpack-5.0.7.2/lib/action_dispatch/middleware/templates/rescues/_trace.html.erb (1.2ms)
  Rendering /usr/local/rvm/gems/ruby-2.5.0-ruuby/gems/actionpack-5.0.7.2/lib/action_dispatch/middleware/templates/rescues/_request_and_response.html.erb
  Rendered /usr/local/rvm/gems/ruby-2.5.0-ruuby/gems/actionpack-5.0.7.2/lib/action_dispatch/middleware/templates/rescues/_request_and_response.html.erb (0.6ms)
  Rendered /usr/local/rvm/gems/ruby-2.5.0-ruuby/gems/actionpack-5.0.7.2/lib/action_dispatch/middleware/templates/rescues/diagnostics.html.erb within rescues/layout (13.2ms)
Started GET "/?utf8=%E2%9C%93&shorthen_url=&commit=shorthen" for ::1 at 2022-05-15 11:07:37 +0530
Processing by UrlController#shorthen_url as HTML
  Parameters: {"utf8"=>"âœ“", "shorthen_url"=>"", "commit"=>"shorthen"}
  Rendering url/shorthen_url.html.erb within layouts/application
  Rendered url/shorthen_url.html.erb within layouts/application (0.6ms)
Completed 200 OK in 5375ms (Views: 46.2ms | ActiveRecord: 0.0ms)


Started GET "/?utf8=%E2%9C%93&shorthen_url=%7B%3Aclass%3D%3E%22form-control%22%2C+%3Aplaceholder%3D%3E%22Search+by+lot+number%22%7D&commit=shorthen" for ::1 at 2022-05-15 11:07:46 +0530
Processing by UrlController#shorthen_url as HTML
  Parameters: {"utf8"=>"âœ“", "shorthen_url"=>"{:class=>\"form-control\", :placeholder=>\"Search by lot number\"}", "commit"=>"shorthen"}
  Rendering url/shorthen_url.html.erb within layouts/application
  Rendered url/shorthen_url.html.erb within layouts/application (0.6ms)
Completed 200 OK in 14317ms (Views: 10.1ms | ActiveRecord: 0.0ms)


Started GET "/?utf8=%E2%9C%93&shorthen_url=%7B%3Aclass%3D%3E%22form-control%22%2C+%3Aplaceholder%3D%3E%22Search+by+lot+number%22%7D&commit=shorthen" for ::1 at 2022-05-15 11:09:17 +0530
Processing by UrlController#shorthen_url as HTML
  Parameters: {"utf8"=>"âœ“", "shorthen_url"=>"{:class=>\"form-control\", :placeholder=>\"Search by lot number\"}", "commit"=>"shorthen"}
  Rendering url/shorthen_url.html.erb within layouts/application
  Rendered url/shorthen_url.html.erb within layouts/application (0.8ms)
Completed 200 OK in 4801ms (Views: 11.1ms | ActiveRecord: 0.0ms)


Started GET "/?utf8=%E2%9C%93&shorthen_url=%7B%3Aclass%3D%3E%22form-control%22%2C+%3Aplaceholder%3D%3E%22Search+by+lot+number%22%7D&commit=shorthen" for ::1 at 2022-05-15 11:09:48 +0530
Processing by UrlController#shorthen_url as HTML
  Parameters: {"utf8"=>"âœ“", "shorthen_url"=>"{:class=>\"form-control\", :placeholder=>\"Search by lot number\"}", "commit"=>"shorthen"}
  Rendering url/shorthen_url.html.erb within layouts/application
  Rendered url/shorthen_url.html.erb within layouts/application (0.8ms)
Completed 200 OK in 9380ms (Views: 10.3ms | ActiveRecord: 0.0ms)


Started GET "/?utf8=%E2%9C%93&shorthen_url=%7B%3Aclass%3D%3E%22form-control%22%2C+%3Aplaceholder%3D%3E%22Search+by+lot+number%22%7D&commit=shorthen" for ::1 at 2022-05-15 11:10:48 +0530
  [1m[36mActiveRecord::SchemaMigration Load (0.1ms)[0m  [1m[34mSELECT "schema_migrations".* FROM "schema_migrations"[0m
Processing by UrlController#shorthen_url as HTML
  Parameters: {"utf8"=>"âœ“", "shorthen_url"=>"{:class=>\"form-control\", :placeholder=>\"Search by lot number\"}", "commit"=>"shorthen"}
  Rendering url/shorthen_url.html.erb within layouts/application
  Rendered url/shorthen_url.html.erb within layouts/application (2.9ms)
Completed 200 OK in 3018ms (Views: 185.7ms | ActiveRecord: 0.0ms)


Started GET "/?utf8=%E2%9C%93&shorthen_url=%7B%3Aclass%3D%3E%22form-control%22%2C+%3Aplaceholder%3D%3E%22Search+by+lot+number%22%7D&commit=shorthen" for ::1 at 2022-05-15 11:10:59 +0530
Processing by UrlController#shorthen_url as HTML
  Parameters: {"utf8"=>"âœ“", "shorthen_url"=>"{:class=>\"form-control\", :placeholder=>\"Search by lot number\"}", "commit"=>"shorthen"}
  Rendering url/shorthen_url.html.erb within layouts/application
  Rendered url/shorthen_url.html.erb within layouts/application (0.6ms)
Completed 200 OK in 29573ms (Views: 13.7ms | ActiveRecord: 0.0ms)


Started GET "/?utf8=%E2%9C%93&shorthen_url=%7B%3Aclass%3D%3E%22form-control%22%2C+%3Aplaceholder%3D%3E%22Search+by+lot+number%22%7D&commit=shorthen" for ::1 at 2022-05-15 11:13:31 +0530
Processing by UrlController#shorthen_url as HTML
  Parameters: {"utf8"=>"âœ“", "shorthen_url"=>"{:class=>\"form-control\", :placeholder=>\"Search by lot number\"}", "commit"=>"shorthen"}
  Rendering url/shorthen_url.html.erb within layouts/application
  Rendered url/shorthen_url.html.erb within layouts/application (0.9ms)
Completed 200 OK in 2520ms (Views: 9.2ms | ActiveRecord: 0.0ms)


Started GET "/?utf8=%E2%9C%93&shorthen_url=%7B%3Aclass%3D%3E%22form-control%22%2C+%3Aplaceholder%3D%3E%22Search+by+lot+number%22%7D&commit=shorthen" for ::1 at 2022-05-15 11:13:47 +0530
Processing by UrlController#shorthen_url as HTML
  Parameters: {"utf8"=>"âœ“", "shorthen_url"=>"{:class=>\"form-control\", :placeholder=>\"Search by lot number\"}", "commit"=>"shorthen"}
  Rendering url/shorthen_url.html.erb within layouts/application
  Rendered url/shorthen_url.html.erb within layouts/application (1.3ms)
Completed 200 OK in 50342ms (Views: 13.6ms | ActiveRecord: 0.0ms)


Started GET "/?utf8=%E2%9C%93&shorthen_url=%7B%3Aclass%3D%3E%22form-control%22%2C+%3Aplaceholder%3D%3E%22Search+by+lot+number%22%7D&commit=shorthen" for ::1 at 2022-05-15 11:17:58 +0530
Processing by UrlController#shorthen_url as HTML
  Parameters: {"utf8"=>"âœ“", "shorthen_url"=>"{:class=>\"form-control\", :placeholder=>\"Search by lot number\"}", "commit"=>"shorthen"}
  Rendering url/shorthen_url.html.erb within layouts/application
  Rendered url/shorthen_url.html.erb within layouts/application (0.7ms)
Completed 200 OK in 3615ms (Views: 40.7ms | ActiveRecord: 0.0ms)


Started GET "/?utf8=%E2%9C%93&shorthen_url=%7B%3Aclass%3D%3E%22form-control%22%2C+%3Aplaceholder%3D%3E%22Search+by+lot+number%22%7D&commit=shorthen" for ::1 at 2022-05-15 11:18:12 +0530
Processing by UrlController#shorthen_url as HTML
  Parameters: {"utf8"=>"âœ“", "shorthen_url"=>"{:class=>\"form-control\", :placeholder=>\"Search by lot number\"}", "commit"=>"shorthen"}
  Rendering url/shorthen_url.html.erb within layouts/application
  Rendered url/shorthen_url.html.erb within layouts/application (0.9ms)
Completed 200 OK in 22990ms (Views: 11.0ms | ActiveRecord: 0.0ms)


Started GET "/?utf8=%E2%9C%93&shorthen_url=%7B%3Aclass%3D%3E%22form-control%22%2C+%3Aplaceholder%3D%3E%22Search+by+lot+number%22%7D&commit=shorthen" for ::1 at 2022-05-15 11:19:23 +0530
  [1m[36mActiveRecord::SchemaMigration Load (0.2ms)[0m  [1m[34mSELECT "schema_migrations".* FROM "schema_migrations"[0m
Processing by UrlController#shorthen_url as HTML
  Parameters: {"utf8"=>"âœ“", "shorthen_url"=>"{:class=>\"form-control\", :placeholder=>\"Search by lot number\"}", "commit"=>"shorthen"}
  Rendering url/shorthen_url.html.erb within layouts/application
  Rendered url/shorthen_url.html.erb within layouts/application (3.2ms)
Completed 200 OK in 247ms (Views: 241.6ms | ActiveRecord: 0.0ms)


Started GET "/?utf8=%E2%9C%93&shorthen_url=%7B%3Aclass%3D%3E%22form-control%22%2C+%3Aplaceholder%3D%3E%22Search+by+lot+number%22%7D&commit=shorthen" for ::1 at 2022-05-15 11:19:26 +0530
Processing by UrlController#shorthen_url as HTML
  Parameters: {"utf8"=>"âœ“", "shorthen_url"=>"{:class=>\"form-control\", :placeholder=>\"Search by lot number\"}", "commit"=>"shorthen"}
  Rendering url/shorthen_url.html.erb within layouts/application
  Rendered url/shorthen_url.html.erb within layouts/application (0.6ms)
Completed 200 OK in 13ms (Views: 12.1ms | ActiveRecord: 0.0ms)


Started GET "/?utf8=%E2%9C%93&shorthen_url=%7B%3Aclass%3D%3E%22form-control%22%2C+%3Aplaceholder%3D%3E%22Search+by+lot+number%22%7D&commit=shorthen" for ::1 at 2022-05-15 11:20:36 +0530
  [1m[36mActiveRecord::SchemaMigration Load (0.2ms)[0m  [1m[34mSELECT "schema_migrations".* FROM "schema_migrations"[0m
Processing by UrlController#shorthen_url as HTML
  Parameters: {"utf8"=>"âœ“", "shorthen_url"=>"{:class=>\"form-control\", :placeholder=>\"Search by lot number\"}", "commit"=>"shorthen"}
  Rendering url/shorthen_url.html.erb within layouts/application
  Rendered url/shorthen_url.html.erb within layouts/application (4.2ms)
Completed 500 Internal Server Error in 12ms (ActiveRecord: 0.0ms)


  
ActionView::Template::Error (No route matches {:action=>"", :controller=>""}):
    1: <%= form_tag({controller:"", action: ""}, {method: "get"}) do%>
    2:   <table>
    3:     <td>
    4:       <%= text_field_tag(:shorthen_url,{ class:"form-control",placeholder: "Search by lot number"})%>
  
app/views/url/shorthen_url.html.erb:1:in `_app_views_url_shorthen_url_html_erb__3315304152764960898_69914387036200'
  Rendering /usr/local/rvm/gems/ruby-2.5.0-ruuby/gems/actionpack-5.0.7.2/lib/action_dispatch/middleware/templates/rescues/template_error.html.erb within rescues/layout
  Rendering /usr/local/rvm/gems/ruby-2.5.0-ruuby/gems/actionpack-5.0.7.2/lib/action_dispatch/middleware/templates/rescues/_source.html.erb
  Rendered /usr/local/rvm/gems/ruby-2.5.0-ruuby/gems/actionpack-5.0.7.2/lib/action_dispatch/middleware/templates/rescues/_source.html.erb (2.6ms)
  Rendering /usr/local/rvm/gems/ruby-2.5.0-ruuby/gems/actionpack-5.0.7.2/lib/action_dispatch/middleware/templates/rescues/_trace.html.erb
  Rendered /usr/local/rvm/gems/ruby-2.5.0-ruuby/gems/actionpack-5.0.7.2/lib/action_dispatch/middleware/templates/rescues/_trace.html.erb (1.6ms)
  Rendering /usr/local/rvm/gems/ruby-2.5.0-ruuby/gems/actionpack-5.0.7.2/lib/action_dispatch/middleware/templates/rescues/_request_and_response.html.erb
  Rendered /usr/local/rvm/gems/ruby-2.5.0-ruuby/gems/actionpack-5.0.7.2/lib/action_dispatch/middleware/templates/rescues/_request_and_response.html.erb (4.0ms)
  Rendered /usr/local/rvm/gems/ruby-2.5.0-ruuby/gems/actionpack-5.0.7.2/lib/action_dispatch/middleware/templates/rescues/template_error.html.erb within rescues/layout (21.0ms)
Started GET "/?utf8=%E2%9C%93&shorthen_url=%7B%3Aclass%3D%3E%22form-control%22%2C+%3Aplaceholder%3D%3E%22Search+by+lot+number%22%7D&commit=shorthen" for ::1 at 2022-05-15 11:22:06 +0530
Processing by UrlController#shorthen_url as HTML
  Parameters: {"utf8"=>"âœ“", "shorthen_url"=>"{:class=>\"form-control\", :placeholder=>\"Search by lot number\"}", "commit"=>"shorthen"}
  Rendering url/shorthen_url.html.erb within layouts/application
  Rendered url/shorthen_url.html.erb within layouts/application (0.7ms)
Completed 200 OK in 230ms (Views: 229.4ms | ActiveRecord: 0.0ms)


Started POST "/?utf8=%E2%9C%93&shorthen_url=%7B%3Aclass%3D%3E%22form-control%22%2C+%3Aplaceholder%3D%3E%22Search+by+lot+number%22%7D&commit=shorthen" for ::1 at 2022-05-15 11:22:09 +0530
  
ActionController::RoutingError (No route matches [POST] "/"):
  
actionpack (5.0.7.2) lib/action_dispatch/middleware/debug_exceptions.rb:53:in `call'
web-console (3.7.0) lib/web_console/middleware.rb:135:in `call_app'
web-console (3.7.0) lib/web_console/middleware.rb:30:in `block in call'
web-console (3.7.0) lib/web_console/middleware.rb:20:in `catch'
web-console (3.7.0) lib/web_console/middleware.rb:20:in `call'
actionpack (5.0.7.2) lib/action_dispatch/middleware/show_exceptions.rb:31:in `call'
railties (5.0.7.2) lib/rails/rack/logger.rb:36:in `call_app'
railties (5.0.7.2) lib/rails/rack/logger.rb:24:in `block in call'
activesupport (5.0.7.2) lib/active_support/tagged_logging.rb:69:in `block in tagged'
activesupport (5.0.7.2) lib/active_support/tagged_logging.rb:26:in `tagged'
activesupport (5.0.7.2) lib/active_support/tagged_logging.rb:69:in `tagged'
railties (5.0.7.2) lib/rails/rack/logger.rb:24:in `call'
sprockets-rails (3.2.2) lib/sprockets/rails/quiet_assets.rb:13:in `call'
actionpack (5.0.7.2) lib/action_dispatch/middleware/request_id.rb:24:in `call'
rack (2.2.3) lib/rack/method_override.rb:24:in `call'
rack (2.2.3) lib/rack/runtime.rb:22:in `call'
activesupport (5.0.7.2) lib/active_support/cache/strategy/local_cache_middleware.rb:28:in `call'
actionpack (5.0.7.2) lib/action_dispatch/middleware/executor.rb:12:in `call'
actionpack (5.0.7.2) lib/action_dispatch/middleware/static.rb:136:in `call'
rack (2.2.3) lib/rack/sendfile.rb:110:in `call'
railties (5.0.7.2) lib/rails/engine.rb:522:in `call'
puma (3.12.6) lib/puma/configuration.rb:227:in `call'
puma (3.12.6) lib/puma/server.rb:706:in `handle_request'
puma (3.12.6) lib/puma/server.rb:476:in `process_client'
puma (3.12.6) lib/puma/server.rb:334:in `block in run'
puma (3.12.6) lib/puma/thread_pool.rb:135:in `block in spawn_thread'
  Rendering /usr/local/rvm/gems/ruby-2.5.0-ruuby/gems/actionpack-5.0.7.2/lib/action_dispatch/middleware/templates/rescues/routing_error.html.erb within rescues/layout
  Rendering /usr/local/rvm/gems/ruby-2.5.0-ruuby/gems/actionpack-5.0.7.2/lib/action_dispatch/middleware/templates/rescues/_trace.html.erb
  Rendered /usr/local/rvm/gems/ruby-2.5.0-ruuby/gems/actionpack-5.0.7.2/lib/action_dispatch/middleware/templates/rescues/_trace.html.erb (1.7ms)
  Rendered collection of /usr/local/rvm/gems/ruby-2.5.0-ruuby/gems/actionpack-5.0.7.2/lib/action_dispatch/middleware/templates/routes/_route.html.erb [9 times] (2.8ms)
  Rendered /usr/local/rvm/gems/ruby-2.5.0-ruuby/gems/actionpack-5.0.7.2/lib/action_dispatch/middleware/templates/routes/_table.html.erb (6.3ms)
  Rendering /usr/local/rvm/gems/ruby-2.5.0-ruuby/gems/actionpack-5.0.7.2/lib/action_dispatch/middleware/templates/rescues/_request_and_response.html.erb
  Rendered /usr/local/rvm/gems/ruby-2.5.0-ruuby/gems/actionpack-5.0.7.2/lib/action_dispatch/middleware/templates/rescues/_request_and_response.html.erb (1.2ms)
  Rendered /usr/local/rvm/gems/ruby-2.5.0-ruuby/gems/actionpack-5.0.7.2/lib/action_dispatch/middleware/templates/rescues/routing_error.html.erb within rescues/layout (28.0ms)
Started GET "/" for ::1 at 2022-05-15 11:22:38 +0530
Processing by UrlController#shorthen_url as HTML
  Rendering url/shorthen_url.html.erb within layouts/application
  Rendered url/shorthen_url.html.erb within layouts/application (0.5ms)
Completed 200 OK in 10ms (Views: 9.1ms | ActiveRecord: 0.0ms)


Started GET "/" for ::1 at 2022-05-15 11:23:03 +0530
Processing by UrlController#shorthen_url as HTML
  Rendering url/shorthen_url.html.erb within layouts/application
  Rendered url/shorthen_url.html.erb within layouts/application (1.0ms)
Completed 200 OK in 13ms (Views: 12.5ms | ActiveRecord: 0.0ms)


Started POST "/" for ::1 at 2022-05-15 11:23:13 +0530
  
ActionController::RoutingError (No route matches [POST] "/"):
  
actionpack (5.0.7.2) lib/action_dispatch/middleware/debug_exceptions.rb:53:in `call'
web-console (3.7.0) lib/web_console/middleware.rb:135:in `call_app'
web-console (3.7.0) lib/web_console/middleware.rb:30:in `block in call'
web-console (3.7.0) lib/web_console/middleware.rb:20:in `catch'
web-console (3.7.0) lib/web_console/middleware.rb:20:in `call'
actionpack (5.0.7.2) lib/action_dispatch/middleware/show_exceptions.rb:31:in `call'
railties (5.0.7.2) lib/rails/rack/logger.rb:36:in `call_app'
railties (5.0.7.2) lib/rails/rack/logger.rb:24:in `block in call'
activesupport (5.0.7.2) lib/active_support/tagged_logging.rb:69:in `block in tagged'
activesupport (5.0.7.2) lib/active_support/tagged_logging.rb:26:in `tagged'
activesupport (5.0.7.2) lib/active_support/tagged_logging.rb:69:in `tagged'
railties (5.0.7.2) lib/rails/rack/logger.rb:24:in `call'
sprockets-rails (3.2.2) lib/sprockets/rails/quiet_assets.rb:13:in `call'
actionpack (5.0.7.2) lib/action_dispatch/middleware/request_id.rb:24:in `call'
rack (2.2.3) lib/rack/method_override.rb:24:in `call'
rack (2.2.3) lib/rack/runtime.rb:22:in `call'
activesupport (5.0.7.2) lib/active_support/cache/strategy/local_cache_middleware.rb:28:in `call'
actionpack (5.0.7.2) lib/action_dispatch/middleware/executor.rb:12:in `call'
actionpack (5.0.7.2) lib/action_dispatch/middleware/static.rb:136:in `call'
rack (2.2.3) lib/rack/sendfile.rb:110:in `call'
railties (5.0.7.2) lib/rails/engine.rb:522:in `call'
puma (3.12.6) lib/puma/configuration.rb:227:in `call'
puma (3.12.6) lib/puma/server.rb:706:in `handle_request'
puma (3.12.6) lib/puma/server.rb:476:in `process_client'
puma (3.12.6) lib/puma/server.rb:334:in `block in run'
puma (3.12.6) lib/puma/thread_pool.rb:135:in `block in spawn_thread'
  Rendering /usr/local/rvm/gems/ruby-2.5.0-ruuby/gems/actionpack-5.0.7.2/lib/action_dispatch/middleware/templates/rescues/routing_error.html.erb within rescues/layout
  Rendering /usr/local/rvm/gems/ruby-2.5.0-ruuby/gems/actionpack-5.0.7.2/lib/action_dispatch/middleware/templates/rescues/_trace.html.erb
  Rendered /usr/local/rvm/gems/ruby-2.5.0-ruuby/gems/actionpack-5.0.7.2/lib/action_dispatch/middleware/templates/rescues/_trace.html.erb (1.0ms)
  Rendered collection of /usr/local/rvm/gems/ruby-2.5.0-ruuby/gems/actionpack-5.0.7.2/lib/action_dispatch/middleware/templates/routes/_route.html.erb [9 times] (2.3ms)
  Rendered /usr/local/rvm/gems/ruby-2.5.0-ruuby/gems/actionpack-5.0.7.2/lib/action_dispatch/middleware/templates/routes/_table.html.erb (0.8ms)
  Rendering /usr/local/rvm/gems/ruby-2.5.0-ruuby/gems/actionpack-5.0.7.2/lib/action_dispatch/middleware/templates/rescues/_request_and_response.html.erb
  Rendered /usr/local/rvm/gems/ruby-2.5.0-ruuby/gems/actionpack-5.0.7.2/lib/action_dispatch/middleware/templates/rescues/_request_and_response.html.erb (1.3ms)
  Rendered /usr/local/rvm/gems/ruby-2.5.0-ruuby/gems/actionpack-5.0.7.2/lib/action_dispatch/middleware/templates/rescues/routing_error.html.erb within rescues/layout (20.8ms)
Started GET "/" for ::1 at 2022-05-15 11:25:53 +0530
Processing by UrlController#shorthen_url as HTML
  Rendering url/shorthen_url.html.erb within layouts/application
  Rendered url/shorthen_url.html.erb within layouts/application (0.8ms)
Completed 200 OK in 12ms (Views: 11.6ms | ActiveRecord: 0.0ms)


Started GET "/" for ::1 at 2022-05-15 11:25:55 +0530
Processing by UrlController#shorthen_url as HTML
  Rendering url/shorthen_url.html.erb within layouts/application
  Rendered url/shorthen_url.html.erb within layouts/application (0.5ms)
Completed 200 OK in 10ms (Views: 9.0ms | ActiveRecord: 0.0ms)


Started POST "/" for ::1 at 2022-05-15 11:25:56 +0530
  
ActionController::RoutingError (No route matches [POST] "/"):
  
actionpack (5.0.7.2) lib/action_dispatch/middleware/debug_exceptions.rb:53:in `call'
web-console (3.7.0) lib/web_console/middleware.rb:135:in `call_app'
web-console (3.7.0) lib/web_console/middleware.rb:30:in `block in call'
web-console (3.7.0) lib/web_console/middleware.rb:20:in `catch'
web-console (3.7.0) lib/web_console/middleware.rb:20:in `call'
actionpack (5.0.7.2) lib/action_dispatch/middleware/show_exceptions.rb:31:in `call'
railties (5.0.7.2) lib/rails/rack/logger.rb:36:in `call_app'
railties (5.0.7.2) lib/rails/rack/logger.rb:24:in `block in call'
activesupport (5.0.7.2) lib/active_support/tagged_logging.rb:69:in `block in tagged'
activesupport (5.0.7.2) lib/active_support/tagged_logging.rb:26:in `tagged'
activesupport (5.0.7.2) lib/active_support/tagged_logging.rb:69:in `tagged'
railties (5.0.7.2) lib/rails/rack/logger.rb:24:in `call'
sprockets-rails (3.2.2) lib/sprockets/rails/quiet_assets.rb:13:in `call'
actionpack (5.0.7.2) lib/action_dispatch/middleware/request_id.rb:24:in `call'
rack (2.2.3) lib/rack/method_override.rb:24:in `call'
rack (2.2.3) lib/rack/runtime.rb:22:in `call'
activesupport (5.0.7.2) lib/active_support/cache/strategy/local_cache_middleware.rb:28:in `call'
actionpack (5.0.7.2) lib/action_dispatch/middleware/executor.rb:12:in `call'
actionpack (5.0.7.2) lib/action_dispatch/middleware/static.rb:136:in `call'
rack (2.2.3) lib/rack/sendfile.rb:110:in `call'
railties (5.0.7.2) lib/rails/engine.rb:522:in `call'
puma (3.12.6) lib/puma/configuration.rb:227:in `call'
puma (3.12.6) lib/puma/server.rb:706:in `handle_request'
puma (3.12.6) lib/puma/server.rb:476:in `process_client'
puma (3.12.6) lib/puma/server.rb:334:in `block in run'
puma (3.12.6) lib/puma/thread_pool.rb:135:in `block in spawn_thread'
  Rendering /usr/local/rvm/gems/ruby-2.5.0-ruuby/gems/actionpack-5.0.7.2/lib/action_dispatch/middleware/templates/rescues/routing_error.html.erb within rescues/layout
  Rendering /usr/local/rvm/gems/ruby-2.5.0-ruuby/gems/actionpack-5.0.7.2/lib/action_dispatch/middleware/templates/rescues/_trace.html.erb
  Rendered /usr/local/rvm/gems/ruby-2.5.0-ruuby/gems/actionpack-5.0.7.2/lib/action_dispatch/middleware/templates/rescues/_trace.html.erb (0.7ms)
  Rendered collection of /usr/local/rvm/gems/ruby-2.5.0-ruuby/gems/actionpack-5.0.7.2/lib/action_dispatch/middleware/templates/routes/_route.html.erb [9 times] (1.4ms)
  Rendered /usr/local/rvm/gems/ruby-2.5.0-ruuby/gems/actionpack-5.0.7.2/lib/action_dispatch/middleware/templates/routes/_table.html.erb (0.7ms)
  Rendering /usr/local/rvm/gems/ruby-2.5.0-ruuby/gems/actionpack-5.0.7.2/lib/action_dispatch/middleware/templates/rescues/_request_and_response.html.erb
  Rendered /usr/local/rvm/gems/ruby-2.5.0-ruuby/gems/actionpack-5.0.7.2/lib/action_dispatch/middleware/templates/rescues/_request_and_response.html.erb (1.0ms)
  Rendered /usr/local/rvm/gems/ruby-2.5.0-ruuby/gems/actionpack-5.0.7.2/lib/action_dispatch/middleware/templates/rescues/routing_error.html.erb within rescues/layout (15.2ms)
Started GET "/" for ::1 at 2022-05-15 11:26:16 +0530
Processing by UrlController#shorthen_url as HTML
  Rendering url/shorthen_url.html.erb within layouts/application
  Rendered url/shorthen_url.html.erb within layouts/application (0.6ms)
Completed 200 OK in 11ms (Views: 10.3ms | ActiveRecord: 0.0ms)


Started GET "/" for ::1 at 2022-05-15 11:26:20 +0530
Processing by UrlController#shorthen_url as HTML
  Rendering url/shorthen_url.html.erb within layouts/application
  Rendered url/shorthen_url.html.erb within layouts/application (0.5ms)
Completed 200 OK in 9ms (Views: 8.3ms | ActiveRecord: 0.0ms)


Started POST "/" for ::1 at 2022-05-15 11:26:26 +0530
  
ActionController::RoutingError (No route matches [POST] "/"):
  
actionpack (5.0.7.2) lib/action_dispatch/middleware/debug_exceptions.rb:53:in `call'
web-console (3.7.0) lib/web_console/middleware.rb:135:in `call_app'
web-console (3.7.0) lib/web_console/middleware.rb:30:in `block in call'
web-console (3.7.0) lib/web_console/middleware.rb:20:in `catch'
web-console (3.7.0) lib/web_console/middleware.rb:20:in `call'
actionpack (5.0.7.2) lib/action_dispatch/middleware/show_exceptions.rb:31:in `call'
railties (5.0.7.2) lib/rails/rack/logger.rb:36:in `call_app'
railties (5.0.7.2) lib/rails/rack/logger.rb:24:in `block in call'
activesupport (5.0.7.2) lib/active_support/tagged_logging.rb:69:in `block in tagged'
activesupport (5.0.7.2) lib/active_support/tagged_logging.rb:26:in `tagged'
activesupport (5.0.7.2) lib/active_support/tagged_logging.rb:69:in `tagged'
railties (5.0.7.2) lib/rails/rack/logger.rb:24:in `call'
sprockets-rails (3.2.2) lib/sprockets/rails/quiet_assets.rb:13:in `call'
actionpack (5.0.7.2) lib/action_dispatch/middleware/request_id.rb:24:in `call'
rack (2.2.3) lib/rack/method_override.rb:24:in `call'
rack (2.2.3) lib/rack/runtime.rb:22:in `call'
activesupport (5.0.7.2) lib/active_support/cache/strategy/local_cache_middleware.rb:28:in `call'
actionpack (5.0.7.2) lib/action_dispatch/middleware/executor.rb:12:in `call'
actionpack (5.0.7.2) lib/action_dispatch/middleware/static.rb:136:in `call'
rack (2.2.3) lib/rack/sendfile.rb:110:in `call'
railties (5.0.7.2) lib/rails/engine.rb:522:in `call'
puma (3.12.6) lib/puma/configuration.rb:227:in `call'
puma (3.12.6) lib/puma/server.rb:706:in `handle_request'
puma (3.12.6) lib/puma/server.rb:476:in `process_client'
puma (3.12.6) lib/puma/server.rb:334:in `block in run'
puma (3.12.6) lib/puma/thread_pool.rb:135:in `block in spawn_thread'
  Rendering /usr/local/rvm/gems/ruby-2.5.0-ruuby/gems/actionpack-5.0.7.2/lib/action_dispatch/middleware/templates/rescues/routing_error.html.erb within rescues/layout
  Rendering /usr/local/rvm/gems/ruby-2.5.0-ruuby/gems/actionpack-5.0.7.2/lib/action_dispatch/middleware/templates/rescues/_trace.html.erb
  Rendered /usr/local/rvm/gems/ruby-2.5.0-ruuby/gems/actionpack-5.0.7.2/lib/action_dispatch/middleware/templates/rescues/_trace.html.erb (0.8ms)
  Rendered collection of /usr/local/rvm/gems/ruby-2.5.0-ruuby/gems/actionpack-5.0.7.2/lib/action_dispatch/middleware/templates/routes/_route.html.erb [9 times] (1.8ms)
  Rendered /usr/local/rvm/gems/ruby-2.5.0-ruuby/gems/actionpack-5.0.7.2/lib/action_dispatch/middleware/templates/routes/_table.html.erb (0.9ms)
  Rendering /usr/local/rvm/gems/ruby-2.5.0-ruuby/gems/actionpack-5.0.7.2/lib/action_dispatch/middleware/templates/rescues/_request_and_response.html.erb
  Rendered /usr/local/rvm/gems/ruby-2.5.0-ruuby/gems/actionpack-5.0.7.2/lib/action_dispatch/middleware/templates/rescues/_request_and_response.html.erb (1.0ms)
  Rendered /usr/local/rvm/gems/ruby-2.5.0-ruuby/gems/actionpack-5.0.7.2/lib/action_dispatch/middleware/templates/rescues/routing_error.html.erb within rescues/layout (16.0ms)
Started POST "/" for ::1 at 2022-05-15 11:34:11 +0530
  
ActionController::RoutingError (No route matches [POST] "/"):
  
actionpack (5.0.7.2) lib/action_dispatch/middleware/debug_exceptions.rb:53:in `call'
web-console (3.7.0) lib/web_console/middleware.rb:135:in `call_app'
web-console (3.7.0) lib/web_console/middleware.rb:30:in `block in call'
web-console (3.7.0) lib/web_console/middleware.rb:20:in `catch'
web-console (3.7.0) lib/web_console/middleware.rb:20:in `call'
actionpack (5.0.7.2) lib/action_dispatch/middleware/show_exceptions.rb:31:in `call'
railties (5.0.7.2) lib/rails/rack/logger.rb:36:in `call_app'
railties (5.0.7.2) lib/rails/rack/logger.rb:24:in `block in call'
activesupport (5.0.7.2) lib/active_support/tagged_logging.rb:69:in `block in tagged'
activesupport (5.0.7.2) lib/active_support/tagged_logging.rb:26:in `tagged'
activesupport (5.0.7.2) lib/active_support/tagged_logging.rb:69:in `tagged'
railties (5.0.7.2) lib/rails/rack/logger.rb:24:in `call'
sprockets-rails (3.2.2) lib/sprockets/rails/quiet_assets.rb:13:in `call'
actionpack (5.0.7.2) lib/action_dispatch/middleware/request_id.rb:24:in `call'
rack (2.2.3) lib/rack/method_override.rb:24:in `call'
rack (2.2.3) lib/rack/runtime.rb:22:in `call'
activesupport (5.0.7.2) lib/active_support/cache/strategy/local_cache_middleware.rb:28:in `call'
actionpack (5.0.7.2) lib/action_dispatch/middleware/executor.rb:12:in `call'
actionpack (5.0.7.2) lib/action_dispatch/middleware/static.rb:136:in `call'
rack (2.2.3) lib/rack/sendfile.rb:110:in `call'
railties (5.0.7.2) lib/rails/engine.rb:522:in `call'
puma (3.12.6) lib/puma/configuration.rb:227:in `call'
puma (3.12.6) lib/puma/server.rb:706:in `handle_request'
puma (3.12.6) lib/puma/server.rb:476:in `process_client'
puma (3.12.6) lib/puma/server.rb:334:in `block in run'
puma (3.12.6) lib/puma/thread_pool.rb:135:in `block in spawn_thread'
  Rendering /usr/local/rvm/gems/ruby-2.5.0-ruuby/gems/actionpack-5.0.7.2/lib/action_dispatch/middleware/templates/rescues/routing_error.html.erb within rescues/layout
  Rendering /usr/local/rvm/gems/ruby-2.5.0-ruuby/gems/actionpack-5.0.7.2/lib/action_dispatch/middleware/templates/rescues/_trace.html.erb
  Rendered /usr/local/rvm/gems/ruby-2.5.0-ruuby/gems/actionpack-5.0.7.2/lib/action_dispatch/middleware/templates/rescues/_trace.html.erb (0.9ms)
  Rendered collection of /usr/local/rvm/gems/ruby-2.5.0-ruuby/gems/actionpack-5.0.7.2/lib/action_dispatch/middleware/templates/routes/_route.html.erb [9 times] (2.0ms)
  Rendered /usr/local/rvm/gems/ruby-2.5.0-ruuby/gems/actionpack-5.0.7.2/lib/action_dispatch/middleware/templates/routes/_table.html.erb (1.2ms)
  Rendering /usr/local/rvm/gems/ruby-2.5.0-ruuby/gems/actionpack-5.0.7.2/lib/action_dispatch/middleware/templates/rescues/_request_and_response.html.erb
  Rendered /usr/local/rvm/gems/ruby-2.5.0-ruuby/gems/actionpack-5.0.7.2/lib/action_dispatch/middleware/templates/rescues/_request_and_response.html.erb (1.4ms)
  Rendered /usr/local/rvm/gems/ruby-2.5.0-ruuby/gems/actionpack-5.0.7.2/lib/action_dispatch/middleware/templates/rescues/routing_error.html.erb within rescues/layout (18.9ms)
Started GET "/" for ::1 at 2022-05-15 11:34:14 +0530
Processing by UrlController#shorthen_url as HTML
  Rendering url/shorthen_url.html.erb within layouts/application
  Rendered url/shorthen_url.html.erb within layouts/application (0.6ms)
Completed 500 Internal Server Error in 3ms (ActiveRecord: 0.0ms)


  
SyntaxError (/home/sodel/project/url_shorthen/app/views/url/shorthen_url.html.erb:11: syntax error, unexpected tLABEL, expecting '='
...append=( form.submit, onsubmit: "shortUrl()" );@output_buffe...
...                      ^~~~~~~~~):
  
app/views/url/shorthen_url.html.erb:11: syntax error, unexpected tLABEL, expecting '='
  Rendering /usr/local/rvm/gems/ruby-2.5.0-ruuby/gems/actionpack-5.0.7.2/lib/action_dispatch/middleware/templates/rescues/diagnostics.html.erb within rescues/layout
  Rendering /usr/local/rvm/gems/ruby-2.5.0-ruuby/gems/actionpack-5.0.7.2/lib/action_dispatch/middleware/templates/rescues/_source.html.erb
  Rendered /usr/local/rvm/gems/ruby-2.5.0-ruuby/gems/actionpack-5.0.7.2/lib/action_dispatch/middleware/templates/rescues/_source.html.erb (2.6ms)
  Rendering /usr/local/rvm/gems/ruby-2.5.0-ruuby/gems/actionpack-5.0.7.2/lib/action_dispatch/middleware/templates/rescues/_trace.html.erb
  Rendered /usr/local/rvm/gems/ruby-2.5.0-ruuby/gems/actionpack-5.0.7.2/lib/action_dispatch/middleware/templates/rescues/_trace.html.erb (1.2ms)
  Rendering /usr/local/rvm/gems/ruby-2.5.0-ruuby/gems/actionpack-5.0.7.2/lib/action_dispatch/middleware/templates/rescues/_request_and_response.html.erb
  Rendered /usr/local/rvm/gems/ruby-2.5.0-ruuby/gems/actionpack-5.0.7.2/lib/action_dispatch/middleware/templates/rescues/_request_and_response.html.erb (0.8ms)
  Rendered /usr/local/rvm/gems/ruby-2.5.0-ruuby/gems/actionpack-5.0.7.2/lib/action_dispatch/middleware/templates/rescues/diagnostics.html.erb within rescues/layout (14.6ms)
Started GET "/" for ::1 at 2022-05-15 11:34:48 +0530
Processing by UrlController#shorthen_url as HTML
  Rendering url/shorthen_url.html.erb within layouts/application
  Rendered url/shorthen_url.html.erb within layouts/application (0.5ms)
Completed 500 Internal Server Error in 2ms (ActiveRecord: 0.0ms)


  
SyntaxError (/home/sodel/project/url_shorthen/app/views/url/shorthen_url.html.erb:15: unterminated string meets end of file
          end
             ^
/home/sodel/project/url_shorthen/app/views/url/shorthen_url.html.erb:15: syntax error, unexpected end-of-input, expecting ')'
          end
             ^):
  
app/views/url/shorthen_url.html.erb:15: unterminated string meets end of file
app/views/url/shorthen_url.html.erb:15: syntax error, unexpected end-of-input, expecting ')'
  Rendering /usr/local/rvm/gems/ruby-2.5.0-ruuby/gems/actionpack-5.0.7.2/lib/action_dispatch/middleware/templates/rescues/diagnostics.html.erb within rescues/layout
  Rendering /usr/local/rvm/gems/ruby-2.5.0-ruuby/gems/actionpack-5.0.7.2/lib/action_dispatch/middleware/templates/rescues/_source.html.erb
  Rendered /usr/local/rvm/gems/ruby-2.5.0-ruuby/gems/actionpack-5.0.7.2/lib/action_dispatch/middleware/templates/rescues/_source.html.erb (2.6ms)
  Rendering /usr/local/rvm/gems/ruby-2.5.0-ruuby/gems/actionpack-5.0.7.2/lib/action_dispatch/middleware/templates/rescues/_trace.html.erb
  Rendered /usr/local/rvm/gems/ruby-2.5.0-ruuby/gems/actionpack-5.0.7.2/lib/action_dispatch/middleware/templates/rescues/_trace.html.erb (1.3ms)
  Rendering /usr/local/rvm/gems/ruby-2.5.0-ruuby/gems/actionpack-5.0.7.2/lib/action_dispatch/middleware/templates/rescues/_request_and_response.html.erb
  Rendered /usr/local/rvm/gems/ruby-2.5.0-ruuby/gems/actionpack-5.0.7.2/lib/action_dispatch/middleware/templates/rescues/_request_and_response.html.erb (0.7ms)
  Rendered /usr/local/rvm/gems/ruby-2.5.0-ruuby/gems/actionpack-5.0.7.2/lib/action_dispatch/middleware/templates/rescues/diagnostics.html.erb within rescues/layout (14.2ms)
Started GET "/" for ::1 at 2022-05-15 11:34:50 +0530
Processing by UrlController#shorthen_url as HTML
  Rendering url/shorthen_url.html.erb within layouts/application
  Rendered url/shorthen_url.html.erb within layouts/application (0.8ms)
Completed 500 Internal Server Error in 3ms (ActiveRecord: 0.0ms)


  
SyntaxError (/home/sodel/project/url_shorthen/app/views/url/shorthen_url.html.erb:15: unterminated string meets end of file
          end
             ^
/home/sodel/project/url_shorthen/app/views/url/shorthen_url.html.erb:15: syntax error, unexpected end-of-input, expecting ')'
          end
             ^):
  
app/views/url/shorthen_url.html.erb:15: unterminated string meets end of file
app/views/url/shorthen_url.html.erb:15: syntax error, unexpected end-of-input, expecting ')'
  Rendering /usr/local/rvm/gems/ruby-2.5.0-ruuby/gems/actionpack-5.0.7.2/lib/action_dispatch/middleware/templates/rescues/diagnostics.html.erb within rescues/layout
  Rendering /usr/local/rvm/gems/ruby-2.5.0-ruuby/gems/actionpack-5.0.7.2/lib/action_dispatch/middleware/templates/rescues/_source.html.erb
  Rendered /usr/local/rvm/gems/ruby-2.5.0-ruuby/gems/actionpack-5.0.7.2/lib/action_dispatch/middleware/templates/rescues/_source.html.erb (2.3ms)
  Rendering /usr/local/rvm/gems/ruby-2.5.0-ruuby/gems/actionpack-5.0.7.2/lib/action_dispatch/middleware/templates/rescues/_trace.html.erb
  Rendered /usr/local/rvm/gems/ruby-2.5.0-ruuby/gems/actionpack-5.0.7.2/lib/action_dispatch/middleware/templates/rescues/_trace.html.erb (1.1ms)
  Rendering /usr/local/rvm/gems/ruby-2.5.0-ruuby/gems/actionpack-5.0.7.2/lib/action_dispatch/middleware/templates/rescues/_request_and_response.html.erb
  Rendered /usr/local/rvm/gems/ruby-2.5.0-ruuby/gems/actionpack-5.0.7.2/lib/action_dispatch/middleware/templates/rescues/_request_and_response.html.erb (0.7ms)
  Rendered /usr/local/rvm/gems/ruby-2.5.0-ruuby/gems/actionpack-5.0.7.2/lib/action_dispatch/middleware/templates/rescues/diagnostics.html.erb within rescues/layout (14.0ms)
Started GET "/" for ::1 at 2022-05-15 11:35:32 +0530
Processing by UrlController#shorthen_url as HTML
  Rendering url/shorthen_url.html.erb within layouts/application
  Rendered url/shorthen_url.html.erb within layouts/application (96.4ms)
Completed 500 Internal Server Error in 98ms (ActiveRecord: 0.0ms)


  
ActionView::Template::Error (undefined method `form_with' for #<#<Class:0x00007f2c6c6862e0>:0x00007f2c7507ff50>
Did you mean?  form_tag):
    3: <h1>Urls#new</h1>
    4: <p>Find me in app/views/urls/new.html.erb</p>
    5: <%#= flash[:error] %>
    6: <%= form_with model: @url do |form| %>
    7:   <p>Please input the name of the url: <%= form.text_field :shorthen_url %></p>
    8:   <!-- <p>Please input url you want to shorten: <%#= form.text_field :long_url %></p>
    9:   <p>Please select user: <%#= form.collection_select :user_id, User.all, :id, :name %></p>
  
app/views/url/shorthen_url.html.erb:6:in `_app_views_url_shorthen_url_html_erb__3315304152764960898_69914459392780'
  Rendering /usr/local/rvm/gems/ruby-2.5.0-ruuby/gems/actionpack-5.0.7.2/lib/action_dispatch/middleware/templates/rescues/template_error.html.erb within rescues/layout
  Rendering /usr/local/rvm/gems/ruby-2.5.0-ruuby/gems/actionpack-5.0.7.2/lib/action_dispatch/middleware/templates/rescues/_source.html.erb
  Rendered /usr/local/rvm/gems/ruby-2.5.0-ruuby/gems/actionpack-5.0.7.2/lib/action_dispatch/middleware/templates/rescues/_source.html.erb (2.8ms)
  Rendering /usr/local/rvm/gems/ruby-2.5.0-ruuby/gems/actionpack-5.0.7.2/lib/action_dispatch/middleware/templates/rescues/_trace.html.erb
  Rendered /usr/local/rvm/gems/ruby-2.5.0-ruuby/gems/actionpack-5.0.7.2/lib/action_dispatch/middleware/templates/rescues/_trace.html.erb (1.6ms)
  Rendering /usr/local/rvm/gems/ruby-2.5.0-ruuby/gems/actionpack-5.0.7.2/lib/action_dispatch/middleware/templates/rescues/_request_and_response.html.erb
  Rendered /usr/local/rvm/gems/ruby-2.5.0-ruuby/gems/actionpack-5.0.7.2/lib/action_dispatch/middleware/templates/rescues/_request_and_response.html.erb (0.7ms)
  Rendered /usr/local/rvm/gems/ruby-2.5.0-ruuby/gems/actionpack-5.0.7.2/lib/action_dispatch/middleware/templates/rescues/template_error.html.erb within rescues/layout (15.0ms)
Started GET "/" for ::1 at 2022-05-15 11:35:38 +0530
Processing by UrlController#shorthen_url as HTML
  Rendering url/shorthen_url.html.erb within layouts/application
  Rendered url/shorthen_url.html.erb within layouts/application (108.2ms)
Completed 500 Internal Server Error in 110ms (ActiveRecord: 0.0ms)


  
ActionView::Template::Error (undefined method `form_with' for #<#<Class:0x00007f2c6c6862e0>:0x00007f2c6c3549c8>
Did you mean?  form_tag):
    3: <h1>Urls#new</h1>
    4: <p>Find me in app/views/urls/new.html.erb</p>
    5: <%#= flash[:error] %>
    6: <%= form_with model: @url do |form| %>
    7:   <p>Please input the name of the url: <%= form.text_field :shorthen_url %></p>
    8:   <!-- <p>Please input url you want to shorten: <%#= form.text_field :long_url %></p>
    9:   <p>Please select user: <%#= form.collection_select :user_id, User.all, :id, :name %></p>
  
app/views/url/shorthen_url.html.erb:6:in `_app_views_url_shorthen_url_html_erb__3315304152764960898_69914385474080'
  Rendering /usr/local/rvm/gems/ruby-2.5.0-ruuby/gems/actionpack-5.0.7.2/lib/action_dispatch/middleware/templates/rescues/template_error.html.erb within rescues/layout
  Rendering /usr/local/rvm/gems/ruby-2.5.0-ruuby/gems/actionpack-5.0.7.2/lib/action_dispatch/middleware/templates/rescues/_source.html.erb
  Rendered /usr/local/rvm/gems/ruby-2.5.0-ruuby/gems/actionpack-5.0.7.2/lib/action_dispatch/middleware/templates/rescues/_source.html.erb (2.3ms)
  Rendering /usr/local/rvm/gems/ruby-2.5.0-ruuby/gems/actionpack-5.0.7.2/lib/action_dispatch/middleware/templates/rescues/_trace.html.erb
  Rendered /usr/local/rvm/gems/ruby-2.5.0-ruuby/gems/actionpack-5.0.7.2/lib/action_dispatch/middleware/templates/rescues/_trace.html.erb (1.2ms)
  Rendering /usr/local/rvm/gems/ruby-2.5.0-ruuby/gems/actionpack-5.0.7.2/lib/action_dispatch/middleware/templates/rescues/_request_and_response.html.erb
  Rendered /usr/local/rvm/gems/ruby-2.5.0-ruuby/gems/actionpack-5.0.7.2/lib/action_dispatch/middleware/templates/rescues/_request_and_response.html.erb (0.7ms)
  Rendered /usr/local/rvm/gems/ruby-2.5.0-ruuby/gems/actionpack-5.0.7.2/lib/action_dispatch/middleware/templates/rescues/template_error.html.erb within rescues/layout (13.8ms)
Started GET "/" for ::1 at 2022-05-15 11:35:59 +0530
Processing by UrlController#shorthen_url as HTML
  Rendering url/shorthen_url.html.erb within layouts/application
  Rendered url/shorthen_url.html.erb within layouts/application (2.4ms)
Completed 500 Internal Server Error in 4ms (ActiveRecord: 0.0ms)


  
ActionView::Template::Error (undefined method `text_field' for nil:NilClass):
    4: <p>Find me in app/views/urls/new.html.erb</p>
    5: <%#= flash[:error] %>
    6: <%= form_tag model: @url do |form| %>
    7:   <p>Please input the name of the url: <%= form.text_field :shorthen_url %></p>
    8:   <!-- <p>Please input url you want to shorten: <%#= form.text_field :long_url %></p>
    9:   <p>Please select user: <%#= form.collection_select :user_id, User.all, :id, :name %></p>
   10:   <p>Please select category: <%#= form.collection_select :category_id, Category.all, :id, :name %></p> -->
  
app/views/url/shorthen_url.html.erb:7:in `block in _app_views_url_shorthen_url_html_erb__3315304152764960898_69914391620380'
app/views/url/shorthen_url.html.erb:6:in `_app_views_url_shorthen_url_html_erb__3315304152764960898_69914391620380'
  Rendering /usr/local/rvm/gems/ruby-2.5.0-ruuby/gems/actionpack-5.0.7.2/lib/action_dispatch/middleware/templates/rescues/template_error.html.erb within rescues/layout
  Rendering /usr/local/rvm/gems/ruby-2.5.0-ruuby/gems/actionpack-5.0.7.2/lib/action_dispatch/middleware/templates/rescues/_source.html.erb
  Rendered /usr/local/rvm/gems/ruby-2.5.0-ruuby/gems/actionpack-5.0.7.2/lib/action_dispatch/middleware/templates/rescues/_source.html.erb (2.4ms)
  Rendering /usr/local/rvm/gems/ruby-2.5.0-ruuby/gems/actionpack-5.0.7.2/lib/action_dispatch/middleware/templates/rescues/_trace.html.erb
  Rendered /usr/local/rvm/gems/ruby-2.5.0-ruuby/gems/actionpack-5.0.7.2/lib/action_dispatch/middleware/templates/rescues/_trace.html.erb (1.2ms)
  Rendering /usr/local/rvm/gems/ruby-2.5.0-ruuby/gems/actionpack-5.0.7.2/lib/action_dispatch/middleware/templates/rescues/_request_and_response.html.erb
  Rendered /usr/local/rvm/gems/ruby-2.5.0-ruuby/gems/actionpack-5.0.7.2/lib/action_dispatch/middleware/templates/rescues/_request_and_response.html.erb (0.5ms)
  Rendered /usr/local/rvm/gems/ruby-2.5.0-ruuby/gems/actionpack-5.0.7.2/lib/action_dispatch/middleware/templates/rescues/template_error.html.erb within rescues/layout (13.5ms)
Started GET "/" for ::1 at 2022-05-15 11:36:44 +0530
Processing by UrlController#shorthen_url as HTML
  Rendering url/shorthen_url.html.erb within layouts/application
  Rendered url/shorthen_url.html.erb within layouts/application (0.7ms)
Completed 200 OK in 18ms (Views: 17.2ms | ActiveRecord: 0.0ms)


Started GET "/" for ::1 at 2022-05-15 11:36:46 +0530
Processing by UrlController#shorthen_url as HTML
  Rendering url/shorthen_url.html.erb within layouts/application
  Rendered url/shorthen_url.html.erb within layouts/application (0.5ms)
Completed 200 OK in 14ms (Views: 13.8ms | ActiveRecord: 0.0ms)


Started GET "/" for ::1 at 2022-05-15 11:37:50 +0530
Processing by UrlController#shorthen_url as HTML
  Rendering url/shorthen_url.html.erb within layouts/application
  Rendered url/shorthen_url.html.erb within layouts/application (112.4ms)
Completed 500 Internal Server Error in 115ms (ActiveRecord: 0.0ms)


  
ActionView::Template::Error (undefined method `button' for #<#<Class:0x00007f2c6c6862e0>:0x00007f2c74d45650>
Did you mean?  button_to):
    1: <%= text_field_tag(:shorthen_url,nil,{ class:"form-control",placeholder: "Search by lot number"})%>
    2: <%= button("shorthen", onsubmit: "shortUrl()") %>
  
app/views/url/shorthen_url.html.erb:2:in `_app_views_url_shorthen_url_html_erb__3315304152764960898_69914457683580'
  Rendering /usr/local/rvm/gems/ruby-2.5.0-ruuby/gems/actionpack-5.0.7.2/lib/action_dispatch/middleware/templates/rescues/template_error.html.erb within rescues/layout
  Rendering /usr/local/rvm/gems/ruby-2.5.0-ruuby/gems/actionpack-5.0.7.2/lib/action_dispatch/middleware/templates/rescues/_source.html.erb
  Rendered /usr/local/rvm/gems/ruby-2.5.0-ruuby/gems/actionpack-5.0.7.2/lib/action_dispatch/middleware/templates/rescues/_source.html.erb (2.5ms)
  Rendering /usr/local/rvm/gems/ruby-2.5.0-ruuby/gems/actionpack-5.0.7.2/lib/action_dispatch/middleware/templates/rescues/_trace.html.erb
  Rendered /usr/local/rvm/gems/ruby-2.5.0-ruuby/gems/actionpack-5.0.7.2/lib/action_dispatch/middleware/templates/rescues/_trace.html.erb (1.5ms)
  Rendering /usr/local/rvm/gems/ruby-2.5.0-ruuby/gems/actionpack-5.0.7.2/lib/action_dispatch/middleware/templates/rescues/_request_and_response.html.erb
  Rendered /usr/local/rvm/gems/ruby-2.5.0-ruuby/gems/actionpack-5.0.7.2/lib/action_dispatch/middleware/templates/rescues/_request_and_response.html.erb (0.7ms)
  Rendered /usr/local/rvm/gems/ruby-2.5.0-ruuby/gems/actionpack-5.0.7.2/lib/action_dispatch/middleware/templates/rescues/template_error.html.erb within rescues/layout (15.1ms)
Started GET "/" for ::1 at 2022-05-15 11:38:09 +0530
Processing by UrlController#shorthen_url as HTML
  Rendering url/shorthen_url.html.erb within layouts/application
  Rendered url/shorthen_url.html.erb within layouts/application (0.9ms)
Completed 200 OK in 12ms (Views: 11.3ms | ActiveRecord: 0.0ms)


Started POST "/?onclick=shortUrl%28%29" for ::1 at 2022-05-15 11:38:11 +0530
  
ActionController::RoutingError (No route matches [POST] "/"):
  
actionpack (5.0.7.2) lib/action_dispatch/middleware/debug_exceptions.rb:53:in `call'
web-console (3.7.0) lib/web_console/middleware.rb:135:in `call_app'
web-console (3.7.0) lib/web_console/middleware.rb:30:in `block in call'
web-console (3.7.0) lib/web_console/middleware.rb:20:in `catch'
web-console (3.7.0) lib/web_console/middleware.rb:20:in `call'
actionpack (5.0.7.2) lib/action_dispatch/middleware/show_exceptions.rb:31:in `call'
railties (5.0.7.2) lib/rails/rack/logger.rb:36:in `call_app'
railties (5.0.7.2) lib/rails/rack/logger.rb:24:in `block in call'
activesupport (5.0.7.2) lib/active_support/tagged_logging.rb:69:in `block in tagged'
activesupport (5.0.7.2) lib/active_support/tagged_logging.rb:26:in `tagged'
activesupport (5.0.7.2) lib/active_support/tagged_logging.rb:69:in `tagged'
railties (5.0.7.2) lib/rails/rack/logger.rb:24:in `call'
sprockets-rails (3.2.2) lib/sprockets/rails/quiet_assets.rb:13:in `call'
actionpack (5.0.7.2) lib/action_dispatch/middleware/request_id.rb:24:in `call'
rack (2.2.3) lib/rack/method_override.rb:24:in `call'
rack (2.2.3) lib/rack/runtime.rb:22:in `call'
activesupport (5.0.7.2) lib/active_support/cache/strategy/local_cache_middleware.rb:28:in `call'
actionpack (5.0.7.2) lib/action_dispatch/middleware/executor.rb:12:in `call'
actionpack (5.0.7.2) lib/action_dispatch/middleware/static.rb:136:in `call'
rack (2.2.3) lib/rack/sendfile.rb:110:in `call'
railties (5.0.7.2) lib/rails/engine.rb:522:in `call'
puma (3.12.6) lib/puma/configuration.rb:227:in `call'
puma (3.12.6) lib/puma/server.rb:706:in `handle_request'
puma (3.12.6) lib/puma/server.rb:476:in `process_client'
puma (3.12.6) lib/puma/server.rb:334:in `block in run'
puma (3.12.6) lib/puma/thread_pool.rb:135:in `block in spawn_thread'
  Rendering /usr/local/rvm/gems/ruby-2.5.0-ruuby/gems/actionpack-5.0.7.2/lib/action_dispatch/middleware/templates/rescues/routing_error.html.erb within rescues/layout
  Rendering /usr/local/rvm/gems/ruby-2.5.0-ruuby/gems/actionpack-5.0.7.2/lib/action_dispatch/middleware/templates/rescues/_trace.html.erb
  Rendered /usr/local/rvm/gems/ruby-2.5.0-ruuby/gems/actionpack-5.0.7.2/lib/action_dispatch/middleware/templates/rescues/_trace.html.erb (1.2ms)
  Rendered collection of /usr/local/rvm/gems/ruby-2.5.0-ruuby/gems/actionpack-5.0.7.2/lib/action_dispatch/middleware/templates/routes/_route.html.erb [9 times] (1.3ms)
  Rendered /usr/local/rvm/gems/ruby-2.5.0-ruuby/gems/actionpack-5.0.7.2/lib/action_dispatch/middleware/templates/routes/_table.html.erb (0.7ms)
  Rendering /usr/local/rvm/gems/ruby-2.5.0-ruuby/gems/actionpack-5.0.7.2/lib/action_dispatch/middleware/templates/rescues/_request_and_response.html.erb
  Rendered /usr/local/rvm/gems/ruby-2.5.0-ruuby/gems/actionpack-5.0.7.2/lib/action_dispatch/middleware/templates/rescues/_request_and_response.html.erb (1.7ms)
  Rendered /usr/local/rvm/gems/ruby-2.5.0-ruuby/gems/actionpack-5.0.7.2/lib/action_dispatch/middleware/templates/rescues/routing_error.html.erb within rescues/layout (19.0ms)
Started GET "/" for ::1 at 2022-05-15 11:40:52 +0530
Processing by UrlController#shorthen_url as HTML
  Rendering url/shorthen_url.html.erb within layouts/application
  Rendered url/shorthen_url.html.erb within layouts/application (0.4ms)
Completed 200 OK in 9ms (Views: 8.3ms | ActiveRecord: 0.0ms)


Started GET "/" for ::1 at 2022-05-15 11:41:18 +0530
Processing by UrlController#shorthen_url as HTML
  Rendering url/shorthen_url.html.erb within layouts/application
  Rendered url/shorthen_url.html.erb within layouts/application (0.7ms)
Completed 200 OK in 19ms (Views: 17.2ms | ActiveRecord: 0.0ms)


Started GET "/" for ::1 at 2022-05-15 11:41:19 +0530
Processing by UrlController#shorthen_url as HTML
  Rendering url/shorthen_url.html.erb within layouts/application
  Rendered url/shorthen_url.html.erb within layouts/application (0.5ms)
Completed 200 OK in 15ms (Views: 14.7ms | ActiveRecord: 0.0ms)


Started GET "/" for ::1 at 2022-05-15 11:42:52 +0530
  [1m[36mActiveRecord::SchemaMigration Load (0.3ms)[0m  [1m[34mSELECT "schema_migrations".* FROM "schema_migrations"[0m
Processing by UrlController#shorthen_url as HTML
  Rendering url/shorthen_url.html.erb within layouts/application
  Rendered url/shorthen_url.html.erb within layouts/application (2.7ms)
Completed 200 OK in 246ms (Views: 241.2ms | ActiveRecord: 0.0ms)


Started GET "/" for ::1 at 2022-05-15 11:42:53 +0530
Processing by UrlController#shorthen_url as HTML
  Rendering url/shorthen_url.html.erb within layouts/application
  Rendered url/shorthen_url.html.erb within layouts/application (0.4ms)
Completed 200 OK in 24ms (Views: 10.4ms | ActiveRecord: 0.0ms)


Started GET "/" for ::1 at 2022-05-15 11:52:03 +0530
Processing by UrlController#shorthen_url as HTML
  Rendering url/shorthen_url.html.erb within layouts/application
  Rendered url/shorthen_url.html.erb within layouts/application (0.4ms)
Completed 200 OK in 60ms (Views: 59.1ms | ActiveRecord: 0.0ms)


Started GET "/" for ::1 at 2022-05-15 11:52:23 +0530
Processing by UrlController#shorthen_url as HTML
  Rendering url/shorthen_url.html.erb within layouts/application
  Rendered url/shorthen_url.html.erb within layouts/application (0.5ms)
Completed 200 OK in 9ms (Views: 8.4ms | ActiveRecord: 0.0ms)


Started GET "/url/customize_url/" for ::1 at 2022-05-15 11:53:01 +0530
  
AbstractController::ActionNotFound (The action 'show' could not be found for UrlController):
  
actionpack (5.0.7.2) lib/abstract_controller/base.rb:121:in `process'
actionview (5.0.7.2) lib/action_view/rendering.rb:30:in `process'
actionpack (5.0.7.2) lib/action_controller/metal.rb:190:in `dispatch'
actionpack (5.0.7.2) lib/action_controller/metal.rb:262:in `dispatch'
actionpack (5.0.7.2) lib/action_dispatch/routing/route_set.rb:50:in `dispatch'
actionpack (5.0.7.2) lib/action_dispatch/routing/route_set.rb:32:in `serve'
actionpack (5.0.7.2) lib/action_dispatch/journey/router.rb:39:in `block in serve'
actionpack (5.0.7.2) lib/action_dispatch/journey/router.rb:26:in `each'
actionpack (5.0.7.2) lib/action_dispatch/journey/router.rb:26:in `serve'
actionpack (5.0.7.2) lib/action_dispatch/routing/route_set.rb:727:in `call'
rack (2.2.3) lib/rack/etag.rb:27:in `call'
rack (2.2.3) lib/rack/conditional_get.rb:27:in `call'
rack (2.2.3) lib/rack/head.rb:12:in `call'
rack (2.2.3) lib/rack/session/abstract/id.rb:266:in `context'
rack (2.2.3) lib/rack/session/abstract/id.rb:260:in `call'
actionpack (5.0.7.2) lib/action_dispatch/middleware/cookies.rb:613:in `call'
activerecord (5.0.7.2) lib/active_record/migration.rb:553:in `call'
actionpack (5.0.7.2) lib/action_dispatch/middleware/callbacks.rb:38:in `block in call'
activesupport (5.0.7.2) lib/active_support/callbacks.rb:97:in `__run_callbacks__'
activesupport (5.0.7.2) lib/active_support/callbacks.rb:750:in `_run_call_callbacks'
activesupport (5.0.7.2) lib/active_support/callbacks.rb:90:in `run_callbacks'
actionpack (5.0.7.2) lib/action_dispatch/middleware/callbacks.rb:36:in `call'
actionpack (5.0.7.2) lib/action_dispatch/middleware/executor.rb:12:in `call'
actionpack (5.0.7.2) lib/action_dispatch/middleware/remote_ip.rb:79:in `call'
actionpack (5.0.7.2) lib/action_dispatch/middleware/debug_exceptions.rb:49:in `call'
web-console (3.7.0) lib/web_console/middleware.rb:135:in `call_app'
web-console (3.7.0) lib/web_console/middleware.rb:30:in `block in call'
web-console (3.7.0) lib/web_console/middleware.rb:20:in `catch'
web-console (3.7.0) lib/web_console/middleware.rb:20:in `call'
actionpack (5.0.7.2) lib/action_dispatch/middleware/show_exceptions.rb:31:in `call'
railties (5.0.7.2) lib/rails/rack/logger.rb:36:in `call_app'
railties (5.0.7.2) lib/rails/rack/logger.rb:24:in `block in call'
activesupport (5.0.7.2) lib/active_support/tagged_logging.rb:69:in `block in tagged'
activesupport (5.0.7.2) lib/active_support/tagged_logging.rb:26:in `tagged'
activesupport (5.0.7.2) lib/active_support/tagged_logging.rb:69:in `tagged'
railties (5.0.7.2) lib/rails/rack/logger.rb:24:in `call'
sprockets-rails (3.2.2) lib/sprockets/rails/quiet_assets.rb:13:in `call'
actionpack (5.0.7.2) lib/action_dispatch/middleware/request_id.rb:24:in `call'
rack (2.2.3) lib/rack/method_override.rb:24:in `call'
rack (2.2.3) lib/rack/runtime.rb:22:in `call'
activesupport (5.0.7.2) lib/active_support/cache/strategy/local_cache_middleware.rb:28:in `call'
actionpack (5.0.7.2) lib/action_dispatch/middleware/executor.rb:12:in `call'
actionpack (5.0.7.2) lib/action_dispatch/middleware/static.rb:136:in `call'
rack (2.2.3) lib/rack/sendfile.rb:110:in `call'
railties (5.0.7.2) lib/rails/engine.rb:522:in `call'
puma (3.12.6) lib/puma/configuration.rb:227:in `call'
puma (3.12.6) lib/puma/server.rb:706:in `handle_request'
puma (3.12.6) lib/puma/server.rb:476:in `process_client'
puma (3.12.6) lib/puma/server.rb:334:in `block in run'
puma (3.12.6) lib/puma/thread_pool.rb:135:in `block in spawn_thread'
  Rendering /usr/local/rvm/gems/ruby-2.5.0-ruuby/gems/actionpack-5.0.7.2/lib/action_dispatch/middleware/templates/rescues/unknown_action.text.erb
  Rendered /usr/local/rvm/gems/ruby-2.5.0-ruuby/gems/actionpack-5.0.7.2/lib/action_dispatch/middleware/templates/rescues/unknown_action.text.erb (0.3ms)
Started GET "/" for ::1 at 2022-05-15 11:53:47 +0530
Processing by UrlController#shorthen_url as HTML
  Rendering url/shorthen_url.html.erb within layouts/application
  Rendered url/shorthen_url.html.erb within layouts/application (0.6ms)
Completed 200 OK in 16ms (Views: 14.7ms | ActiveRecord: 0.0ms)


Started GET "/url/customize_url/" for ::1 at 2022-05-15 11:54:02 +0530
  
AbstractController::ActionNotFound (The action 'show' could not be found for UrlController):
  
actionpack (5.0.7.2) lib/abstract_controller/base.rb:121:in `process'
actionview (5.0.7.2) lib/action_view/rendering.rb:30:in `process'
actionpack (5.0.7.2) lib/action_controller/metal.rb:190:in `dispatch'
actionpack (5.0.7.2) lib/action_controller/metal.rb:262:in `dispatch'
actionpack (5.0.7.2) lib/action_dispatch/routing/route_set.rb:50:in `dispatch'
actionpack (5.0.7.2) lib/action_dispatch/routing/route_set.rb:32:in `serve'
actionpack (5.0.7.2) lib/action_dispatch/journey/router.rb:39:in `block in serve'
actionpack (5.0.7.2) lib/action_dispatch/journey/router.rb:26:in `each'
actionpack (5.0.7.2) lib/action_dispatch/journey/router.rb:26:in `serve'
actionpack (5.0.7.2) lib/action_dispatch/routing/route_set.rb:727:in `call'
rack (2.2.3) lib/rack/etag.rb:27:in `call'
rack (2.2.3) lib/rack/conditional_get.rb:27:in `call'
rack (2.2.3) lib/rack/head.rb:12:in `call'
rack (2.2.3) lib/rack/session/abstract/id.rb:266:in `context'
rack (2.2.3) lib/rack/session/abstract/id.rb:260:in `call'
actionpack (5.0.7.2) lib/action_dispatch/middleware/cookies.rb:613:in `call'
activerecord (5.0.7.2) lib/active_record/migration.rb:553:in `call'
actionpack (5.0.7.2) lib/action_dispatch/middleware/callbacks.rb:38:in `block in call'
activesupport (5.0.7.2) lib/active_support/callbacks.rb:97:in `__run_callbacks__'
activesupport (5.0.7.2) lib/active_support/callbacks.rb:750:in `_run_call_callbacks'
activesupport (5.0.7.2) lib/active_support/callbacks.rb:90:in `run_callbacks'
actionpack (5.0.7.2) lib/action_dispatch/middleware/callbacks.rb:36:in `call'
actionpack (5.0.7.2) lib/action_dispatch/middleware/executor.rb:12:in `call'
actionpack (5.0.7.2) lib/action_dispatch/middleware/remote_ip.rb:79:in `call'
actionpack (5.0.7.2) lib/action_dispatch/middleware/debug_exceptions.rb:49:in `call'
web-console (3.7.0) lib/web_console/middleware.rb:135:in `call_app'
web-console (3.7.0) lib/web_console/middleware.rb:30:in `block in call'
web-console (3.7.0) lib/web_console/middleware.rb:20:in `catch'
web-console (3.7.0) lib/web_console/middleware.rb:20:in `call'
actionpack (5.0.7.2) lib/action_dispatch/middleware/show_exceptions.rb:31:in `call'
railties (5.0.7.2) lib/rails/rack/logger.rb:36:in `call_app'
railties (5.0.7.2) lib/rails/rack/logger.rb:24:in `block in call'
activesupport (5.0.7.2) lib/active_support/tagged_logging.rb:69:in `block in tagged'
activesupport (5.0.7.2) lib/active_support/tagged_logging.rb:26:in `tagged'
activesupport (5.0.7.2) lib/active_support/tagged_logging.rb:69:in `tagged'
railties (5.0.7.2) lib/rails/rack/logger.rb:24:in `call'
sprockets-rails (3.2.2) lib/sprockets/rails/quiet_assets.rb:13:in `call'
actionpack (5.0.7.2) lib/action_dispatch/middleware/request_id.rb:24:in `call'
rack (2.2.3) lib/rack/method_override.rb:24:in `call'
rack (2.2.3) lib/rack/runtime.rb:22:in `call'
activesupport (5.0.7.2) lib/active_support/cache/strategy/local_cache_middleware.rb:28:in `call'
actionpack (5.0.7.2) lib/action_dispatch/middleware/executor.rb:12:in `call'
actionpack (5.0.7.2) lib/action_dispatch/middleware/static.rb:136:in `call'
rack (2.2.3) lib/rack/sendfile.rb:110:in `call'
railties (5.0.7.2) lib/rails/engine.rb:522:in `call'
puma (3.12.6) lib/puma/configuration.rb:227:in `call'
puma (3.12.6) lib/puma/server.rb:706:in `handle_request'
puma (3.12.6) lib/puma/server.rb:476:in `process_client'
puma (3.12.6) lib/puma/server.rb:334:in `block in run'
puma (3.12.6) lib/puma/thread_pool.rb:135:in `block in spawn_thread'
  Rendering /usr/local/rvm/gems/ruby-2.5.0-ruuby/gems/actionpack-5.0.7.2/lib/action_dispatch/middleware/templates/rescues/unknown_action.text.erb
  Rendered /usr/local/rvm/gems/ruby-2.5.0-ruuby/gems/actionpack-5.0.7.2/lib/action_dispatch/middleware/templates/rescues/unknown_action.text.erb (0.4ms)
Started GET "/" for ::1 at 2022-05-15 11:55:26 +0530
Processing by UrlController#shorthen_url as HTML
  Rendering url/shorthen_url.html.erb within layouts/application
  Rendered url/shorthen_url.html.erb within layouts/application (0.4ms)
Completed 200 OK in 62ms (Views: 61.0ms | ActiveRecord: 0.0ms)


Started GET "/" for ::1 at 2022-05-15 11:57:45 +0530
Processing by UrlController#shorthen_url as HTML
  Rendering url/shorthen_url.html.erb within layouts/application
  Rendered url/shorthen_url.html.erb within layouts/application (0.4ms)
Completed 200 OK in 60ms (Views: 58.8ms | ActiveRecord: 0.0ms)


Started GET "/url/customize_url/?og_url=sdsdsd" for ::1 at 2022-05-15 11:58:10 +0530
  
AbstractController::ActionNotFound (The action 'show' could not be found for UrlController):
  
actionpack (5.0.7.2) lib/abstract_controller/base.rb:121:in `process'
actionview (5.0.7.2) lib/action_view/rendering.rb:30:in `process'
actionpack (5.0.7.2) lib/action_controller/metal.rb:190:in `dispatch'
actionpack (5.0.7.2) lib/action_controller/metal.rb:262:in `dispatch'
actionpack (5.0.7.2) lib/action_dispatch/routing/route_set.rb:50:in `dispatch'
actionpack (5.0.7.2) lib/action_dispatch/routing/route_set.rb:32:in `serve'
actionpack (5.0.7.2) lib/action_dispatch/journey/router.rb:39:in `block in serve'
actionpack (5.0.7.2) lib/action_dispatch/journey/router.rb:26:in `each'
actionpack (5.0.7.2) lib/action_dispatch/journey/router.rb:26:in `serve'
actionpack (5.0.7.2) lib/action_dispatch/routing/route_set.rb:727:in `call'
rack (2.2.3) lib/rack/etag.rb:27:in `call'
rack (2.2.3) lib/rack/conditional_get.rb:27:in `call'
rack (2.2.3) lib/rack/head.rb:12:in `call'
rack (2.2.3) lib/rack/session/abstract/id.rb:266:in `context'
rack (2.2.3) lib/rack/session/abstract/id.rb:260:in `call'
actionpack (5.0.7.2) lib/action_dispatch/middleware/cookies.rb:613:in `call'
activerecord (5.0.7.2) lib/active_record/migration.rb:553:in `call'
actionpack (5.0.7.2) lib/action_dispatch/middleware/callbacks.rb:38:in `block in call'
activesupport (5.0.7.2) lib/active_support/callbacks.rb:97:in `__run_callbacks__'
activesupport (5.0.7.2) lib/active_support/callbacks.rb:750:in `_run_call_callbacks'
activesupport (5.0.7.2) lib/active_support/callbacks.rb:90:in `run_callbacks'
actionpack (5.0.7.2) lib/action_dispatch/middleware/callbacks.rb:36:in `call'
actionpack (5.0.7.2) lib/action_dispatch/middleware/executor.rb:12:in `call'
actionpack (5.0.7.2) lib/action_dispatch/middleware/remote_ip.rb:79:in `call'
actionpack (5.0.7.2) lib/action_dispatch/middleware/debug_exceptions.rb:49:in `call'
web-console (3.7.0) lib/web_console/middleware.rb:135:in `call_app'
web-console (3.7.0) lib/web_console/middleware.rb:30:in `block in call'
web-console (3.7.0) lib/web_console/middleware.rb:20:in `catch'
web-console (3.7.0) lib/web_console/middleware.rb:20:in `call'
actionpack (5.0.7.2) lib/action_dispatch/middleware/show_exceptions.rb:31:in `call'
railties (5.0.7.2) lib/rails/rack/logger.rb:36:in `call_app'
railties (5.0.7.2) lib/rails/rack/logger.rb:24:in `block in call'
activesupport (5.0.7.2) lib/active_support/tagged_logging.rb:69:in `block in tagged'
activesupport (5.0.7.2) lib/active_support/tagged_logging.rb:26:in `tagged'
activesupport (5.0.7.2) lib/active_support/tagged_logging.rb:69:in `tagged'
railties (5.0.7.2) lib/rails/rack/logger.rb:24:in `call'
sprockets-rails (3.2.2) lib/sprockets/rails/quiet_assets.rb:13:in `call'
actionpack (5.0.7.2) lib/action_dispatch/middleware/request_id.rb:24:in `call'
rack (2.2.3) lib/rack/method_override.rb:24:in `call'
rack (2.2.3) lib/rack/runtime.rb:22:in `call'
activesupport (5.0.7.2) lib/active_support/cache/strategy/local_cache_middleware.rb:28:in `call'
actionpack (5.0.7.2) lib/action_dispatch/middleware/executor.rb:12:in `call'
actionpack (5.0.7.2) lib/action_dispatch/middleware/static.rb:136:in `call'
rack (2.2.3) lib/rack/sendfile.rb:110:in `call'
railties (5.0.7.2) lib/rails/engine.rb:522:in `call'
puma (3.12.6) lib/puma/configuration.rb:227:in `call'
puma (3.12.6) lib/puma/server.rb:706:in `handle_request'
puma (3.12.6) lib/puma/server.rb:476:in `process_client'
puma (3.12.6) lib/puma/server.rb:334:in `block in run'
puma (3.12.6) lib/puma/thread_pool.rb:135:in `block in spawn_thread'
  Rendering /usr/local/rvm/gems/ruby-2.5.0-ruuby/gems/actionpack-5.0.7.2/lib/action_dispatch/middleware/templates/rescues/unknown_action.text.erb
  Rendered /usr/local/rvm/gems/ruby-2.5.0-ruuby/gems/actionpack-5.0.7.2/lib/action_dispatch/middleware/templates/rescues/unknown_action.text.erb (0.3ms)
Started GET "/" for ::1 at 2022-05-15 11:59:00 +0530
Processing by UrlController#shorthen_url as HTML
  Rendering url/shorthen_url.html.erb within layouts/application
  Rendered url/shorthen_url.html.erb within layouts/application (0.4ms)
Completed 200 OK in 25ms (Views: 24.0ms | ActiveRecord: 0.0ms)


Started GET "/url/customize_url/?og_url=dsdsdsd" for ::1 at 2022-05-15 11:59:09 +0530
  
AbstractController::ActionNotFound (The action 'show' could not be found for UrlController):
  
actionpack (5.0.7.2) lib/abstract_controller/base.rb:121:in `process'
actionview (5.0.7.2) lib/action_view/rendering.rb:30:in `process'
actionpack (5.0.7.2) lib/action_controller/metal.rb:190:in `dispatch'
actionpack (5.0.7.2) lib/action_controller/metal.rb:262:in `dispatch'
actionpack (5.0.7.2) lib/action_dispatch/routing/route_set.rb:50:in `dispatch'
actionpack (5.0.7.2) lib/action_dispatch/routing/route_set.rb:32:in `serve'
actionpack (5.0.7.2) lib/action_dispatch/journey/router.rb:39:in `block in serve'
actionpack (5.0.7.2) lib/action_dispatch/journey/router.rb:26:in `each'
actionpack (5.0.7.2) lib/action_dispatch/journey/router.rb:26:in `serve'
actionpack (5.0.7.2) lib/action_dispatch/routing/route_set.rb:727:in `call'
rack (2.2.3) lib/rack/etag.rb:27:in `call'
rack (2.2.3) lib/rack/conditional_get.rb:27:in `call'
rack (2.2.3) lib/rack/head.rb:12:in `call'
rack (2.2.3) lib/rack/session/abstract/id.rb:266:in `context'
rack (2.2.3) lib/rack/session/abstract/id.rb:260:in `call'
actionpack (5.0.7.2) lib/action_dispatch/middleware/cookies.rb:613:in `call'
activerecord (5.0.7.2) lib/active_record/migration.rb:553:in `call'
actionpack (5.0.7.2) lib/action_dispatch/middleware/callbacks.rb:38:in `block in call'
activesupport (5.0.7.2) lib/active_support/callbacks.rb:97:in `__run_callbacks__'
activesupport (5.0.7.2) lib/active_support/callbacks.rb:750:in `_run_call_callbacks'
activesupport (5.0.7.2) lib/active_support/callbacks.rb:90:in `run_callbacks'
actionpack (5.0.7.2) lib/action_dispatch/middleware/callbacks.rb:36:in `call'
actionpack (5.0.7.2) lib/action_dispatch/middleware/executor.rb:12:in `call'
actionpack (5.0.7.2) lib/action_dispatch/middleware/remote_ip.rb:79:in `call'
actionpack (5.0.7.2) lib/action_dispatch/middleware/debug_exceptions.rb:49:in `call'
web-console (3.7.0) lib/web_console/middleware.rb:135:in `call_app'
web-console (3.7.0) lib/web_console/middleware.rb:30:in `block in call'
web-console (3.7.0) lib/web_console/middleware.rb:20:in `catch'
web-console (3.7.0) lib/web_console/middleware.rb:20:in `call'
actionpack (5.0.7.2) lib/action_dispatch/middleware/show_exceptions.rb:31:in `call'
railties (5.0.7.2) lib/rails/rack/logger.rb:36:in `call_app'
railties (5.0.7.2) lib/rails/rack/logger.rb:24:in `block in call'
activesupport (5.0.7.2) lib/active_support/tagged_logging.rb:69:in `block in tagged'
activesupport (5.0.7.2) lib/active_support/tagged_logging.rb:26:in `tagged'
activesupport (5.0.7.2) lib/active_support/tagged_logging.rb:69:in `tagged'
railties (5.0.7.2) lib/rails/rack/logger.rb:24:in `call'
sprockets-rails (3.2.2) lib/sprockets/rails/quiet_assets.rb:13:in `call'
actionpack (5.0.7.2) lib/action_dispatch/middleware/request_id.rb:24:in `call'
rack (2.2.3) lib/rack/method_override.rb:24:in `call'
rack (2.2.3) lib/rack/runtime.rb:22:in `call'
activesupport (5.0.7.2) lib/active_support/cache/strategy/local_cache_middleware.rb:28:in `call'
actionpack (5.0.7.2) lib/action_dispatch/middleware/executor.rb:12:in `call'
actionpack (5.0.7.2) lib/action_dispatch/middleware/static.rb:136:in `call'
rack (2.2.3) lib/rack/sendfile.rb:110:in `call'
railties (5.0.7.2) lib/rails/engine.rb:522:in `call'
puma (3.12.6) lib/puma/configuration.rb:227:in `call'
puma (3.12.6) lib/puma/server.rb:706:in `handle_request'
puma (3.12.6) lib/puma/server.rb:476:in `process_client'
puma (3.12.6) lib/puma/server.rb:334:in `block in run'
puma (3.12.6) lib/puma/thread_pool.rb:135:in `block in spawn_thread'
  Rendering /usr/local/rvm/gems/ruby-2.5.0-ruuby/gems/actionpack-5.0.7.2/lib/action_dispatch/middleware/templates/rescues/unknown_action.text.erb
  Rendered /usr/local/rvm/gems/ruby-2.5.0-ruuby/gems/actionpack-5.0.7.2/lib/action_dispatch/middleware/templates/rescues/unknown_action.text.erb (0.3ms)
Started GET "/" for ::1 at 2022-05-15 12:00:50 +0530
Processing by UrlController#shorthen_url as HTML
  Rendering url/shorthen_url.html.erb within layouts/application
  Rendered url/shorthen_url.html.erb within layouts/application (0.9ms)
Completed 200 OK in 33ms (Views: 32.2ms | ActiveRecord: 0.0ms)


Started GET "/url/customize_url/?og_url=dfefsd" for ::1 at 2022-05-15 12:00:59 +0530
Processing by UrlController#customize_url as */*
  Parameters: {"og_url"=>"dfefsd"}
Started GET "/" for ::1 at 2022-05-15 12:04:56 +0530
Processing by UrlController#shorthen_url as HTML
  Rendering url/shorthen_url.html.erb within layouts/application
  Rendered url/shorthen_url.html.erb within layouts/application (0.4ms)
Completed 200 OK in 12ms (Views: 11.2ms | ActiveRecord: 0.0ms)


No template found for UrlController#customize_url, rendering head :no_content
Completed 204 No Content in 237025ms (ActiveRecord: 0.0ms)


Started GET "/" for ::1 at 2022-05-15 12:04:59 +0530
Processing by UrlController#shorthen_url as HTML
  Rendering url/shorthen_url.html.erb within layouts/application
  Rendered url/shorthen_url.html.erb within layouts/application (0.6ms)
Completed 200 OK in 11ms (Views: 10.0ms | ActiveRecord: 0.0ms)


Started GET "/url/customize_url/?og_url=http%3A%2F%2Flocalhost%3A3000%2F" for ::1 at 2022-05-15 12:05:12 +0530
Processing by UrlController#customize_url as */*
  Parameters: {"og_url"=>"http://localhost:3000/"}
Completed 500 Internal Server Error in 174357ms (ActiveRecord: 0.0ms)


  
NoMethodError (undefined method `short_url' for #<UrlController:0x00007f93481622a8>
Did you mean?  shorthen_url
               root_url):
  
app/controllers/url_controller.rb:10:in `customize_url'
  Rendering /usr/local/rvm/gems/ruby-2.5.0-ruuby/gems/actionpack-5.0.7.2/lib/action_dispatch/middleware/templates/rescues/diagnostics.text.erb
  Rendering /usr/local/rvm/gems/ruby-2.5.0-ruuby/gems/actionpack-5.0.7.2/lib/action_dispatch/middleware/templates/rescues/_source.text.erb
  Rendered /usr/local/rvm/gems/ruby-2.5.0-ruuby/gems/actionpack-5.0.7.2/lib/action_dispatch/middleware/templates/rescues/_source.text.erb (1.3ms)
  Rendering /usr/local/rvm/gems/ruby-2.5.0-ruuby/gems/actionpack-5.0.7.2/lib/action_dispatch/middleware/templates/rescues/_trace.text.erb
  Rendered /usr/local/rvm/gems/ruby-2.5.0-ruuby/gems/actionpack-5.0.7.2/lib/action_dispatch/middleware/templates/rescues/_trace.text.erb (0.7ms)
  Rendering /usr/local/rvm/gems/ruby-2.5.0-ruuby/gems/actionpack-5.0.7.2/lib/action_dispatch/middleware/templates/rescues/_request_and_response.text.erb
  Rendered /usr/local/rvm/gems/ruby-2.5.0-ruuby/gems/actionpack-5.0.7.2/lib/action_dispatch/middleware/templates/rescues/_request_and_response.text.erb (0.7ms)
  Rendered /usr/local/rvm/gems/ruby-2.5.0-ruuby/gems/actionpack-5.0.7.2/lib/action_dispatch/middleware/templates/rescues/diagnostics.text.erb (65.6ms)
  [1m[36mShorthenUrl Load (0.1ms)[0m  [1m[34mSELECT  "shorthen_urls".* FROM "shorthen_urls" ORDER BY "shorthen_urls"."id" DESC LIMIT ?[0m  [["LIMIT", 1]]
  [1m[35m (0.1ms)[0m  [1m[36mbegin transaction[0m
  [1m[35mSQL (0.4ms)[0m  [1m[32mINSERT INTO "shorthen_urls" ("short_url", "original_url", "created_at", "updated_at") VALUES (?, ?, ?, ?)[0m  [["short_url", "shorty"], ["original_url", "https://www.mylink.com/with-a-large-url"], ["created_at", "2022-05-15 06:44:49.964088"], ["updated_at", "2022-05-15 06:44:49.964088"]]
  [1m[35m (7.0ms)[0m  [1m[36mcommit transaction[0m
  [1m[35m (0.0ms)[0m  [1m[36mbegin transaction[0m
  [1m[35mSQL (0.5ms)[0m  [1m[32mINSERT INTO "shorthen_urls" ("original_url", "created_at", "updated_at") VALUES (?, ?, ?)[0m  [["original_url", "https://www.mylink.com/with-a-large-url"], ["created_at", "2022-05-15 07:22:54.188634"], ["updated_at", "2022-05-15 07:22:54.188634"]]
  [1m[35m (7.3ms)[0m  [1m[36mcommit transaction[0m
  [1m[36mShorthenUrl Load (0.1ms)[0m  [1m[34mSELECT  "shorthen_urls".* FROM "shorthen_urls" ORDER BY "shorthen_urls"."id" DESC LIMIT ?[0m  [["LIMIT", 1]]
Started GET "/short" for ::1 at 2022-05-15 13:39:42 +0530
  [1m[36mActiveRecord::SchemaMigration Load (0.2ms)[0m  [1m[34mSELECT "schema_migrations".* FROM "schema_migrations"[0m
Processing by UrlController#send_to_url as HTML
  Parameters: {"short"=>"short"}
Completed 406 Not Acceptable in 6522ms (ActiveRecord: 0.0ms)


  
ActionController::UnknownFormat (UrlController#send_to_url is missing a template for this request format and variant.

request.formats: ["text/html"]
request.variant: []

NOTE! For XHR/Ajax or API requests, this action would normally respond with 204 No Content: an empty white screen. Since you're loading it in a web browser, we assume that you expected to actually render a template, not nothing, so we're showing an error to be extra-clear. If you expect 204 No Content, carry on. That's what you'll get from an XHR or API request. Give it a shot.):
  
actionpack (5.0.7.2) lib/action_controller/metal/implicit_render.rb:56:in `default_render'
actionpack (5.0.7.2) lib/action_controller/metal/basic_implicit_render.rb:4:in `block in send_action'
actionpack (5.0.7.2) lib/action_controller/metal/basic_implicit_render.rb:4:in `tap'
actionpack (5.0.7.2) lib/action_controller/metal/basic_implicit_render.rb:4:in `send_action'
actionpack (5.0.7.2) lib/abstract_controller/base.rb:188:in `process_action'
actionpack (5.0.7.2) lib/action_controller/metal/rendering.rb:30:in `process_action'
actionpack (5.0.7.2) lib/abstract_controller/callbacks.rb:20:in `block in process_action'
activesupport (5.0.7.2) lib/active_support/callbacks.rb:126:in `call'
activesupport (5.0.7.2) lib/active_support/callbacks.rb:506:in `block (2 levels) in compile'
activesupport (5.0.7.2) lib/active_support/callbacks.rb:455:in `call'
activesupport (5.0.7.2) lib/active_support/callbacks.rb:101:in `__run_callbacks__'
activesupport (5.0.7.2) lib/active_support/callbacks.rb:750:in `_run_process_action_callbacks'
activesupport (5.0.7.2) lib/active_support/callbacks.rb:90:in `run_callbacks'
actionpack (5.0.7.2) lib/abstract_controller/callbacks.rb:19:in `process_action'
actionpack (5.0.7.2) lib/action_controller/metal/rescue.rb:20:in `process_action'
actionpack (5.0.7.2) lib/action_controller/metal/instrumentation.rb:32:in `block in process_action'
activesupport (5.0.7.2) lib/active_support/notifications.rb:164:in `block in instrument'
activesupport (5.0.7.2) lib/active_support/notifications/instrumenter.rb:21:in `instrument'
activesupport (5.0.7.2) lib/active_support/notifications.rb:164:in `instrument'
actionpack (5.0.7.2) lib/action_controller/metal/instrumentation.rb:30:in `process_action'
actionpack (5.0.7.2) lib/action_controller/metal/params_wrapper.rb:248:in `process_action'
activerecord (5.0.7.2) lib/active_record/railties/controller_runtime.rb:18:in `process_action'
actionpack (5.0.7.2) lib/abstract_controller/base.rb:126:in `process'
actionview (5.0.7.2) lib/action_view/rendering.rb:30:in `process'
actionpack (5.0.7.2) lib/action_controller/metal.rb:190:in `dispatch'
actionpack (5.0.7.2) lib/action_controller/metal.rb:262:in `dispatch'
actionpack (5.0.7.2) lib/action_dispatch/routing/route_set.rb:50:in `dispatch'
actionpack (5.0.7.2) lib/action_dispatch/routing/route_set.rb:32:in `serve'
actionpack (5.0.7.2) lib/action_dispatch/journey/router.rb:39:in `block in serve'
actionpack (5.0.7.2) lib/action_dispatch/journey/router.rb:26:in `each'
actionpack (5.0.7.2) lib/action_dispatch/journey/router.rb:26:in `serve'
actionpack (5.0.7.2) lib/action_dispatch/routing/route_set.rb:727:in `call'
rack (2.2.3) lib/rack/etag.rb:27:in `call'
rack (2.2.3) lib/rack/conditional_get.rb:27:in `call'
rack (2.2.3) lib/rack/head.rb:12:in `call'
rack (2.2.3) lib/rack/session/abstract/id.rb:266:in `context'
rack (2.2.3) lib/rack/session/abstract/id.rb:260:in `call'
actionpack (5.0.7.2) lib/action_dispatch/middleware/cookies.rb:613:in `call'
activerecord (5.0.7.2) lib/active_record/migration.rb:553:in `call'
actionpack (5.0.7.2) lib/action_dispatch/middleware/callbacks.rb:38:in `block in call'
activesupport (5.0.7.2) lib/active_support/callbacks.rb:97:in `__run_callbacks__'
activesupport (5.0.7.2) lib/active_support/callbacks.rb:750:in `_run_call_callbacks'
activesupport (5.0.7.2) lib/active_support/callbacks.rb:90:in `run_callbacks'
actionpack (5.0.7.2) lib/action_dispatch/middleware/callbacks.rb:36:in `call'
actionpack (5.0.7.2) lib/action_dispatch/middleware/executor.rb:12:in `call'
actionpack (5.0.7.2) lib/action_dispatch/middleware/remote_ip.rb:79:in `call'
actionpack (5.0.7.2) lib/action_dispatch/middleware/debug_exceptions.rb:49:in `call'
web-console (3.7.0) lib/web_console/middleware.rb:135:in `call_app'
web-console (3.7.0) lib/web_console/middleware.rb:30:in `block in call'
web-console (3.7.0) lib/web_console/middleware.rb:20:in `catch'
web-console (3.7.0) lib/web_console/middleware.rb:20:in `call'
actionpack (5.0.7.2) lib/action_dispatch/middleware/show_exceptions.rb:31:in `call'
railties (5.0.7.2) lib/rails/rack/logger.rb:36:in `call_app'
railties (5.0.7.2) lib/rails/rack/logger.rb:24:in `block in call'
activesupport (5.0.7.2) lib/active_support/tagged_logging.rb:69:in `block in tagged'
activesupport (5.0.7.2) lib/active_support/tagged_logging.rb:26:in `tagged'
activesupport (5.0.7.2) lib/active_support/tagged_logging.rb:69:in `tagged'
railties (5.0.7.2) lib/rails/rack/logger.rb:24:in `call'
sprockets-rails (3.2.2) lib/sprockets/rails/quiet_assets.rb:13:in `call'
actionpack (5.0.7.2) lib/action_dispatch/middleware/request_id.rb:24:in `call'
rack (2.2.3) lib/rack/method_override.rb:24:in `call'
rack (2.2.3) lib/rack/runtime.rb:22:in `call'
activesupport (5.0.7.2) lib/active_support/cache/strategy/local_cache_middleware.rb:28:in `call'
actionpack (5.0.7.2) lib/action_dispatch/middleware/executor.rb:12:in `call'
actionpack (5.0.7.2) lib/action_dispatch/middleware/static.rb:136:in `call'
rack (2.2.3) lib/rack/sendfile.rb:110:in `call'
railties (5.0.7.2) lib/rails/engine.rb:522:in `call'
puma (3.12.6) lib/puma/configuration.rb:227:in `call'
puma (3.12.6) lib/puma/server.rb:706:in `handle_request'
puma (3.12.6) lib/puma/server.rb:476:in `process_client'
puma (3.12.6) lib/puma/server.rb:334:in `block in run'
puma (3.12.6) lib/puma/thread_pool.rb:135:in `block in spawn_thread'
  Rendering /usr/local/rvm/gems/ruby-2.5.0-ruuby/gems/actionpack-5.0.7.2/lib/action_dispatch/middleware/templates/rescues/diagnostics.html.erb within rescues/layout
  Rendering /usr/local/rvm/gems/ruby-2.5.0-ruuby/gems/actionpack-5.0.7.2/lib/action_dispatch/middleware/templates/rescues/_source.html.erb
  Rendered /usr/local/rvm/gems/ruby-2.5.0-ruuby/gems/actionpack-5.0.7.2/lib/action_dispatch/middleware/templates/rescues/_source.html.erb (2.6ms)
  Rendering /usr/local/rvm/gems/ruby-2.5.0-ruuby/gems/actionpack-5.0.7.2/lib/action_dispatch/middleware/templates/rescues/_trace.html.erb
  Rendered /usr/local/rvm/gems/ruby-2.5.0-ruuby/gems/actionpack-5.0.7.2/lib/action_dispatch/middleware/templates/rescues/_trace.html.erb (1.0ms)
  Rendering /usr/local/rvm/gems/ruby-2.5.0-ruuby/gems/actionpack-5.0.7.2/lib/action_dispatch/middleware/templates/rescues/_request_and_response.html.erb
  Rendered /usr/local/rvm/gems/ruby-2.5.0-ruuby/gems/actionpack-5.0.7.2/lib/action_dispatch/middleware/templates/rescues/_request_and_response.html.erb (0.9ms)
  Rendered /usr/local/rvm/gems/ruby-2.5.0-ruuby/gems/actionpack-5.0.7.2/lib/action_dispatch/middleware/templates/rescues/diagnostics.html.erb within rescues/layout (19.8ms)
Started GET "/2" for ::1 at 2022-05-15 13:39:58 +0530
Processing by UrlController#send_to_url as HTML
  Parameters: {"short"=>"2"}
Completed 406 Not Acceptable in 3487ms (ActiveRecord: 0.0ms)


  
ActionController::UnknownFormat (UrlController#send_to_url is missing a template for this request format and variant.

request.formats: ["text/html"]
request.variant: []

NOTE! For XHR/Ajax or API requests, this action would normally respond with 204 No Content: an empty white screen. Since you're loading it in a web browser, we assume that you expected to actually render a template, not nothing, so we're showing an error to be extra-clear. If you expect 204 No Content, carry on. That's what you'll get from an XHR or API request. Give it a shot.):
  
actionpack (5.0.7.2) lib/action_controller/metal/implicit_render.rb:56:in `default_render'
actionpack (5.0.7.2) lib/action_controller/metal/basic_implicit_render.rb:4:in `block in send_action'
actionpack (5.0.7.2) lib/action_controller/metal/basic_implicit_render.rb:4:in `tap'
actionpack (5.0.7.2) lib/action_controller/metal/basic_implicit_render.rb:4:in `send_action'
actionpack (5.0.7.2) lib/abstract_controller/base.rb:188:in `process_action'
actionpack (5.0.7.2) lib/action_controller/metal/rendering.rb:30:in `process_action'
actionpack (5.0.7.2) lib/abstract_controller/callbacks.rb:20:in `block in process_action'
activesupport (5.0.7.2) lib/active_support/callbacks.rb:126:in `call'
activesupport (5.0.7.2) lib/active_support/callbacks.rb:506:in `block (2 levels) in compile'
activesupport (5.0.7.2) lib/active_support/callbacks.rb:455:in `call'
activesupport (5.0.7.2) lib/active_support/callbacks.rb:101:in `__run_callbacks__'
activesupport (5.0.7.2) lib/active_support/callbacks.rb:750:in `_run_process_action_callbacks'
activesupport (5.0.7.2) lib/active_support/callbacks.rb:90:in `run_callbacks'
actionpack (5.0.7.2) lib/abstract_controller/callbacks.rb:19:in `process_action'
actionpack (5.0.7.2) lib/action_controller/metal/rescue.rb:20:in `process_action'
actionpack (5.0.7.2) lib/action_controller/metal/instrumentation.rb:32:in `block in process_action'
activesupport (5.0.7.2) lib/active_support/notifications.rb:164:in `block in instrument'
activesupport (5.0.7.2) lib/active_support/notifications/instrumenter.rb:21:in `instrument'
activesupport (5.0.7.2) lib/active_support/notifications.rb:164:in `instrument'
actionpack (5.0.7.2) lib/action_controller/metal/instrumentation.rb:30:in `process_action'
actionpack (5.0.7.2) lib/action_controller/metal/params_wrapper.rb:248:in `process_action'
activerecord (5.0.7.2) lib/active_record/railties/controller_runtime.rb:18:in `process_action'
actionpack (5.0.7.2) lib/abstract_controller/base.rb:126:in `process'
actionview (5.0.7.2) lib/action_view/rendering.rb:30:in `process'
actionpack (5.0.7.2) lib/action_controller/metal.rb:190:in `dispatch'
actionpack (5.0.7.2) lib/action_controller/metal.rb:262:in `dispatch'
actionpack (5.0.7.2) lib/action_dispatch/routing/route_set.rb:50:in `dispatch'
actionpack (5.0.7.2) lib/action_dispatch/routing/route_set.rb:32:in `serve'
actionpack (5.0.7.2) lib/action_dispatch/journey/router.rb:39:in `block in serve'
actionpack (5.0.7.2) lib/action_dispatch/journey/router.rb:26:in `each'
actionpack (5.0.7.2) lib/action_dispatch/journey/router.rb:26:in `serve'
actionpack (5.0.7.2) lib/action_dispatch/routing/route_set.rb:727:in `call'
rack (2.2.3) lib/rack/etag.rb:27:in `call'
rack (2.2.3) lib/rack/conditional_get.rb:27:in `call'
rack (2.2.3) lib/rack/head.rb:12:in `call'
rack (2.2.3) lib/rack/session/abstract/id.rb:266:in `context'
rack (2.2.3) lib/rack/session/abstract/id.rb:260:in `call'
actionpack (5.0.7.2) lib/action_dispatch/middleware/cookies.rb:613:in `call'
activerecord (5.0.7.2) lib/active_record/migration.rb:553:in `call'
actionpack (5.0.7.2) lib/action_dispatch/middleware/callbacks.rb:38:in `block in call'
activesupport (5.0.7.2) lib/active_support/callbacks.rb:97:in `__run_callbacks__'
activesupport (5.0.7.2) lib/active_support/callbacks.rb:750:in `_run_call_callbacks'
activesupport (5.0.7.2) lib/active_support/callbacks.rb:90:in `run_callbacks'
actionpack (5.0.7.2) lib/action_dispatch/middleware/callbacks.rb:36:in `call'
actionpack (5.0.7.2) lib/action_dispatch/middleware/executor.rb:12:in `call'
actionpack (5.0.7.2) lib/action_dispatch/middleware/remote_ip.rb:79:in `call'
actionpack (5.0.7.2) lib/action_dispatch/middleware/debug_exceptions.rb:49:in `call'
web-console (3.7.0) lib/web_console/middleware.rb:135:in `call_app'
web-console (3.7.0) lib/web_console/middleware.rb:30:in `block in call'
web-console (3.7.0) lib/web_console/middleware.rb:20:in `catch'
web-console (3.7.0) lib/web_console/middleware.rb:20:in `call'
actionpack (5.0.7.2) lib/action_dispatch/middleware/show_exceptions.rb:31:in `call'
railties (5.0.7.2) lib/rails/rack/logger.rb:36:in `call_app'
railties (5.0.7.2) lib/rails/rack/logger.rb:24:in `block in call'
activesupport (5.0.7.2) lib/active_support/tagged_logging.rb:69:in `block in tagged'
activesupport (5.0.7.2) lib/active_support/tagged_logging.rb:26:in `tagged'
activesupport (5.0.7.2) lib/active_support/tagged_logging.rb:69:in `tagged'
railties (5.0.7.2) lib/rails/rack/logger.rb:24:in `call'
sprockets-rails (3.2.2) lib/sprockets/rails/quiet_assets.rb:13:in `call'
actionpack (5.0.7.2) lib/action_dispatch/middleware/request_id.rb:24:in `call'
rack (2.2.3) lib/rack/method_override.rb:24:in `call'
rack (2.2.3) lib/rack/runtime.rb:22:in `call'
activesupport (5.0.7.2) lib/active_support/cache/strategy/local_cache_middleware.rb:28:in `call'
actionpack (5.0.7.2) lib/action_dispatch/middleware/executor.rb:12:in `call'
actionpack (5.0.7.2) lib/action_dispatch/middleware/static.rb:136:in `call'
rack (2.2.3) lib/rack/sendfile.rb:110:in `call'
railties (5.0.7.2) lib/rails/engine.rb:522:in `call'
puma (3.12.6) lib/puma/configuration.rb:227:in `call'
puma (3.12.6) lib/puma/server.rb:706:in `handle_request'
puma (3.12.6) lib/puma/server.rb:476:in `process_client'
puma (3.12.6) lib/puma/server.rb:334:in `block in run'
puma (3.12.6) lib/puma/thread_pool.rb:135:in `block in spawn_thread'
  Rendering /usr/local/rvm/gems/ruby-2.5.0-ruuby/gems/actionpack-5.0.7.2/lib/action_dispatch/middleware/templates/rescues/diagnostics.html.erb within rescues/layout
  Rendering /usr/local/rvm/gems/ruby-2.5.0-ruuby/gems/actionpack-5.0.7.2/lib/action_dispatch/middleware/templates/rescues/_source.html.erb
  Rendered /usr/local/rvm/gems/ruby-2.5.0-ruuby/gems/actionpack-5.0.7.2/lib/action_dispatch/middleware/templates/rescues/_source.html.erb (1.8ms)
  Rendering /usr/local/rvm/gems/ruby-2.5.0-ruuby/gems/actionpack-5.0.7.2/lib/action_dispatch/middleware/templates/rescues/_trace.html.erb
  Rendered /usr/local/rvm/gems/ruby-2.5.0-ruuby/gems/actionpack-5.0.7.2/lib/action_dispatch/middleware/templates/rescues/_trace.html.erb (1.2ms)
  Rendering /usr/local/rvm/gems/ruby-2.5.0-ruuby/gems/actionpack-5.0.7.2/lib/action_dispatch/middleware/templates/rescues/_request_and_response.html.erb
  Rendered /usr/local/rvm/gems/ruby-2.5.0-ruuby/gems/actionpack-5.0.7.2/lib/action_dispatch/middleware/templates/rescues/_request_and_response.html.erb (0.7ms)
  Rendered /usr/local/rvm/gems/ruby-2.5.0-ruuby/gems/actionpack-5.0.7.2/lib/action_dispatch/middleware/templates/rescues/diagnostics.html.erb within rescues/layout (12.2ms)
Started GET "/abdcd" for ::1 at 2022-05-15 13:40:26 +0530
Processing by UrlController#send_to_url as HTML
  Parameters: {"short"=>"abdcd"}
Completed 406 Not Acceptable in 13014ms (ActiveRecord: 0.0ms)


  
ActionController::UnknownFormat (UrlController#send_to_url is missing a template for this request format and variant.

request.formats: ["text/html"]
request.variant: []

NOTE! For XHR/Ajax or API requests, this action would normally respond with 204 No Content: an empty white screen. Since you're loading it in a web browser, we assume that you expected to actually render a template, not nothing, so we're showing an error to be extra-clear. If you expect 204 No Content, carry on. That's what you'll get from an XHR or API request. Give it a shot.):
  
actionpack (5.0.7.2) lib/action_controller/metal/implicit_render.rb:56:in `default_render'
actionpack (5.0.7.2) lib/action_controller/metal/basic_implicit_render.rb:4:in `block in send_action'
actionpack (5.0.7.2) lib/action_controller/metal/basic_implicit_render.rb:4:in `tap'
actionpack (5.0.7.2) lib/action_controller/metal/basic_implicit_render.rb:4:in `send_action'
actionpack (5.0.7.2) lib/abstract_controller/base.rb:188:in `process_action'
actionpack (5.0.7.2) lib/action_controller/metal/rendering.rb:30:in `process_action'
actionpack (5.0.7.2) lib/abstract_controller/callbacks.rb:20:in `block in process_action'
activesupport (5.0.7.2) lib/active_support/callbacks.rb:126:in `call'
activesupport (5.0.7.2) lib/active_support/callbacks.rb:506:in `block (2 levels) in compile'
activesupport (5.0.7.2) lib/active_support/callbacks.rb:455:in `call'
activesupport (5.0.7.2) lib/active_support/callbacks.rb:101:in `__run_callbacks__'
activesupport (5.0.7.2) lib/active_support/callbacks.rb:750:in `_run_process_action_callbacks'
activesupport (5.0.7.2) lib/active_support/callbacks.rb:90:in `run_callbacks'
actionpack (5.0.7.2) lib/abstract_controller/callbacks.rb:19:in `process_action'
actionpack (5.0.7.2) lib/action_controller/metal/rescue.rb:20:in `process_action'
actionpack (5.0.7.2) lib/action_controller/metal/instrumentation.rb:32:in `block in process_action'
activesupport (5.0.7.2) lib/active_support/notifications.rb:164:in `block in instrument'
activesupport (5.0.7.2) lib/active_support/notifications/instrumenter.rb:21:in `instrument'
activesupport (5.0.7.2) lib/active_support/notifications.rb:164:in `instrument'
actionpack (5.0.7.2) lib/action_controller/metal/instrumentation.rb:30:in `process_action'
actionpack (5.0.7.2) lib/action_controller/metal/params_wrapper.rb:248:in `process_action'
activerecord (5.0.7.2) lib/active_record/railties/controller_runtime.rb:18:in `process_action'
actionpack (5.0.7.2) lib/abstract_controller/base.rb:126:in `process'
actionview (5.0.7.2) lib/action_view/rendering.rb:30:in `process'
actionpack (5.0.7.2) lib/action_controller/metal.rb:190:in `dispatch'
actionpack (5.0.7.2) lib/action_controller/metal.rb:262:in `dispatch'
actionpack (5.0.7.2) lib/action_dispatch/routing/route_set.rb:50:in `dispatch'
actionpack (5.0.7.2) lib/action_dispatch/routing/route_set.rb:32:in `serve'
actionpack (5.0.7.2) lib/action_dispatch/journey/router.rb:39:in `block in serve'
actionpack (5.0.7.2) lib/action_dispatch/journey/router.rb:26:in `each'
actionpack (5.0.7.2) lib/action_dispatch/journey/router.rb:26:in `serve'
actionpack (5.0.7.2) lib/action_dispatch/routing/route_set.rb:727:in `call'
rack (2.2.3) lib/rack/etag.rb:27:in `call'
rack (2.2.3) lib/rack/conditional_get.rb:27:in `call'
rack (2.2.3) lib/rack/head.rb:12:in `call'
rack (2.2.3) lib/rack/session/abstract/id.rb:266:in `context'
rack (2.2.3) lib/rack/session/abstract/id.rb:260:in `call'
actionpack (5.0.7.2) lib/action_dispatch/middleware/cookies.rb:613:in `call'
activerecord (5.0.7.2) lib/active_record/migration.rb:553:in `call'
actionpack (5.0.7.2) lib/action_dispatch/middleware/callbacks.rb:38:in `block in call'
activesupport (5.0.7.2) lib/active_support/callbacks.rb:97:in `__run_callbacks__'
activesupport (5.0.7.2) lib/active_support/callbacks.rb:750:in `_run_call_callbacks'
activesupport (5.0.7.2) lib/active_support/callbacks.rb:90:in `run_callbacks'
actionpack (5.0.7.2) lib/action_dispatch/middleware/callbacks.rb:36:in `call'
actionpack (5.0.7.2) lib/action_dispatch/middleware/executor.rb:12:in `call'
actionpack (5.0.7.2) lib/action_dispatch/middleware/remote_ip.rb:79:in `call'
actionpack (5.0.7.2) lib/action_dispatch/middleware/debug_exceptions.rb:49:in `call'
web-console (3.7.0) lib/web_console/middleware.rb:135:in `call_app'
web-console (3.7.0) lib/web_console/middleware.rb:30:in `block in call'
web-console (3.7.0) lib/web_console/middleware.rb:20:in `catch'
web-console (3.7.0) lib/web_console/middleware.rb:20:in `call'
actionpack (5.0.7.2) lib/action_dispatch/middleware/show_exceptions.rb:31:in `call'
railties (5.0.7.2) lib/rails/rack/logger.rb:36:in `call_app'
railties (5.0.7.2) lib/rails/rack/logger.rb:24:in `block in call'
activesupport (5.0.7.2) lib/active_support/tagged_logging.rb:69:in `block in tagged'
activesupport (5.0.7.2) lib/active_support/tagged_logging.rb:26:in `tagged'
activesupport (5.0.7.2) lib/active_support/tagged_logging.rb:69:in `tagged'
railties (5.0.7.2) lib/rails/rack/logger.rb:24:in `call'
sprockets-rails (3.2.2) lib/sprockets/rails/quiet_assets.rb:13:in `call'
actionpack (5.0.7.2) lib/action_dispatch/middleware/request_id.rb:24:in `call'
rack (2.2.3) lib/rack/method_override.rb:24:in `call'
rack (2.2.3) lib/rack/runtime.rb:22:in `call'
activesupport (5.0.7.2) lib/active_support/cache/strategy/local_cache_middleware.rb:28:in `call'
actionpack (5.0.7.2) lib/action_dispatch/middleware/executor.rb:12:in `call'
actionpack (5.0.7.2) lib/action_dispatch/middleware/static.rb:136:in `call'
rack (2.2.3) lib/rack/sendfile.rb:110:in `call'
railties (5.0.7.2) lib/rails/engine.rb:522:in `call'
puma (3.12.6) lib/puma/configuration.rb:227:in `call'
puma (3.12.6) lib/puma/server.rb:706:in `handle_request'
puma (3.12.6) lib/puma/server.rb:476:in `process_client'
puma (3.12.6) lib/puma/server.rb:334:in `block in run'
puma (3.12.6) lib/puma/thread_pool.rb:135:in `block in spawn_thread'
  Rendering /usr/local/rvm/gems/ruby-2.5.0-ruuby/gems/actionpack-5.0.7.2/lib/action_dispatch/middleware/templates/rescues/diagnostics.html.erb within rescues/layout
  Rendering /usr/local/rvm/gems/ruby-2.5.0-ruuby/gems/actionpack-5.0.7.2/lib/action_dispatch/middleware/templates/rescues/_source.html.erb
  Rendered /usr/local/rvm/gems/ruby-2.5.0-ruuby/gems/actionpack-5.0.7.2/lib/action_dispatch/middleware/templates/rescues/_source.html.erb (2.0ms)
  Rendering /usr/local/rvm/gems/ruby-2.5.0-ruuby/gems/actionpack-5.0.7.2/lib/action_dispatch/middleware/templates/rescues/_trace.html.erb
  Rendered /usr/local/rvm/gems/ruby-2.5.0-ruuby/gems/actionpack-5.0.7.2/lib/action_dispatch/middleware/templates/rescues/_trace.html.erb (1.5ms)
  Rendering /usr/local/rvm/gems/ruby-2.5.0-ruuby/gems/actionpack-5.0.7.2/lib/action_dispatch/middleware/templates/rescues/_request_and_response.html.erb
  Rendered /usr/local/rvm/gems/ruby-2.5.0-ruuby/gems/actionpack-5.0.7.2/lib/action_dispatch/middleware/templates/rescues/_request_and_response.html.erb (0.6ms)
  Rendered /usr/local/rvm/gems/ruby-2.5.0-ruuby/gems/actionpack-5.0.7.2/lib/action_dispatch/middleware/templates/rescues/diagnostics.html.erb within rescues/layout (16.1ms)
Started GET "/abdcd" for ::1 at 2022-05-15 13:51:16 +0530
Processing by UrlController#send_to_url as HTML
  Parameters: {"short"=>"abdcd"}
  [1m[36mShorthenUrl Load (0.1ms)[0m  [1m[34mSELECT  "shorthen_urls".* FROM "shorthen_urls" WHERE "shorthen_urls"."id" = ? LIMIT ?[0m  [["id", 0], ["LIMIT", 1]]
Completed 404 Not Found in 5ms (ActiveRecord: 0.5ms)


  
ActiveRecord::RecordNotFound (Couldn't find ShorthenUrl with 'id'=0):
  
app/controllers/url_controller.rb:21:in `send_to_url'
  Rendering /usr/local/rvm/gems/ruby-2.5.0-ruuby/gems/actionpack-5.0.7.2/lib/action_dispatch/middleware/templates/rescues/diagnostics.html.erb within rescues/layout
  Rendering /usr/local/rvm/gems/ruby-2.5.0-ruuby/gems/actionpack-5.0.7.2/lib/action_dispatch/middleware/templates/rescues/_source.html.erb
  Rendered /usr/local/rvm/gems/ruby-2.5.0-ruuby/gems/actionpack-5.0.7.2/lib/action_dispatch/middleware/templates/rescues/_source.html.erb (2.5ms)
  Rendering /usr/local/rvm/gems/ruby-2.5.0-ruuby/gems/actionpack-5.0.7.2/lib/action_dispatch/middleware/templates/rescues/_trace.html.erb
  Rendered /usr/local/rvm/gems/ruby-2.5.0-ruuby/gems/actionpack-5.0.7.2/lib/action_dispatch/middleware/templates/rescues/_trace.html.erb (1.1ms)
  Rendering /usr/local/rvm/gems/ruby-2.5.0-ruuby/gems/actionpack-5.0.7.2/lib/action_dispatch/middleware/templates/rescues/_request_and_response.html.erb
  Rendered /usr/local/rvm/gems/ruby-2.5.0-ruuby/gems/actionpack-5.0.7.2/lib/action_dispatch/middleware/templates/rescues/_request_and_response.html.erb (0.6ms)
  Rendered /usr/local/rvm/gems/ruby-2.5.0-ruuby/gems/actionpack-5.0.7.2/lib/action_dispatch/middleware/templates/rescues/diagnostics.html.erb within rescues/layout (15.3ms)
Started GET "/abdcd" for ::1 at 2022-05-15 13:52:20 +0530
Processing by UrlController#send_to_url as HTML
  Parameters: {"short"=>"abdcd"}
  [1m[36mShorthenUrl Load (0.1ms)[0m  [1m[34mSELECT  "shorthen_urls".* FROM "shorthen_urls" WHERE "shorthen_urls"."id" = ? LIMIT ?[0m  [["id", 0], ["LIMIT", 1]]
Completed 404 Not Found in 6ms (ActiveRecord: 0.7ms)


  
ActiveRecord::RecordNotFound (Couldn't find ShorthenUrl with 'id'=0):
  
app/controllers/url_controller.rb:22:in `send_to_url'
  Rendering /usr/local/rvm/gems/ruby-2.5.0-ruuby/gems/actionpack-5.0.7.2/lib/action_dispatch/middleware/templates/rescues/diagnostics.html.erb within rescues/layout
  Rendering /usr/local/rvm/gems/ruby-2.5.0-ruuby/gems/actionpack-5.0.7.2/lib/action_dispatch/middleware/templates/rescues/_source.html.erb
  Rendered /usr/local/rvm/gems/ruby-2.5.0-ruuby/gems/actionpack-5.0.7.2/lib/action_dispatch/middleware/templates/rescues/_source.html.erb (2.9ms)
  Rendering /usr/local/rvm/gems/ruby-2.5.0-ruuby/gems/actionpack-5.0.7.2/lib/action_dispatch/middleware/templates/rescues/_trace.html.erb
  Rendered /usr/local/rvm/gems/ruby-2.5.0-ruuby/gems/actionpack-5.0.7.2/lib/action_dispatch/middleware/templates/rescues/_trace.html.erb (1.5ms)
  Rendering /usr/local/rvm/gems/ruby-2.5.0-ruuby/gems/actionpack-5.0.7.2/lib/action_dispatch/middleware/templates/rescues/_request_and_response.html.erb
  Rendered /usr/local/rvm/gems/ruby-2.5.0-ruuby/gems/actionpack-5.0.7.2/lib/action_dispatch/middleware/templates/rescues/_request_and_response.html.erb (1.3ms)
  Rendered /usr/local/rvm/gems/ruby-2.5.0-ruuby/gems/actionpack-5.0.7.2/lib/action_dispatch/middleware/templates/rescues/diagnostics.html.erb within rescues/layout (16.9ms)
Started GET "/abdcd" for ::1 at 2022-05-15 13:52:34 +0530
  [1m[36mActiveRecord::SchemaMigration Load (0.1ms)[0m  [1m[34mSELECT "schema_migrations".* FROM "schema_migrations"[0m
Processing by UrlController#send_to_url as HTML
  Parameters: {"short"=>"abdcd"}
  [1m[36mShorthenUrl Load (0.2ms)[0m  [1m[34mSELECT  "shorthen_urls".* FROM "shorthen_urls" WHERE "shorthen_urls"."id" = ? LIMIT ?[0m  [["id", 0], ["LIMIT", 1]]
  [1m[36mShorthenUrl Load (0.0ms)[0m  [1m[34mSELECT  "shorthen_urls".* FROM "shorthen_urls" WHERE "shorthen_urls"."id" = ? LIMIT ?[0m  [["id", 0], ["LIMIT", 1]]
Completed 404 Not Found in 44820ms (ActiveRecord: 0.7ms)


  
ActiveRecord::RecordNotFound (Couldn't find ShorthenUrl with 'id'=0):
  
app/controllers/url_controller.rb:22:in `send_to_url'
  Rendering /usr/local/rvm/gems/ruby-2.5.0-ruuby/gems/actionpack-5.0.7.2/lib/action_dispatch/middleware/templates/rescues/diagnostics.html.erb within rescues/layout
  Rendering /usr/local/rvm/gems/ruby-2.5.0-ruuby/gems/actionpack-5.0.7.2/lib/action_dispatch/middleware/templates/rescues/_source.html.erb
  Rendered /usr/local/rvm/gems/ruby-2.5.0-ruuby/gems/actionpack-5.0.7.2/lib/action_dispatch/middleware/templates/rescues/_source.html.erb (2.4ms)
  Rendering /usr/local/rvm/gems/ruby-2.5.0-ruuby/gems/actionpack-5.0.7.2/lib/action_dispatch/middleware/templates/rescues/_trace.html.erb
  Rendered /usr/local/rvm/gems/ruby-2.5.0-ruuby/gems/actionpack-5.0.7.2/lib/action_dispatch/middleware/templates/rescues/_trace.html.erb (0.9ms)
  Rendering /usr/local/rvm/gems/ruby-2.5.0-ruuby/gems/actionpack-5.0.7.2/lib/action_dispatch/middleware/templates/rescues/_request_and_response.html.erb
  Rendered /usr/local/rvm/gems/ruby-2.5.0-ruuby/gems/actionpack-5.0.7.2/lib/action_dispatch/middleware/templates/rescues/_request_and_response.html.erb (0.9ms)
  Rendered /usr/local/rvm/gems/ruby-2.5.0-ruuby/gems/actionpack-5.0.7.2/lib/action_dispatch/middleware/templates/rescues/diagnostics.html.erb within rescues/layout (17.1ms)
Started GET "/abdcd" for ::1 at 2022-05-15 13:53:45 +0530
Processing by UrlController#send_to_url as HTML
  Parameters: {"short"=>"abdcd"}
  [1m[36mShorthenUrl Load (0.1ms)[0m  [1m[34mSELECT  "shorthen_urls".* FROM "shorthen_urls" WHERE "shorthen_urls"."id" = ? LIMIT ?[0m  [["id", 0], ["LIMIT", 1]]
Redirected to http://localhost:3000/
Completed 302 Found in 3ms (ActiveRecord: 0.4ms)


Started GET "/" for ::1 at 2022-05-15 13:53:55 +0530
Processing by UrlController#shorthen_url as HTML
  Rendering url/shorthen_url.html.erb within layouts/application
  Rendered url/shorthen_url.html.erb within layouts/application (0.4ms)
Completed 200 OK in 215ms (Views: 214.5ms | ActiveRecord: 0.0ms)


Started GET "/" for ::1 at 2022-05-15 13:54:19 +0530
Processing by UrlController#shorthen_url as HTML
  Rendering url/shorthen_url.html.erb within layouts/application
  Rendered url/shorthen_url.html.erb within layouts/application (0.7ms)
Completed 200 OK in 17ms (Views: 16.0ms | ActiveRecord: 0.0ms)


Started GET "/2" for ::1 at 2022-05-15 13:54:23 +0530
Processing by UrlController#send_to_url as HTML
  Parameters: {"short"=>"2"}
  [1m[36mShorthenUrl Load (0.1ms)[0m  [1m[34mSELECT  "shorthen_urls".* FROM "shorthen_urls" WHERE "shorthen_urls"."id" = ? LIMIT ?[0m  [["id", 2], ["LIMIT", 1]]
Redirected to https://www.mylink.com/with-a-large-url
Completed 302 Found in 8ms (ActiveRecord: 0.7ms)


Started GET "/abcd" for ::1 at 2022-05-15 13:54:39 +0530
Processing by UrlController#send_to_url as HTML
  Parameters: {"short"=>"abcd"}
  [1m[36mShorthenUrl Load (0.1ms)[0m  [1m[34mSELECT  "shorthen_urls".* FROM "shorthen_urls" WHERE "shorthen_urls"."id" = ? LIMIT ?[0m  [["id", 0], ["LIMIT", 1]]
Completed 406 Not Acceptable in 10ms (ActiveRecord: 0.1ms)


  
ActionController::UnknownFormat (UrlController#send_to_url is missing a template for this request format and variant.

request.formats: ["text/html"]
request.variant: []

NOTE! For XHR/Ajax or API requests, this action would normally respond with 204 No Content: an empty white screen. Since you're loading it in a web browser, we assume that you expected to actually render a template, not nothing, so we're showing an error to be extra-clear. If you expect 204 No Content, carry on. That's what you'll get from an XHR or API request. Give it a shot.):
  
actionpack (5.0.7.2) lib/action_controller/metal/implicit_render.rb:56:in `default_render'
actionpack (5.0.7.2) lib/action_controller/metal/basic_implicit_render.rb:4:in `block in send_action'
actionpack (5.0.7.2) lib/action_controller/metal/basic_implicit_render.rb:4:in `tap'
actionpack (5.0.7.2) lib/action_controller/metal/basic_implicit_render.rb:4:in `send_action'
actionpack (5.0.7.2) lib/abstract_controller/base.rb:188:in `process_action'
actionpack (5.0.7.2) lib/action_controller/metal/rendering.rb:30:in `process_action'
actionpack (5.0.7.2) lib/abstract_controller/callbacks.rb:20:in `block in process_action'
activesupport (5.0.7.2) lib/active_support/callbacks.rb:126:in `call'
activesupport (5.0.7.2) lib/active_support/callbacks.rb:506:in `block (2 levels) in compile'
activesupport (5.0.7.2) lib/active_support/callbacks.rb:455:in `call'
activesupport (5.0.7.2) lib/active_support/callbacks.rb:101:in `__run_callbacks__'
activesupport (5.0.7.2) lib/active_support/callbacks.rb:750:in `_run_process_action_callbacks'
activesupport (5.0.7.2) lib/active_support/callbacks.rb:90:in `run_callbacks'
actionpack (5.0.7.2) lib/abstract_controller/callbacks.rb:19:in `process_action'
actionpack (5.0.7.2) lib/action_controller/metal/rescue.rb:20:in `process_action'
actionpack (5.0.7.2) lib/action_controller/metal/instrumentation.rb:32:in `block in process_action'
activesupport (5.0.7.2) lib/active_support/notifications.rb:164:in `block in instrument'
activesupport (5.0.7.2) lib/active_support/notifications/instrumenter.rb:21:in `instrument'
activesupport (5.0.7.2) lib/active_support/notifications.rb:164:in `instrument'
actionpack (5.0.7.2) lib/action_controller/metal/instrumentation.rb:30:in `process_action'
actionpack (5.0.7.2) lib/action_controller/metal/params_wrapper.rb:248:in `process_action'
activerecord (5.0.7.2) lib/active_record/railties/controller_runtime.rb:18:in `process_action'
actionpack (5.0.7.2) lib/abstract_controller/base.rb:126:in `process'
actionview (5.0.7.2) lib/action_view/rendering.rb:30:in `process'
actionpack (5.0.7.2) lib/action_controller/metal.rb:190:in `dispatch'
actionpack (5.0.7.2) lib/action_controller/metal.rb:262:in `dispatch'
actionpack (5.0.7.2) lib/action_dispatch/routing/route_set.rb:50:in `dispatch'
actionpack (5.0.7.2) lib/action_dispatch/routing/route_set.rb:32:in `serve'
actionpack (5.0.7.2) lib/action_dispatch/journey/router.rb:39:in `block in serve'
actionpack (5.0.7.2) lib/action_dispatch/journey/router.rb:26:in `each'
actionpack (5.0.7.2) lib/action_dispatch/journey/router.rb:26:in `serve'
actionpack (5.0.7.2) lib/action_dispatch/routing/route_set.rb:727:in `call'
rack (2.2.3) lib/rack/etag.rb:27:in `call'
rack (2.2.3) lib/rack/conditional_get.rb:27:in `call'
rack (2.2.3) lib/rack/head.rb:12:in `call'
rack (2.2.3) lib/rack/session/abstract/id.rb:266:in `context'
rack (2.2.3) lib/rack/session/abstract/id.rb:260:in `call'
actionpack (5.0.7.2) lib/action_dispatch/middleware/cookies.rb:613:in `call'
activerecord (5.0.7.2) lib/active_record/migration.rb:553:in `call'
actionpack (5.0.7.2) lib/action_dispatch/middleware/callbacks.rb:38:in `block in call'
activesupport (5.0.7.2) lib/active_support/callbacks.rb:97:in `__run_callbacks__'
activesupport (5.0.7.2) lib/active_support/callbacks.rb:750:in `_run_call_callbacks'
activesupport (5.0.7.2) lib/active_support/callbacks.rb:90:in `run_callbacks'
actionpack (5.0.7.2) lib/action_dispatch/middleware/callbacks.rb:36:in `call'
actionpack (5.0.7.2) lib/action_dispatch/middleware/executor.rb:12:in `call'
actionpack (5.0.7.2) lib/action_dispatch/middleware/remote_ip.rb:79:in `call'
actionpack (5.0.7.2) lib/action_dispatch/middleware/debug_exceptions.rb:49:in `call'
web-console (3.7.0) lib/web_console/middleware.rb:135:in `call_app'
web-console (3.7.0) lib/web_console/middleware.rb:30:in `block in call'
web-console (3.7.0) lib/web_console/middleware.rb:20:in `catch'
web-console (3.7.0) lib/web_console/middleware.rb:20:in `call'
actionpack (5.0.7.2) lib/action_dispatch/middleware/show_exceptions.rb:31:in `call'
railties (5.0.7.2) lib/rails/rack/logger.rb:36:in `call_app'
railties (5.0.7.2) lib/rails/rack/logger.rb:24:in `block in call'
activesupport (5.0.7.2) lib/active_support/tagged_logging.rb:69:in `block in tagged'
activesupport (5.0.7.2) lib/active_support/tagged_logging.rb:26:in `tagged'
activesupport (5.0.7.2) lib/active_support/tagged_logging.rb:69:in `tagged'
railties (5.0.7.2) lib/rails/rack/logger.rb:24:in `call'
sprockets-rails (3.2.2) lib/sprockets/rails/quiet_assets.rb:13:in `call'
actionpack (5.0.7.2) lib/action_dispatch/middleware/request_id.rb:24:in `call'
rack (2.2.3) lib/rack/method_override.rb:24:in `call'
rack (2.2.3) lib/rack/runtime.rb:22:in `call'
activesupport (5.0.7.2) lib/active_support/cache/strategy/local_cache_middleware.rb:28:in `call'
actionpack (5.0.7.2) lib/action_dispatch/middleware/executor.rb:12:in `call'
actionpack (5.0.7.2) lib/action_dispatch/middleware/static.rb:136:in `call'
rack (2.2.3) lib/rack/sendfile.rb:110:in `call'
railties (5.0.7.2) lib/rails/engine.rb:522:in `call'
puma (3.12.6) lib/puma/configuration.rb:227:in `call'
puma (3.12.6) lib/puma/server.rb:706:in `handle_request'
puma (3.12.6) lib/puma/server.rb:476:in `process_client'
puma (3.12.6) lib/puma/server.rb:334:in `block in run'
puma (3.12.6) lib/puma/thread_pool.rb:135:in `block in spawn_thread'
  Rendering /usr/local/rvm/gems/ruby-2.5.0-ruuby/gems/actionpack-5.0.7.2/lib/action_dispatch/middleware/templates/rescues/diagnostics.html.erb within rescues/layout
  Rendering /usr/local/rvm/gems/ruby-2.5.0-ruuby/gems/actionpack-5.0.7.2/lib/action_dispatch/middleware/templates/rescues/_source.html.erb
  Rendered /usr/local/rvm/gems/ruby-2.5.0-ruuby/gems/actionpack-5.0.7.2/lib/action_dispatch/middleware/templates/rescues/_source.html.erb (2.1ms)
  Rendering /usr/local/rvm/gems/ruby-2.5.0-ruuby/gems/actionpack-5.0.7.2/lib/action_dispatch/middleware/templates/rescues/_trace.html.erb
  Rendered /usr/local/rvm/gems/ruby-2.5.0-ruuby/gems/actionpack-5.0.7.2/lib/action_dispatch/middleware/templates/rescues/_trace.html.erb (1.4ms)
  Rendering /usr/local/rvm/gems/ruby-2.5.0-ruuby/gems/actionpack-5.0.7.2/lib/action_dispatch/middleware/templates/rescues/_request_and_response.html.erb
  Rendered /usr/local/rvm/gems/ruby-2.5.0-ruuby/gems/actionpack-5.0.7.2/lib/action_dispatch/middleware/templates/rescues/_request_and_response.html.erb (0.8ms)
  Rendered /usr/local/rvm/gems/ruby-2.5.0-ruuby/gems/actionpack-5.0.7.2/lib/action_dispatch/middleware/templates/rescues/diagnostics.html.erb within rescues/layout (15.4ms)
Started GET "/abcd" for ::1 at 2022-05-15 13:54:41 +0530
Processing by UrlController#send_to_url as HTML
  Parameters: {"short"=>"abcd"}
  [1m[36mShorthenUrl Load (0.1ms)[0m  [1m[34mSELECT  "shorthen_urls".* FROM "shorthen_urls" WHERE "shorthen_urls"."id" = ? LIMIT ?[0m  [["id", 0], ["LIMIT", 1]]
Completed 406 Not Acceptable in 8ms (ActiveRecord: 0.1ms)


  
ActionController::UnknownFormat (UrlController#send_to_url is missing a template for this request format and variant.

request.formats: ["text/html"]
request.variant: []

NOTE! For XHR/Ajax or API requests, this action would normally respond with 204 No Content: an empty white screen. Since you're loading it in a web browser, we assume that you expected to actually render a template, not nothing, so we're showing an error to be extra-clear. If you expect 204 No Content, carry on. That's what you'll get from an XHR or API request. Give it a shot.):
  
actionpack (5.0.7.2) lib/action_controller/metal/implicit_render.rb:56:in `default_render'
actionpack (5.0.7.2) lib/action_controller/metal/basic_implicit_render.rb:4:in `block in send_action'
actionpack (5.0.7.2) lib/action_controller/metal/basic_implicit_render.rb:4:in `tap'
actionpack (5.0.7.2) lib/action_controller/metal/basic_implicit_render.rb:4:in `send_action'
actionpack (5.0.7.2) lib/abstract_controller/base.rb:188:in `process_action'
actionpack (5.0.7.2) lib/action_controller/metal/rendering.rb:30:in `process_action'
actionpack (5.0.7.2) lib/abstract_controller/callbacks.rb:20:in `block in process_action'
activesupport (5.0.7.2) lib/active_support/callbacks.rb:126:in `call'
activesupport (5.0.7.2) lib/active_support/callbacks.rb:506:in `block (2 levels) in compile'
activesupport (5.0.7.2) lib/active_support/callbacks.rb:455:in `call'
activesupport (5.0.7.2) lib/active_support/callbacks.rb:101:in `__run_callbacks__'
activesupport (5.0.7.2) lib/active_support/callbacks.rb:750:in `_run_process_action_callbacks'
activesupport (5.0.7.2) lib/active_support/callbacks.rb:90:in `run_callbacks'
actionpack (5.0.7.2) lib/abstract_controller/callbacks.rb:19:in `process_action'
actionpack (5.0.7.2) lib/action_controller/metal/rescue.rb:20:in `process_action'
actionpack (5.0.7.2) lib/action_controller/metal/instrumentation.rb:32:in `block in process_action'
activesupport (5.0.7.2) lib/active_support/notifications.rb:164:in `block in instrument'
activesupport (5.0.7.2) lib/active_support/notifications/instrumenter.rb:21:in `instrument'
activesupport (5.0.7.2) lib/active_support/notifications.rb:164:in `instrument'
actionpack (5.0.7.2) lib/action_controller/metal/instrumentation.rb:30:in `process_action'
actionpack (5.0.7.2) lib/action_controller/metal/params_wrapper.rb:248:in `process_action'
activerecord (5.0.7.2) lib/active_record/railties/controller_runtime.rb:18:in `process_action'
actionpack (5.0.7.2) lib/abstract_controller/base.rb:126:in `process'
actionview (5.0.7.2) lib/action_view/rendering.rb:30:in `process'
actionpack (5.0.7.2) lib/action_controller/metal.rb:190:in `dispatch'
actionpack (5.0.7.2) lib/action_controller/metal.rb:262:in `dispatch'
actionpack (5.0.7.2) lib/action_dispatch/routing/route_set.rb:50:in `dispatch'
actionpack (5.0.7.2) lib/action_dispatch/routing/route_set.rb:32:in `serve'
actionpack (5.0.7.2) lib/action_dispatch/journey/router.rb:39:in `block in serve'
actionpack (5.0.7.2) lib/action_dispatch/journey/router.rb:26:in `each'
actionpack (5.0.7.2) lib/action_dispatch/journey/router.rb:26:in `serve'
actionpack (5.0.7.2) lib/action_dispatch/routing/route_set.rb:727:in `call'
rack (2.2.3) lib/rack/etag.rb:27:in `call'
rack (2.2.3) lib/rack/conditional_get.rb:27:in `call'
rack (2.2.3) lib/rack/head.rb:12:in `call'
rack (2.2.3) lib/rack/session/abstract/id.rb:266:in `context'
rack (2.2.3) lib/rack/session/abstract/id.rb:260:in `call'
actionpack (5.0.7.2) lib/action_dispatch/middleware/cookies.rb:613:in `call'
activerecord (5.0.7.2) lib/active_record/migration.rb:553:in `call'
actionpack (5.0.7.2) lib/action_dispatch/middleware/callbacks.rb:38:in `block in call'
activesupport (5.0.7.2) lib/active_support/callbacks.rb:97:in `__run_callbacks__'
activesupport (5.0.7.2) lib/active_support/callbacks.rb:750:in `_run_call_callbacks'
activesupport (5.0.7.2) lib/active_support/callbacks.rb:90:in `run_callbacks'
actionpack (5.0.7.2) lib/action_dispatch/middleware/callbacks.rb:36:in `call'
actionpack (5.0.7.2) lib/action_dispatch/middleware/executor.rb:12:in `call'
actionpack (5.0.7.2) lib/action_dispatch/middleware/remote_ip.rb:79:in `call'
actionpack (5.0.7.2) lib/action_dispatch/middleware/debug_exceptions.rb:49:in `call'
web-console (3.7.0) lib/web_console/middleware.rb:135:in `call_app'
web-console (3.7.0) lib/web_console/middleware.rb:30:in `block in call'
web-console (3.7.0) lib/web_console/middleware.rb:20:in `catch'
web-console (3.7.0) lib/web_console/middleware.rb:20:in `call'
actionpack (5.0.7.2) lib/action_dispatch/middleware/show_exceptions.rb:31:in `call'
railties (5.0.7.2) lib/rails/rack/logger.rb:36:in `call_app'
railties (5.0.7.2) lib/rails/rack/logger.rb:24:in `block in call'
activesupport (5.0.7.2) lib/active_support/tagged_logging.rb:69:in `block in tagged'
activesupport (5.0.7.2) lib/active_support/tagged_logging.rb:26:in `tagged'
activesupport (5.0.7.2) lib/active_support/tagged_logging.rb:69:in `tagged'
railties (5.0.7.2) lib/rails/rack/logger.rb:24:in `call'
sprockets-rails (3.2.2) lib/sprockets/rails/quiet_assets.rb:13:in `call'
actionpack (5.0.7.2) lib/action_dispatch/middleware/request_id.rb:24:in `call'
rack (2.2.3) lib/rack/method_override.rb:24:in `call'
rack (2.2.3) lib/rack/runtime.rb:22:in `call'
activesupport (5.0.7.2) lib/active_support/cache/strategy/local_cache_middleware.rb:28:in `call'
actionpack (5.0.7.2) lib/action_dispatch/middleware/executor.rb:12:in `call'
actionpack (5.0.7.2) lib/action_dispatch/middleware/static.rb:136:in `call'
rack (2.2.3) lib/rack/sendfile.rb:110:in `call'
railties (5.0.7.2) lib/rails/engine.rb:522:in `call'
puma (3.12.6) lib/puma/configuration.rb:227:in `call'
puma (3.12.6) lib/puma/server.rb:706:in `handle_request'
puma (3.12.6) lib/puma/server.rb:476:in `process_client'
puma (3.12.6) lib/puma/server.rb:334:in `block in run'
puma (3.12.6) lib/puma/thread_pool.rb:135:in `block in spawn_thread'
  Rendering /usr/local/rvm/gems/ruby-2.5.0-ruuby/gems/actionpack-5.0.7.2/lib/action_dispatch/middleware/templates/rescues/diagnostics.html.erb within rescues/layout
  Rendering /usr/local/rvm/gems/ruby-2.5.0-ruuby/gems/actionpack-5.0.7.2/lib/action_dispatch/middleware/templates/rescues/_source.html.erb
  Rendered /usr/local/rvm/gems/ruby-2.5.0-ruuby/gems/actionpack-5.0.7.2/lib/action_dispatch/middleware/templates/rescues/_source.html.erb (1.8ms)
  Rendering /usr/local/rvm/gems/ruby-2.5.0-ruuby/gems/actionpack-5.0.7.2/lib/action_dispatch/middleware/templates/rescues/_trace.html.erb
  Rendered /usr/local/rvm/gems/ruby-2.5.0-ruuby/gems/actionpack-5.0.7.2/lib/action_dispatch/middleware/templates/rescues/_trace.html.erb (1.4ms)
  Rendering /usr/local/rvm/gems/ruby-2.5.0-ruuby/gems/actionpack-5.0.7.2/lib/action_dispatch/middleware/templates/rescues/_request_and_response.html.erb
  Rendered /usr/local/rvm/gems/ruby-2.5.0-ruuby/gems/actionpack-5.0.7.2/lib/action_dispatch/middleware/templates/rescues/_request_and_response.html.erb (1.0ms)
  Rendered /usr/local/rvm/gems/ruby-2.5.0-ruuby/gems/actionpack-5.0.7.2/lib/action_dispatch/middleware/templates/rescues/diagnostics.html.erb within rescues/layout (15.3ms)
Started GET "/abcd" for ::1 at 2022-05-15 13:54:43 +0530
Processing by UrlController#send_to_url as HTML
  Parameters: {"short"=>"abcd"}
  [1m[36mShorthenUrl Load (0.1ms)[0m  [1m[34mSELECT  "shorthen_urls".* FROM "shorthen_urls" WHERE "shorthen_urls"."id" = ? LIMIT ?[0m  [["id", 0], ["LIMIT", 1]]
Completed 406 Not Acceptable in 10ms (ActiveRecord: 0.1ms)


  
ActionController::UnknownFormat (UrlController#send_to_url is missing a template for this request format and variant.

request.formats: ["text/html"]
request.variant: []

NOTE! For XHR/Ajax or API requests, this action would normally respond with 204 No Content: an empty white screen. Since you're loading it in a web browser, we assume that you expected to actually render a template, not nothing, so we're showing an error to be extra-clear. If you expect 204 No Content, carry on. That's what you'll get from an XHR or API request. Give it a shot.):
  
actionpack (5.0.7.2) lib/action_controller/metal/implicit_render.rb:56:in `default_render'
actionpack (5.0.7.2) lib/action_controller/metal/basic_implicit_render.rb:4:in `block in send_action'
actionpack (5.0.7.2) lib/action_controller/metal/basic_implicit_render.rb:4:in `tap'
actionpack (5.0.7.2) lib/action_controller/metal/basic_implicit_render.rb:4:in `send_action'
actionpack (5.0.7.2) lib/abstract_controller/base.rb:188:in `process_action'
actionpack (5.0.7.2) lib/action_controller/metal/rendering.rb:30:in `process_action'
actionpack (5.0.7.2) lib/abstract_controller/callbacks.rb:20:in `block in process_action'
activesupport (5.0.7.2) lib/active_support/callbacks.rb:126:in `call'
activesupport (5.0.7.2) lib/active_support/callbacks.rb:506:in `block (2 levels) in compile'
activesupport (5.0.7.2) lib/active_support/callbacks.rb:455:in `call'
activesupport (5.0.7.2) lib/active_support/callbacks.rb:101:in `__run_callbacks__'
activesupport (5.0.7.2) lib/active_support/callbacks.rb:750:in `_run_process_action_callbacks'
activesupport (5.0.7.2) lib/active_support/callbacks.rb:90:in `run_callbacks'
actionpack (5.0.7.2) lib/abstract_controller/callbacks.rb:19:in `process_action'
actionpack (5.0.7.2) lib/action_controller/metal/rescue.rb:20:in `process_action'
actionpack (5.0.7.2) lib/action_controller/metal/instrumentation.rb:32:in `block in process_action'
activesupport (5.0.7.2) lib/active_support/notifications.rb:164:in `block in instrument'
activesupport (5.0.7.2) lib/active_support/notifications/instrumenter.rb:21:in `instrument'
activesupport (5.0.7.2) lib/active_support/notifications.rb:164:in `instrument'
actionpack (5.0.7.2) lib/action_controller/metal/instrumentation.rb:30:in `process_action'
actionpack (5.0.7.2) lib/action_controller/metal/params_wrapper.rb:248:in `process_action'
activerecord (5.0.7.2) lib/active_record/railties/controller_runtime.rb:18:in `process_action'
actionpack (5.0.7.2) lib/abstract_controller/base.rb:126:in `process'
actionview (5.0.7.2) lib/action_view/rendering.rb:30:in `process'
actionpack (5.0.7.2) lib/action_controller/metal.rb:190:in `dispatch'
actionpack (5.0.7.2) lib/action_controller/metal.rb:262:in `dispatch'
actionpack (5.0.7.2) lib/action_dispatch/routing/route_set.rb:50:in `dispatch'
actionpack (5.0.7.2) lib/action_dispatch/routing/route_set.rb:32:in `serve'
actionpack (5.0.7.2) lib/action_dispatch/journey/router.rb:39:in `block in serve'
actionpack (5.0.7.2) lib/action_dispatch/journey/router.rb:26:in `each'
actionpack (5.0.7.2) lib/action_dispatch/journey/router.rb:26:in `serve'
actionpack (5.0.7.2) lib/action_dispatch/routing/route_set.rb:727:in `call'
rack (2.2.3) lib/rack/etag.rb:27:in `call'
rack (2.2.3) lib/rack/conditional_get.rb:27:in `call'
rack (2.2.3) lib/rack/head.rb:12:in `call'
rack (2.2.3) lib/rack/session/abstract/id.rb:266:in `context'
rack (2.2.3) lib/rack/session/abstract/id.rb:260:in `call'
actionpack (5.0.7.2) lib/action_dispatch/middleware/cookies.rb:613:in `call'
activerecord (5.0.7.2) lib/active_record/migration.rb:553:in `call'
actionpack (5.0.7.2) lib/action_dispatch/middleware/callbacks.rb:38:in `block in call'
activesupport (5.0.7.2) lib/active_support/callbacks.rb:97:in `__run_callbacks__'
activesupport (5.0.7.2) lib/active_support/callbacks.rb:750:in `_run_call_callbacks'
activesupport (5.0.7.2) lib/active_support/callbacks.rb:90:in `run_callbacks'
actionpack (5.0.7.2) lib/action_dispatch/middleware/callbacks.rb:36:in `call'
actionpack (5.0.7.2) lib/action_dispatch/middleware/executor.rb:12:in `call'
actionpack (5.0.7.2) lib/action_dispatch/middleware/remote_ip.rb:79:in `call'
actionpack (5.0.7.2) lib/action_dispatch/middleware/debug_exceptions.rb:49:in `call'
web-console (3.7.0) lib/web_console/middleware.rb:135:in `call_app'
web-console (3.7.0) lib/web_console/middleware.rb:30:in `block in call'
web-console (3.7.0) lib/web_console/middleware.rb:20:in `catch'
web-console (3.7.0) lib/web_console/middleware.rb:20:in `call'
actionpack (5.0.7.2) lib/action_dispatch/middleware/show_exceptions.rb:31:in `call'
railties (5.0.7.2) lib/rails/rack/logger.rb:36:in `call_app'
railties (5.0.7.2) lib/rails/rack/logger.rb:24:in `block in call'
activesupport (5.0.7.2) lib/active_support/tagged_logging.rb:69:in `block in tagged'
activesupport (5.0.7.2) lib/active_support/tagged_logging.rb:26:in `tagged'
activesupport (5.0.7.2) lib/active_support/tagged_logging.rb:69:in `tagged'
railties (5.0.7.2) lib/rails/rack/logger.rb:24:in `call'
sprockets-rails (3.2.2) lib/sprockets/rails/quiet_assets.rb:13:in `call'
actionpack (5.0.7.2) lib/action_dispatch/middleware/request_id.rb:24:in `call'
rack (2.2.3) lib/rack/method_override.rb:24:in `call'
rack (2.2.3) lib/rack/runtime.rb:22:in `call'
activesupport (5.0.7.2) lib/active_support/cache/strategy/local_cache_middleware.rb:28:in `call'
actionpack (5.0.7.2) lib/action_dispatch/middleware/executor.rb:12:in `call'
actionpack (5.0.7.2) lib/action_dispatch/middleware/static.rb:136:in `call'
rack (2.2.3) lib/rack/sendfile.rb:110:in `call'
railties (5.0.7.2) lib/rails/engine.rb:522:in `call'
puma (3.12.6) lib/puma/configuration.rb:227:in `call'
puma (3.12.6) lib/puma/server.rb:706:in `handle_request'
puma (3.12.6) lib/puma/server.rb:476:in `process_client'
puma (3.12.6) lib/puma/server.rb:334:in `block in run'
puma (3.12.6) lib/puma/thread_pool.rb:135:in `block in spawn_thread'
  Rendering /usr/local/rvm/gems/ruby-2.5.0-ruuby/gems/actionpack-5.0.7.2/lib/action_dispatch/middleware/templates/rescues/diagnostics.html.erb within rescues/layout
  Rendering /usr/local/rvm/gems/ruby-2.5.0-ruuby/gems/actionpack-5.0.7.2/lib/action_dispatch/middleware/templates/rescues/_source.html.erb
  Rendered /usr/local/rvm/gems/ruby-2.5.0-ruuby/gems/actionpack-5.0.7.2/lib/action_dispatch/middleware/templates/rescues/_source.html.erb (2.5ms)
  Rendering /usr/local/rvm/gems/ruby-2.5.0-ruuby/gems/actionpack-5.0.7.2/lib/action_dispatch/middleware/templates/rescues/_trace.html.erb
  Rendered /usr/local/rvm/gems/ruby-2.5.0-ruuby/gems/actionpack-5.0.7.2/lib/action_dispatch/middleware/templates/rescues/_trace.html.erb (1.4ms)
  Rendering /usr/local/rvm/gems/ruby-2.5.0-ruuby/gems/actionpack-5.0.7.2/lib/action_dispatch/middleware/templates/rescues/_request_and_response.html.erb
  Rendered /usr/local/rvm/gems/ruby-2.5.0-ruuby/gems/actionpack-5.0.7.2/lib/action_dispatch/middleware/templates/rescues/_request_and_response.html.erb (0.7ms)
  Rendered /usr/local/rvm/gems/ruby-2.5.0-ruuby/gems/actionpack-5.0.7.2/lib/action_dispatch/middleware/templates/rescues/diagnostics.html.erb within rescues/layout (14.6ms)
Started GET "/abcd" for ::1 at 2022-05-15 13:55:15 +0530
Processing by UrlController#send_to_url as HTML
  Parameters: {"short"=>"abcd"}
  [1m[36mShorthenUrl Load (0.2ms)[0m  [1m[34mSELECT  "shorthen_urls".* FROM "shorthen_urls" WHERE "shorthen_urls"."id" = ? LIMIT ?[0m  [["id", 0], ["LIMIT", 1]]
Completed 404 Not Found in 6ms (ActiveRecord: 1.0ms)


  
ActiveRecord::RecordNotFound (Couldn't find ShorthenUrl with 'id'=0):
  
app/controllers/url_controller.rb:21:in `send_to_url'
  Rendering /usr/local/rvm/gems/ruby-2.5.0-ruuby/gems/actionpack-5.0.7.2/lib/action_dispatch/middleware/templates/rescues/diagnostics.html.erb within rescues/layout
  Rendering /usr/local/rvm/gems/ruby-2.5.0-ruuby/gems/actionpack-5.0.7.2/lib/action_dispatch/middleware/templates/rescues/_source.html.erb
  Rendered /usr/local/rvm/gems/ruby-2.5.0-ruuby/gems/actionpack-5.0.7.2/lib/action_dispatch/middleware/templates/rescues/_source.html.erb (2.5ms)
  Rendering /usr/local/rvm/gems/ruby-2.5.0-ruuby/gems/actionpack-5.0.7.2/lib/action_dispatch/middleware/templates/rescues/_trace.html.erb
  Rendered /usr/local/rvm/gems/ruby-2.5.0-ruuby/gems/actionpack-5.0.7.2/lib/action_dispatch/middleware/templates/rescues/_trace.html.erb (1.0ms)
  Rendering /usr/local/rvm/gems/ruby-2.5.0-ruuby/gems/actionpack-5.0.7.2/lib/action_dispatch/middleware/templates/rescues/_request_and_response.html.erb
  Rendered /usr/local/rvm/gems/ruby-2.5.0-ruuby/gems/actionpack-5.0.7.2/lib/action_dispatch/middleware/templates/rescues/_request_and_response.html.erb (0.9ms)
  Rendered /usr/local/rvm/gems/ruby-2.5.0-ruuby/gems/actionpack-5.0.7.2/lib/action_dispatch/middleware/templates/rescues/diagnostics.html.erb within rescues/layout (15.8ms)
Started GET "/" for ::1 at 2022-05-15 13:56:54 +0530
  [1m[36mActiveRecord::SchemaMigration Load (0.1ms)[0m  [1m[34mSELECT "schema_migrations".* FROM "schema_migrations"[0m
Processing by UrlController#shorthen_url as HTML
  Rendering url/shorthen_url.html.erb within layouts/application
  Rendered url/shorthen_url.html.erb within layouts/application (3.8ms)
Completed 200 OK in 118ms (Views: 113.8ms | ActiveRecord: 0.0ms)


Started GET "/url/customize_url/?og_url=https%3A%2F%2Fwww.startuprocket.com%2Farticles%2Fhow-to-build-a-simple-email-sign-up-form-with-ruby-on-rails" for ::1 at 2022-05-15 13:57:10 +0530
Processing by UrlController#customize_url as */*
  Parameters: {"og_url"=>"https://www.startuprocket.com/articles/how-to-build-a-simple-email-sign-up-form-with-ruby-on-rails"}
  [1m[36mShorthenUrl Load (0.1ms)[0m  [1m[34mSELECT  "shorthen_urls".* FROM "shorthen_urls" WHERE "shorthen_urls"."original_url" = ? LIMIT ?[0m  [["original_url", "https://www.startuprocket.com/articles/how-to-build-a-simple-email-sign-up-form-with-ruby-on-rails"], ["LIMIT", 1]]
  [1m[35m (0.0ms)[0m  [1m[36mbegin transaction[0m
  [1m[35mSQL (0.4ms)[0m  [1m[32mINSERT INTO "shorthen_urls" ("original_url", "created_at", "updated_at") VALUES (?, ?, ?)[0m  [["original_url", "https://www.startuprocket.com/articles/how-to-build-a-simple-email-sign-up-form-with-ruby-on-rails"], ["created_at", "2022-05-15 08:27:10.405424"], ["updated_at", "2022-05-15 08:27:10.405424"]]
  [1m[35m (6.9ms)[0m  [1m[36mcommit transaction[0m
Completed 500 Internal Server Error in 18ms (ActiveRecord: 8.0ms)


  
TypeError (no implicit conversion of Integer into String):
  
app/controllers/url_controller.rb:12:in `+'
app/controllers/url_controller.rb:12:in `customize_url'
  Rendering /usr/local/rvm/gems/ruby-2.5.0-ruuby/gems/actionpack-5.0.7.2/lib/action_dispatch/middleware/templates/rescues/diagnostics.text.erb
  Rendering /usr/local/rvm/gems/ruby-2.5.0-ruuby/gems/actionpack-5.0.7.2/lib/action_dispatch/middleware/templates/rescues/_source.text.erb
  Rendered /usr/local/rvm/gems/ruby-2.5.0-ruuby/gems/actionpack-5.0.7.2/lib/action_dispatch/middleware/templates/rescues/_source.text.erb (0.6ms)
  Rendering /usr/local/rvm/gems/ruby-2.5.0-ruuby/gems/actionpack-5.0.7.2/lib/action_dispatch/middleware/templates/rescues/_trace.text.erb
  Rendered /usr/local/rvm/gems/ruby-2.5.0-ruuby/gems/actionpack-5.0.7.2/lib/action_dispatch/middleware/templates/rescues/_trace.text.erb (2.0ms)
  Rendering /usr/local/rvm/gems/ruby-2.5.0-ruuby/gems/actionpack-5.0.7.2/lib/action_dispatch/middleware/templates/rescues/_request_and_response.text.erb
  Rendered /usr/local/rvm/gems/ruby-2.5.0-ruuby/gems/actionpack-5.0.7.2/lib/action_dispatch/middleware/templates/rescues/_request_and_response.text.erb (0.6ms)
  Rendered /usr/local/rvm/gems/ruby-2.5.0-ruuby/gems/actionpack-5.0.7.2/lib/action_dispatch/middleware/templates/rescues/diagnostics.text.erb (12.4ms)
Started GET "/url/customize_url/?og_url=https%3A%2F%2Fwww.startuprocket.com%2Farticles%2Fhow-to-build-a-simple-email-sign-up-form-with-ruby-on-rails" for ::1 at 2022-05-15 13:57:45 +0530
Started GET "/" for ::1 at 2022-05-15 13:57:55 +0530
Processing by UrlController#customize_url as */*
  Parameters: {"og_url"=>"https://www.startuprocket.com/articles/how-to-build-a-simple-email-sign-up-form-with-ruby-on-rails"}
  [1m[36mShorthenUrl Load (0.1ms)[0m  [1m[34mSELECT  "shorthen_urls".* FROM "shorthen_urls" WHERE "shorthen_urls"."original_url" = ? LIMIT ?[0m  [["original_url", "https://www.startuprocket.com/articles/how-to-build-a-simple-email-sign-up-form-with-ruby-on-rails"], ["LIMIT", 1]]
  [1m[35m (0.0ms)[0m  [1m[36mbegin transaction[0m
  [1m[35mSQL (0.2ms)[0m  [1m[33mUPDATE "shorthen_urls" SET "short_url" = ?, "updated_at" = ? WHERE "shorthen_urls"."id" = ?[0m  [["short_url", "http://localhost:3000/3"], ["updated_at", "2022-05-15 08:27:55.643736"], ["id", 3]]
  [1m[35m (9.2ms)[0m  [1m[36mcommit transaction[0m
No template found for UrlController#customize_url, rendering head :no_content
Completed 204 No Content in 31ms (ActiveRecord: 10.3ms)


Processing by UrlController#shorthen_url as HTML
  Rendering url/shorthen_url.html.erb within layouts/application
  Rendered url/shorthen_url.html.erb within layouts/application (0.8ms)
Completed 200 OK in 16ms (Views: 14.0ms | ActiveRecord: 0.0ms)


Started GET "/url/customize_url/?og_url=https%3A%2F%2Fwww.startuprocket.com%2Farticles%2Fhow-to-build-a-simple-email-sign-up-form-with-ruby-on-rails" for ::1 at 2022-05-15 13:57:59 +0530
Processing by UrlController#customize_url as */*
  Parameters: {"og_url"=>"https://www.startuprocket.com/articles/how-to-build-a-simple-email-sign-up-form-with-ruby-on-rails"}
  [1m[36mShorthenUrl Load (0.1ms)[0m  [1m[34mSELECT  "shorthen_urls".* FROM "shorthen_urls" WHERE "shorthen_urls"."original_url" = ? LIMIT ?[0m  [["original_url", "https://www.startuprocket.com/articles/how-to-build-a-simple-email-sign-up-form-with-ruby-on-rails"], ["LIMIT", 1]]
No template found for UrlController#customize_url, rendering head :no_content
Completed 204 No Content in 14ms (ActiveRecord: 0.6ms)


Started GET "/3" for ::1 at 2022-05-15 13:58:22 +0530
  [1m[36mActiveRecord::SchemaMigration Load (0.2ms)[0m  [1m[34mSELECT "schema_migrations".* FROM "schema_migrations"[0m
Processing by UrlController#send_to_url as HTML
  Parameters: {"short"=>"3"}
  [1m[36mShorthenUrl Load (0.1ms)[0m  [1m[34mSELECT  "shorthen_urls".* FROM "shorthen_urls" WHERE "shorthen_urls"."id" = ? LIMIT ?[0m  [["id", 3], ["LIMIT", 1]]
Redirected to https://www.startuprocket.com/articles/how-to-build-a-simple-email-sign-up-form-with-ruby-on-rails
Completed 302 Found in 20ms (ActiveRecord: 0.6ms)


Started GET "/" for ::1 at 2022-05-15 14:08:35 +0530
Processing by UrlController#shorthen_url as HTML
  Rendering url/shorthen_url.html.erb within layouts/application
  Rendered url/shorthen_url.html.erb within layouts/application (1.8ms)
Completed 200 OK in 223ms (Views: 213.0ms | ActiveRecord: 0.0ms)


Started GET "/" for ::1 at 2022-05-15 14:09:02 +0530
  [1m[36mActiveRecord::SchemaMigration Load (0.3ms)[0m  [1m[34mSELECT "schema_migrations".* FROM "schema_migrations"[0m
Processing by UrlController#shorthen_url as HTML
  Rendering url/shorthen_url.html.erb within layouts/application
  Rendered url/shorthen_url.html.erb within layouts/application (4.0ms)
Completed 200 OK in 130ms (Views: 125.2ms | ActiveRecord: 0.0ms)


Started GET "/url/customize_url/?og_url=https%3A%2F%2Fwww.youtube.com%2Fwatch%3Fv%3D90EznZ-PXlE" for ::1 at 2022-05-15 14:09:06 +0530
Processing by UrlController#customize_url as */*
  Parameters: {"og_url"=>"https://www.youtube.com/watch?v=90EznZ-PXlE"}
  [1m[36mShorthenUrl Load (0.1ms)[0m  [1m[34mSELECT  "shorthen_urls".* FROM "shorthen_urls" WHERE "shorthen_urls"."original_url" = ? LIMIT ?[0m  [["original_url", "https://www.youtube.com/watch?v=90EznZ-PXlE"], ["LIMIT", 1]]
  [1m[35m (0.0ms)[0m  [1m[36mbegin transaction[0m
  [1m[35mSQL (0.6ms)[0m  [1m[32mINSERT INTO "shorthen_urls" ("original_url", "created_at", "updated_at") VALUES (?, ?, ?)[0m  [["original_url", "https://www.youtube.com/watch?v=90EznZ-PXlE"], ["created_at", "2022-05-15 08:39:06.889946"], ["updated_at", "2022-05-15 08:39:06.889946"]]
  [1m[35m (6.4ms)[0m  [1m[36mcommit transaction[0m
  [1m[35m (0.1ms)[0m  [1m[36mbegin transaction[0m
  [1m[35mSQL (0.2ms)[0m  [1m[33mUPDATE "shorthen_urls" SET "short_url" = ?, "expire_at" = ?, "updated_at" = ? WHERE "shorthen_urls"."id" = ?[0m  [["short_url", "http://localhost:3000/4"], ["expire_at", "2022-06-14 08:39:06.897846"], ["updated_at", "2022-05-15 08:39:06.898464"], ["id", 4]]
  [1m[35m (3.3ms)[0m  [1m[36mcommit transaction[0m
Completed 200 OK in 21ms (Views: 0.3ms | ActiveRecord: 11.0ms)


Started GET "/url/customize_url/?og_url=https%3A%2F%2Fwww.youtube.com%2Fwatch%3Fv%3D90EznZ-PXlE" for ::1 at 2022-05-15 14:09:52 +0530
Processing by UrlController#customize_url as */*
  Parameters: {"og_url"=>"https://www.youtube.com/watch?v=90EznZ-PXlE"}
  [1m[36mShorthenUrl Load (0.1ms)[0m  [1m[34mSELECT  "shorthen_urls".* FROM "shorthen_urls" WHERE "shorthen_urls"."original_url" = ? LIMIT ?[0m  [["original_url", "https://www.youtube.com/watch?v=90EznZ-PXlE"], ["LIMIT", 1]]
No template found for UrlController#customize_url, rendering head :no_content
Completed 204 No Content in 10ms (ActiveRecord: 0.1ms)


Started GET "/url/customize_url/?og_url=https%3A%2F%2Fwww.youtube.com%2Fwatch%3Fv%3D90EznZ-PXlE" for ::1 at 2022-05-15 14:10:15 +0530
Processing by UrlController#customize_url as */*
  Parameters: {"og_url"=>"https://www.youtube.com/watch?v=90EznZ-PXlE"}
  [1m[36mShorthenUrl Load (0.2ms)[0m  [1m[34mSELECT  "shorthen_urls".* FROM "shorthen_urls" WHERE "shorthen_urls"."original_url" = ? LIMIT ?[0m  [["original_url", "https://www.youtube.com/watch?v=90EznZ-PXlE"], ["LIMIT", 1]]
No template found for UrlController#customize_url, rendering head :no_content
Completed 204 No Content in 15ms (ActiveRecord: 0.2ms)


Started GET "/url/customize_url/?og_url=https%3A%2F%2Fwww.youtube.com%2Fwatch%3Fv%3D90EznZ-PXlE" for ::1 at 2022-05-15 14:10:41 +0530
Processing by UrlController#customize_url as */*
  Parameters: {"og_url"=>"https://www.youtube.com/watch?v=90EznZ-PXlE"}
  [1m[36mShorthenUrl Load (0.2ms)[0m  [1m[34mSELECT  "shorthen_urls".* FROM "shorthen_urls" WHERE "shorthen_urls"."original_url" = ? LIMIT ?[0m  [["original_url", "https://www.youtube.com/watch?v=90EznZ-PXlE"], ["LIMIT", 1]]
No template found for UrlController#customize_url, rendering head :no_content
Completed 204 No Content in 11ms (ActiveRecord: 0.2ms)


Started GET "/url/customize_url/?og_url=https%3A%2F%2Fpaper.dropbox.com%2Fdoc%2FBuild-a-URL-shortener-BdG2JwuLz5jG4ke1kf4Ye" for ::1 at 2022-05-15 14:11:35 +0530
Processing by UrlController#customize_url as */*
  Parameters: {"og_url"=>"https://paper.dropbox.com/doc/Build-a-URL-shortener-BdG2JwuLz5jG4ke1kf4Ye"}
  [1m[36mShorthenUrl Load (0.2ms)[0m  [1m[34mSELECT  "shorthen_urls".* FROM "shorthen_urls" WHERE "shorthen_urls"."original_url" = ? LIMIT ?[0m  [["original_url", "https://paper.dropbox.com/doc/Build-a-URL-shortener-BdG2JwuLz5jG4ke1kf4Ye"], ["LIMIT", 1]]
  [1m[35m (0.0ms)[0m  [1m[36mbegin transaction[0m
  [1m[35mSQL (0.3ms)[0m  [1m[32mINSERT INTO "shorthen_urls" ("original_url", "created_at", "updated_at") VALUES (?, ?, ?)[0m  [["original_url", "https://paper.dropbox.com/doc/Build-a-URL-shortener-BdG2JwuLz5jG4ke1kf4Ye"], ["created_at", "2022-05-15 08:41:35.632786"], ["updated_at", "2022-05-15 08:41:35.632786"]]
  [1m[35m (7.3ms)[0m  [1m[36mcommit transaction[0m
  [1m[35m (0.1ms)[0m  [1m[36mbegin transaction[0m
  [1m[35mSQL (0.3ms)[0m  [1m[33mUPDATE "shorthen_urls" SET "short_url" = ?, "expire_at" = ?, "updated_at" = ? WHERE "shorthen_urls"."id" = ?[0m  [["short_url", "http://localhost:3000/5"], ["expire_at", "2022-06-14 08:41:35.642271"], ["updated_at", "2022-05-15 08:41:35.642929"], ["id", 5]]
  [1m[35m (6.1ms)[0m  [1m[36mcommit transaction[0m
Completed 200 OK in 23ms (Views: 0.6ms | ActiveRecord: 14.2ms)


Started GET "/" for ::1 at 2022-05-15 14:16:02 +0530
Processing by UrlController#shorthen_url as HTML
  Rendering url/shorthen_url.html.erb within layouts/application
  Rendered url/shorthen_url.html.erb within layouts/application (0.4ms)
Completed 200 OK in 68ms (Views: 67.1ms | ActiveRecord: 0.0ms)


Started GET "/url/customize_url/?og_url=https%3A%2F%2Fpaper.dropbox.com%2Fdoc%2FBuild-a-URL-shortener-BdG2JwuLz5jG4ke1kf4Ye" for ::1 at 2022-05-15 14:16:11 +0530
Processing by UrlController#customize_url as */*
  Parameters: {"og_url"=>"https://paper.dropbox.com/doc/Build-a-URL-shortener-BdG2JwuLz5jG4ke1kf4Ye"}
  [1m[36mShorthenUrl Load (0.1ms)[0m  [1m[34mSELECT  "shorthen_urls".* FROM "shorthen_urls" WHERE "shorthen_urls"."original_url" = ? LIMIT ?[0m  [["original_url", "https://paper.dropbox.com/doc/Build-a-URL-shortener-BdG2JwuLz5jG4ke1kf4Ye"], ["LIMIT", 1]]
No template found for UrlController#customize_url, rendering head :no_content
Completed 204 No Content in 18ms (ActiveRecord: 0.1ms)


Started GET "/" for ::1 at 2022-05-15 14:17:49 +0530
Processing by UrlController#shorthen_url as HTML
  Rendering url/shorthen_url.html.erb within layouts/application
  Rendered url/shorthen_url.html.erb within layouts/application (0.6ms)
Completed 200 OK in 57ms (Views: 56.0ms | ActiveRecord: 0.0ms)


Started GET "/" for ::1 at 2022-05-15 14:17:59 +0530
  [1m[36mActiveRecord::SchemaMigration Load (0.2ms)[0m  [1m[34mSELECT "schema_migrations".* FROM "schema_migrations"[0m
Processing by UrlController#shorthen_url as HTML
  Rendering url/shorthen_url.html.erb within layouts/application
  Rendered url/shorthen_url.html.erb within layouts/application (3.9ms)
Completed 200 OK in 164ms (Views: 157.3ms | ActiveRecord: 0.0ms)


Started GET "/url/customize_url/?og_url=https%3A%2F%2Fstackoverflow.com%2Fquestions%2F17350837%2Fruby-on-rails-add-gem-sqlite3-to-your-gemfile" for ::1 at 2022-05-15 14:18:17 +0530
Processing by UrlController#customize_url as */*
  Parameters: {"og_url"=>"https://stackoverflow.com/questions/17350837/ruby-on-rails-add-gem-sqlite3-to-your-gemfile"}
  [1m[36mShorthenUrl Load (0.1ms)[0m  [1m[34mSELECT  "shorthen_urls".* FROM "shorthen_urls" WHERE "shorthen_urls"."original_url" = ? LIMIT ?[0m  [["original_url", "https://stackoverflow.com/questions/17350837/ruby-on-rails-add-gem-sqlite3-to-your-gemfile"], ["LIMIT", 1]]
  [1m[35m (0.1ms)[0m  [1m[36mbegin transaction[0m
  [1m[35mSQL (0.4ms)[0m  [1m[32mINSERT INTO "shorthen_urls" ("original_url", "created_at", "updated_at") VALUES (?, ?, ?)[0m  [["original_url", "https://stackoverflow.com/questions/17350837/ruby-on-rails-add-gem-sqlite3-to-your-gemfile"], ["created_at", "2022-05-15 08:48:17.145812"], ["updated_at", "2022-05-15 08:48:17.145812"]]
  [1m[35m (6.7ms)[0m  [1m[36mcommit transaction[0m
  [1m[35m (0.1ms)[0m  [1m[36mbegin transaction[0m
  [1m[35mSQL (0.3ms)[0m  [1m[33mUPDATE "shorthen_urls" SET "short_url" = ?, "expire_at" = ?, "updated_at" = ? WHERE "shorthen_urls"."id" = ?[0m  [["short_url", "http://localhost:3000/6"], ["expire_at", "2022-06-14 08:48:17.155606"], ["updated_at", "2022-05-15 08:48:17.156696"], ["id", 6]]
  [1m[35m (3.7ms)[0m  [1m[36mcommit transaction[0m
Completed 200 OK in 23ms (Views: 0.2ms | ActiveRecord: 12.0ms)


Started GET "/" for ::1 at 2022-05-15 14:20:19 +0530
Processing by UrlController#shorthen_url as HTML
  Rendering url/shorthen_url.html.erb within layouts/application
  Rendered url/shorthen_url.html.erb within layouts/application (0.5ms)
Completed 200 OK in 16ms (Views: 14.8ms | ActiveRecord: 0.0ms)


Started GET "/" for ::1 at 2022-05-15 14:21:07 +0530
Processing by UrlController#shorthen_url as HTML
  Rendering url/shorthen_url.html.erb within layouts/application
  Rendered url/shorthen_url.html.erb within layouts/application (0.4ms)
Completed 200 OK in 56ms (Views: 55.3ms | ActiveRecord: 0.0ms)


Started GET "/url/customize_url/?og_url=%24(%22.label-show%22)" for ::1 at 2022-05-15 14:21:15 +0530
Processing by UrlController#customize_url as */*
  Parameters: {"og_url"=>"$(\".label-show\")"}
  [1m[36mShorthenUrl Load (0.1ms)[0m  [1m[34mSELECT  "shorthen_urls".* FROM "shorthen_urls" WHERE "shorthen_urls"."original_url" = ? LIMIT ?[0m  [["original_url", "$(\".label-show\")"], ["LIMIT", 1]]
  [1m[35m (0.0ms)[0m  [1m[36mbegin transaction[0m
  [1m[35mSQL (1.0ms)[0m  [1m[32mINSERT INTO "shorthen_urls" ("original_url", "created_at", "updated_at") VALUES (?, ?, ?)[0m  [["original_url", "$(\".label-show\")"], ["created_at", "2022-05-15 08:51:15.458932"], ["updated_at", "2022-05-15 08:51:15.458932"]]
  [1m[35m (6.2ms)[0m  [1m[36mcommit transaction[0m
  [1m[35m (0.1ms)[0m  [1m[36mbegin transaction[0m
  [1m[35mSQL (0.3ms)[0m  [1m[33mUPDATE "shorthen_urls" SET "short_url" = ?, "expire_at" = ?, "updated_at" = ? WHERE "shorthen_urls"."id" = ?[0m  [["short_url", "http://localhost:3000/7"], ["expire_at", "2022-06-14 08:51:15.467683"], ["updated_at", "2022-05-15 08:51:15.468586"], ["id", 7]]
  [1m[35m (3.2ms)[0m  [1m[36mcommit transaction[0m
Completed 200 OK in 16ms (Views: 0.2ms | ActiveRecord: 10.9ms)


Started GET "/url/customize_url/?og_url=%24(%22.label-show%22)" for ::1 at 2022-05-15 14:54:58 +0530
Processing by UrlController#customize_url as */*
  Parameters: {"og_url"=>"$(\".label-show\")"}
  [1m[36mShorthenUrl Load (0.1ms)[0m  [1m[34mSELECT  "shorthen_urls".* FROM "shorthen_urls" WHERE "shorthen_urls"."original_url" = ? LIMIT ?[0m  [["original_url", "$(\".label-show\")"], ["LIMIT", 1]]
Completed 200 OK in 1ms (Views: 0.2ms | ActiveRecord: 0.1ms)


Started GET "/" for ::1 at 2022-05-15 14:55:28 +0530
Processing by UrlController#shorthen_url as HTML
  Rendering url/shorthen_url.html.erb within layouts/application
  Rendered url/shorthen_url.html.erb within layouts/application (0.5ms)
Completed 200 OK in 74ms (Views: 73.7ms | ActiveRecord: 0.0ms)


Started GET "/url/customize_url/?og_url=%24(%22.label-show%22)" for ::1 at 2022-05-15 14:55:37 +0530
Processing by UrlController#customize_url as */*
  Parameters: {"og_url"=>"$(\".label-show\")"}
  [1m[36mShorthenUrl Load (0.1ms)[0m  [1m[34mSELECT  "shorthen_urls".* FROM "shorthen_urls" WHERE "shorthen_urls"."original_url" = ? LIMIT ?[0m  [["original_url", "$(\".label-show\")"], ["LIMIT", 1]]
Completed 200 OK in 2ms (Views: 0.1ms | ActiveRecord: 0.1ms)


Started GET "/" for ::1 at 2022-05-15 15:00:40 +0530
Processing by UrlController#shorthen_url as HTML
  Rendering url/shorthen_url.html.erb within layouts/application
  Rendered url/shorthen_url.html.erb within layouts/application (0.4ms)
Completed 200 OK in 37ms (Views: 36.0ms | ActiveRecord: 0.0ms)


Started GET "/url/customize_url/?og_url=http%3A%2F%2Flocalhost%3A3000%2Fadmin%2Fcommodity_attributes%2Fnew" for ::1 at 2022-05-15 15:01:01 +0530
Processing by UrlController#customize_url as */*
  Parameters: {"og_url"=>"http://localhost:3000/admin/commodity_attributes/new"}
  [1m[36mShorthenUrl Load (0.1ms)[0m  [1m[34mSELECT  "shorthen_urls".* FROM "shorthen_urls" WHERE "shorthen_urls"."original_url" = ? LIMIT ?[0m  [["original_url", "http://localhost:3000/admin/commodity_attributes/new"], ["LIMIT", 1]]
  [1m[35m (0.1ms)[0m  [1m[36mbegin transaction[0m
  [1m[35mSQL (6.1ms)[0m  [1m[32mINSERT INTO "shorthen_urls" ("original_url", "created_at", "updated_at") VALUES (?, ?, ?)[0m  [["original_url", "http://localhost:3000/admin/commodity_attributes/new"], ["created_at", "2022-05-15 09:31:01.200986"], ["updated_at", "2022-05-15 09:31:01.200986"]]
  [1m[35m (4.7ms)[0m  [1m[36mcommit transaction[0m
  [1m[35m (0.1ms)[0m  [1m[36mbegin transaction[0m
  [1m[35mSQL (0.3ms)[0m  [1m[33mUPDATE "shorthen_urls" SET "short_url" = ?, "expire_at" = ?, "updated_at" = ? WHERE "shorthen_urls"."id" = ?[0m  [["short_url", "http://localhost:3000/8"], ["expire_at", "2022-06-14 00:00:00"], ["updated_at", "2022-05-15 09:31:01.215044"], ["id", 8]]
  [1m[35m (4.4ms)[0m  [1m[36mcommit transaction[0m
Completed 200 OK in 30ms (Views: 0.4ms | ActiveRecord: 16.5ms)


Started GET "/8" for ::1 at 2022-05-15 15:01:27 +0530
Processing by UrlController#send_to_url as HTML
  Parameters: {"short"=>"8"}
  [1m[36mShorthenUrl Load (0.3ms)[0m  [1m[34mSELECT  "shorthen_urls".* FROM "shorthen_urls" WHERE (id = 8, expire_at < '2022-05-15') LIMIT ?[0m  [["LIMIT", 1]]
Completed 500 Internal Server Error in 2ms (ActiveRecord: 0.3ms)


  
ActiveRecord::StatementInvalid (SQLite3::SQLException: row value misused: SELECT  "shorthen_urls".* FROM "shorthen_urls" WHERE (id = 8, expire_at < '2022-05-15') LIMIT ?):
  
app/controllers/url_controller.rb:21:in `send_to_url'
  Rendering /usr/local/rvm/gems/ruby-2.5.0-ruuby/gems/actionpack-5.0.7.2/lib/action_dispatch/middleware/templates/rescues/diagnostics.html.erb within rescues/layout
  Rendering /usr/local/rvm/gems/ruby-2.5.0-ruuby/gems/actionpack-5.0.7.2/lib/action_dispatch/middleware/templates/rescues/_source.html.erb
  Rendered /usr/local/rvm/gems/ruby-2.5.0-ruuby/gems/actionpack-5.0.7.2/lib/action_dispatch/middleware/templates/rescues/_source.html.erb (4.3ms)
  Rendering /usr/local/rvm/gems/ruby-2.5.0-ruuby/gems/actionpack-5.0.7.2/lib/action_dispatch/middleware/templates/rescues/_trace.html.erb
  Rendered /usr/local/rvm/gems/ruby-2.5.0-ruuby/gems/actionpack-5.0.7.2/lib/action_dispatch/middleware/templates/rescues/_trace.html.erb (2.0ms)
  Rendering /usr/local/rvm/gems/ruby-2.5.0-ruuby/gems/actionpack-5.0.7.2/lib/action_dispatch/middleware/templates/rescues/_request_and_response.html.erb
  Rendered /usr/local/rvm/gems/ruby-2.5.0-ruuby/gems/actionpack-5.0.7.2/lib/action_dispatch/middleware/templates/rescues/_request_and_response.html.erb (1.2ms)
  Rendered /usr/local/rvm/gems/ruby-2.5.0-ruuby/gems/actionpack-5.0.7.2/lib/action_dispatch/middleware/templates/rescues/diagnostics.html.erb within rescues/layout (23.2ms)
Started GET "/8" for ::1 at 2022-05-15 15:02:49 +0530
Processing by UrlController#send_to_url as HTML
  Parameters: {"short"=>"8"}
  [1m[36mShorthenUrl Load (0.6ms)[0m  [1m[34mSELECT  "shorthen_urls".* FROM "shorthen_urls" WHERE (id = 8 ANDexpire_at < '2022-05-15') LIMIT ?[0m  [["LIMIT", 1]]
Completed 500 Internal Server Error in 4ms (ActiveRecord: 0.6ms)


  
ActiveRecord::StatementInvalid (SQLite3::SQLException: near "ANDexpire_at": syntax error: SELECT  "shorthen_urls".* FROM "shorthen_urls" WHERE (id = 8 ANDexpire_at < '2022-05-15') LIMIT ?):
  
app/controllers/url_controller.rb:21:in `send_to_url'
  Rendering /usr/local/rvm/gems/ruby-2.5.0-ruuby/gems/actionpack-5.0.7.2/lib/action_dispatch/middleware/templates/rescues/diagnostics.html.erb within rescues/layout
  Rendering /usr/local/rvm/gems/ruby-2.5.0-ruuby/gems/actionpack-5.0.7.2/lib/action_dispatch/middleware/templates/rescues/_source.html.erb
  Rendered /usr/local/rvm/gems/ruby-2.5.0-ruuby/gems/actionpack-5.0.7.2/lib/action_dispatch/middleware/templates/rescues/_source.html.erb (3.0ms)
  Rendering /usr/local/rvm/gems/ruby-2.5.0-ruuby/gems/actionpack-5.0.7.2/lib/action_dispatch/middleware/templates/rescues/_trace.html.erb
  Rendered /usr/local/rvm/gems/ruby-2.5.0-ruuby/gems/actionpack-5.0.7.2/lib/action_dispatch/middleware/templates/rescues/_trace.html.erb (1.4ms)
  Rendering /usr/local/rvm/gems/ruby-2.5.0-ruuby/gems/actionpack-5.0.7.2/lib/action_dispatch/middleware/templates/rescues/_request_and_response.html.erb
  Rendered /usr/local/rvm/gems/ruby-2.5.0-ruuby/gems/actionpack-5.0.7.2/lib/action_dispatch/middleware/templates/rescues/_request_and_response.html.erb (0.7ms)
  Rendered /usr/local/rvm/gems/ruby-2.5.0-ruuby/gems/actionpack-5.0.7.2/lib/action_dispatch/middleware/templates/rescues/diagnostics.html.erb within rescues/layout (16.8ms)
Started GET "/8" for ::1 at 2022-05-15 15:03:13 +0530
Processing by UrlController#send_to_url as HTML
  Parameters: {"short"=>"8"}
  [1m[36mShorthenUrl Load (0.4ms)[0m  [1m[34mSELECT  "shorthen_urls".* FROM "shorthen_urls" WHERE (id = 8 AND expire_at < '2022-05-15') LIMIT ?[0m  [["LIMIT", 1]]
Redirected to http://localhost:3000/
Completed 302 Found in 4ms (ActiveRecord: 0.6ms)


Started GET "/" for ::1 at 2022-05-15 15:03:13 +0530
Processing by UrlController#shorthen_url as HTML
  Rendering url/shorthen_url.html.erb within layouts/application
  Rendered url/shorthen_url.html.erb within layouts/application (0.4ms)
Completed 200 OK in 15ms (Views: 13.1ms | ActiveRecord: 0.0ms)


Started GET "/8" for ::1 at 2022-05-15 15:04:48 +0530
Processing by UrlController#send_to_url as HTML
  Parameters: {"short"=>"8"}
  [1m[36mShorthenUrl Load (0.2ms)[0m  [1m[34mSELECT  "shorthen_urls".* FROM "shorthen_urls" WHERE (id = 8 AND expire_at < '2022-05-15') LIMIT ?[0m  [["LIMIT", 1]]
Completed 404 Not Found in 3ms (ActiveRecord: 0.4ms)


  
ActionController::RoutingError (Not Found):
  
app/controllers/url_controller.rb:27:in `send_to_url'
  Rendering /usr/local/rvm/gems/ruby-2.5.0-ruuby/gems/actionpack-5.0.7.2/lib/action_dispatch/middleware/templates/rescues/routing_error.html.erb within rescues/layout
  Rendering /usr/local/rvm/gems/ruby-2.5.0-ruuby/gems/actionpack-5.0.7.2/lib/action_dispatch/middleware/templates/rescues/_trace.html.erb
  Rendered /usr/local/rvm/gems/ruby-2.5.0-ruuby/gems/actionpack-5.0.7.2/lib/action_dispatch/middleware/templates/rescues/_trace.html.erb (1.2ms)
  Rendered collection of /usr/local/rvm/gems/ruby-2.5.0-ruuby/gems/actionpack-5.0.7.2/lib/action_dispatch/middleware/templates/routes/_route.html.erb [3 times] (1.3ms)
  Rendered /usr/local/rvm/gems/ruby-2.5.0-ruuby/gems/actionpack-5.0.7.2/lib/action_dispatch/middleware/templates/routes/_table.html.erb (4.6ms)
  Rendering /usr/local/rvm/gems/ruby-2.5.0-ruuby/gems/actionpack-5.0.7.2/lib/action_dispatch/middleware/templates/rescues/_request_and_response.html.erb
  Rendered /usr/local/rvm/gems/ruby-2.5.0-ruuby/gems/actionpack-5.0.7.2/lib/action_dispatch/middleware/templates/rescues/_request_and_response.html.erb (0.7ms)
  Rendered /usr/local/rvm/gems/ruby-2.5.0-ruuby/gems/actionpack-5.0.7.2/lib/action_dispatch/middleware/templates/rescues/routing_error.html.erb within rescues/layout (19.8ms)
Started GET "/8" for ::1 at 2022-05-15 15:05:24 +0530
Processing by UrlController#send_to_url as HTML
  Parameters: {"short"=>"8"}
  [1m[36mShorthenUrl Load (0.5ms)[0m  [1m[34mSELECT  "shorthen_urls".* FROM "shorthen_urls" WHERE (id = 8 AND expire_at < '2022-05-15') LIMIT ?[0m  [["LIMIT", 1]]
Completed 404 Not Found in 6ms (ActiveRecord: 0.7ms)


  
ActionController::RoutingError (404 Not Found):
  
app/controllers/url_controller.rb:27:in `send_to_url'
  Rendering /usr/local/rvm/gems/ruby-2.5.0-ruuby/gems/actionpack-5.0.7.2/lib/action_dispatch/middleware/templates/rescues/routing_error.html.erb within rescues/layout
  Rendering /usr/local/rvm/gems/ruby-2.5.0-ruuby/gems/actionpack-5.0.7.2/lib/action_dispatch/middleware/templates/rescues/_trace.html.erb
  Rendered /usr/local/rvm/gems/ruby-2.5.0-ruuby/gems/actionpack-5.0.7.2/lib/action_dispatch/middleware/templates/rescues/_trace.html.erb (1.9ms)
  Rendered collection of /usr/local/rvm/gems/ruby-2.5.0-ruuby/gems/actionpack-5.0.7.2/lib/action_dispatch/middleware/templates/routes/_route.html.erb [3 times] (1.3ms)
  Rendered /usr/local/rvm/gems/ruby-2.5.0-ruuby/gems/actionpack-5.0.7.2/lib/action_dispatch/middleware/templates/routes/_table.html.erb (0.9ms)
  Rendering /usr/local/rvm/gems/ruby-2.5.0-ruuby/gems/actionpack-5.0.7.2/lib/action_dispatch/middleware/templates/rescues/_request_and_response.html.erb
  Rendered /usr/local/rvm/gems/ruby-2.5.0-ruuby/gems/actionpack-5.0.7.2/lib/action_dispatch/middleware/templates/rescues/_request_and_response.html.erb (0.8ms)
  Rendered /usr/local/rvm/gems/ruby-2.5.0-ruuby/gems/actionpack-5.0.7.2/lib/action_dispatch/middleware/templates/rescues/routing_error.html.erb within rescues/layout (17.4ms)
Started GET "/8" for ::1 at 2022-05-15 15:05:46 +0530
Processing by UrlController#send_to_url as HTML
  Parameters: {"short"=>"8"}
  [1m[36mShorthenUrl Load (0.2ms)[0m  [1m[34mSELECT  "shorthen_urls".* FROM "shorthen_urls" WHERE (id = 8 AND expire_at > '2022-05-15') LIMIT ?[0m  [["LIMIT", 1]]
Redirected to http://localhost:3000/admin/commodity_attributes/new
Completed 302 Found in 6ms (ActiveRecord: 0.5ms)


Started GET "/admin/commodity_attributes/new" for ::1 at 2022-05-15 15:05:46 +0530
  
ActionController::RoutingError (No route matches [GET] "/admin/commodity_attributes/new"):
  
actionpack (5.0.7.2) lib/action_dispatch/middleware/debug_exceptions.rb:53:in `call'
web-console (3.7.0) lib/web_console/middleware.rb:135:in `call_app'
web-console (3.7.0) lib/web_console/middleware.rb:30:in `block in call'
web-console (3.7.0) lib/web_console/middleware.rb:20:in `catch'
web-console (3.7.0) lib/web_console/middleware.rb:20:in `call'
actionpack (5.0.7.2) lib/action_dispatch/middleware/show_exceptions.rb:31:in `call'
railties (5.0.7.2) lib/rails/rack/logger.rb:36:in `call_app'
railties (5.0.7.2) lib/rails/rack/logger.rb:24:in `block in call'
activesupport (5.0.7.2) lib/active_support/tagged_logging.rb:69:in `block in tagged'
activesupport (5.0.7.2) lib/active_support/tagged_logging.rb:26:in `tagged'
activesupport (5.0.7.2) lib/active_support/tagged_logging.rb:69:in `tagged'
railties (5.0.7.2) lib/rails/rack/logger.rb:24:in `call'
sprockets-rails (3.2.2) lib/sprockets/rails/quiet_assets.rb:13:in `call'
actionpack (5.0.7.2) lib/action_dispatch/middleware/request_id.rb:24:in `call'
rack (2.2.3) lib/rack/method_override.rb:24:in `call'
rack (2.2.3) lib/rack/runtime.rb:22:in `call'
activesupport (5.0.7.2) lib/active_support/cache/strategy/local_cache_middleware.rb:28:in `call'
actionpack (5.0.7.2) lib/action_dispatch/middleware/executor.rb:12:in `call'
actionpack (5.0.7.2) lib/action_dispatch/middleware/static.rb:136:in `call'
rack (2.2.3) lib/rack/sendfile.rb:110:in `call'
railties (5.0.7.2) lib/rails/engine.rb:522:in `call'
puma (3.12.6) lib/puma/configuration.rb:227:in `call'
puma (3.12.6) lib/puma/server.rb:706:in `handle_request'
puma (3.12.6) lib/puma/server.rb:476:in `process_client'
puma (3.12.6) lib/puma/server.rb:334:in `block in run'
puma (3.12.6) lib/puma/thread_pool.rb:135:in `block in spawn_thread'
  Rendering /usr/local/rvm/gems/ruby-2.5.0-ruuby/gems/actionpack-5.0.7.2/lib/action_dispatch/middleware/templates/rescues/routing_error.html.erb within rescues/layout
  Rendering /usr/local/rvm/gems/ruby-2.5.0-ruuby/gems/actionpack-5.0.7.2/lib/action_dispatch/middleware/templates/rescues/_trace.html.erb
  Rendered /usr/local/rvm/gems/ruby-2.5.0-ruuby/gems/actionpack-5.0.7.2/lib/action_dispatch/middleware/templates/rescues/_trace.html.erb (0.8ms)
  Rendered collection of /usr/local/rvm/gems/ruby-2.5.0-ruuby/gems/actionpack-5.0.7.2/lib/action_dispatch/middleware/templates/routes/_route.html.erb [3 times] (1.1ms)
  Rendered /usr/local/rvm/gems/ruby-2.5.0-ruuby/gems/actionpack-5.0.7.2/lib/action_dispatch/middleware/templates/routes/_table.html.erb (1.1ms)
  Rendering /usr/local/rvm/gems/ruby-2.5.0-ruuby/gems/actionpack-5.0.7.2/lib/action_dispatch/middleware/templates/rescues/_request_and_response.html.erb
  Rendered /usr/local/rvm/gems/ruby-2.5.0-ruuby/gems/actionpack-5.0.7.2/lib/action_dispatch/middleware/templates/rescues/_request_and_response.html.erb (2.4ms)
  Rendered /usr/local/rvm/gems/ruby-2.5.0-ruuby/gems/actionpack-5.0.7.2/lib/action_dispatch/middleware/templates/rescues/routing_error.html.erb within rescues/layout (19.1ms)
  [1m[36mActiveRecord::SchemaMigration Load (0.1ms)[0m  [1m[34mSELECT "schema_migrations".* FROM "schema_migrations"[0m
  [1m[36mActiveRecord::SchemaMigration Load (0.0ms)[0m  [1m[34mSELECT "schema_migrations".* FROM "schema_migrations"[0m
Migrating to CreateShorthenUrls (20220514072424)
  [1m[35m (0.0ms)[0m  [1m[36mbegin transaction[0m
  [1m[35m (1.5ms)[0m  [1m[35mDROP TABLE "shorthen_urls"[0m
  [1m[35mSQL (0.1ms)[0m  [1m[31mDELETE FROM "schema_migrations" WHERE "schema_migrations"."version" = ?[0m  [["version", "20220514072424"]]
  [1m[35m (4.5ms)[0m  [1m[36mcommit transaction[0m
  [1m[36mActiveRecord::SchemaMigration Load (0.0ms)[0m  [1m[34mSELECT "schema_migrations".* FROM "schema_migrations"[0m
  [1m[36mActiveRecord::SchemaMigration Load (0.1ms)[0m  [1m[34mSELECT "schema_migrations".* FROM "schema_migrations"[0m
Migrating to CreateShorthenUrls (20220514072424)
  [1m[35m (0.1ms)[0m  [1m[36mbegin transaction[0m
  [1m[35m (0.3ms)[0m  [1m[35mCREATE TABLE "shorthen_urls" ("id" INTEGER PRIMARY KEY AUTOINCREMENT NOT NULL, "short_url" varchar, "expire_at" datetime, "original_url" varchar, "no_of_clicks" integer, "top_countries" varchar, "ip_address" varchar, "user_id" integer, "created_at" datetime NOT NULL, "updated_at" datetime NOT NULL)[0m
  [1m[35m (0.0ms)[0m  [1m[34mselect sqlite_version(*)[0m
  [1m[35m (0.1ms)[0m  [1m[35mCREATE  INDEX "index_shorthen_urls_on_user_id" ON "shorthen_urls" ("user_id")[0m
  [1m[35mSQL (0.1ms)[0m  [1m[32mINSERT INTO "schema_migrations" ("version") VALUES (?)[0m  [["version", "20220514072424"]]
  [1m[35m (4.6ms)[0m  [1m[36mcommit transaction[0m
  [1m[36mActiveRecord::InternalMetadata Load (0.2ms)[0m  [1m[34mSELECT  "ar_internal_metadata".* FROM "ar_internal_metadata" WHERE "ar_internal_metadata"."key" = ? LIMIT ?[0m  [["key", "environment"], ["LIMIT", 1]]
  [1m[35m (0.1ms)[0m  [1m[36mbegin transaction[0m
  [1m[35m (0.0ms)[0m  [1m[36mcommit transaction[0m
  [1m[36mActiveRecord::SchemaMigration Load (0.1ms)[0m  [1m[34mSELECT "schema_migrations".* FROM "schema_migrations"[0m
  [1m[35m (0.0ms)[0m  [1m[34m            SELECT sql
            FROM sqlite_master
            WHERE name='index_shorthen_urls_on_user_id' AND type='index'
            UNION ALL
            SELECT sql
            FROM sqlite_temp_master
            WHERE name='index_shorthen_urls_on_user_id' AND type='index'
[0m
  [1m[36mShorthenUrl Load (0.1ms)[0m  [1m[34mSELECT  "shorthen_urls".* FROM "shorthen_urls" ORDER BY "shorthen_urls"."id" DESC LIMIT ?[0m  [["LIMIT", 1]]
  [1m[36mShorthenUrl Load (0.1ms)[0m  [1m[34mSELECT  "shorthen_urls".* FROM "shorthen_urls" ORDER BY "shorthen_urls"."id" DESC LIMIT ?[0m  [["LIMIT", 1]]
